                                      1 ;--------------------------------------------------------
                                      2 ; File Created by SDCC : free open source ANSI-C Compiler
                                      3 ; Version 3.5.0 #9253 (Mar 24 2016) (Linux)
                                      4 ; This file was generated Tue Dec 12 21:27:54 2017
                                      5 ;--------------------------------------------------------
                                      6 	.module stm8s_awu_awu_lsicalibrationconfig
                                      7 	.optsdcc -mstm8
                                      8 	
                                      9 ;--------------------------------------------------------
                                     10 ; Public variables in this module
                                     11 ;--------------------------------------------------------
                                     12 	.globl _assert_failed
                                     13 	.globl _AWU_LSICalibrationConfig
                                     14 ;--------------------------------------------------------
                                     15 ; ram data
                                     16 ;--------------------------------------------------------
                                     17 	.area DATA
                                     18 ;--------------------------------------------------------
                                     19 ; ram data
                                     20 ;--------------------------------------------------------
                                     21 	.area INITIALIZED
                                     22 ;--------------------------------------------------------
                                     23 ; absolute external ram data
                                     24 ;--------------------------------------------------------
                                     25 	.area DABS (ABS)
                                     26 ;--------------------------------------------------------
                                     27 ; global & static initialisations
                                     28 ;--------------------------------------------------------
                                     29 	.area HOME
                                     30 	.area GSINIT
                                     31 	.area GSFINAL
                                     32 	.area GSINIT
                                     33 ;--------------------------------------------------------
                                     34 ; Home
                                     35 ;--------------------------------------------------------
                                     36 	.area HOME
                                     37 	.area HOME
                                     38 ;--------------------------------------------------------
                                     39 ; code
                                     40 ;--------------------------------------------------------
                                     41 	.area CODE
                                     42 ;	/home/grytole/dev/git/stm8builder/stm8builder/stdperiph_driver/src/stm8s_awu.awu_lsicalibrationconfig.c: 61: void AWU_LSICalibrationConfig(uint32_t LSIFreqHz)
                                     43 ;	-----------------------------------------
                                     44 ;	 function AWU_LSICalibrationConfig
                                     45 ;	-----------------------------------------
      000000                         46 _AWU_LSICalibrationConfig:
      000000 52 08            [ 2]   47 	sub	sp, #8
                                     48 ;	/home/grytole/dev/git/stm8builder/stm8builder/stdperiph_driver/src/stm8s_awu.awu_lsicalibrationconfig.c: 67: assert_param(IS_LSI_FREQUENCY_OK(LSIFreqHz));
      000002 1E 0D            [ 2]   49 	ldw	x, (0x0d, sp)
      000004 A3 AD B0         [ 2]   50 	cpw	x, #0xadb0
      000007 7B 0C            [ 1]   51 	ld	a, (0x0c, sp)
      000009 A2 01            [ 1]   52 	sbc	a, #0x01
      00000B 7B 0B            [ 1]   53 	ld	a, (0x0b, sp)
      00000D A2 00            [ 1]   54 	sbc	a, #0x00
      00000F 25 0E            [ 1]   55 	jrc	00106$
      000011 AE 49 F0         [ 2]   56 	ldw	x, #0x49f0
      000014 13 0D            [ 2]   57 	cpw	x, (0x0d, sp)
      000016 A6 02            [ 1]   58 	ld	a, #0x02
      000018 12 0C            [ 1]   59 	sbc	a, (0x0c, sp)
      00001A 4F               [ 1]   60 	clr	a
      00001B 12 0B            [ 1]   61 	sbc	a, (0x0b, sp)
      00001D 24 11            [ 1]   62 	jrnc	00107$
      00001F                         63 00106$:
      00001F 90 AEr00r7A      [ 2]   64 	ldw	y, #___str_0+0
      000023 4B 43            [ 1]   65 	push	#0x43
      000025 5F               [ 1]   66 	clrw	x
      000026 89               [ 2]   67 	pushw	x
      000027 4B 00            [ 1]   68 	push	#0x00
      000029 90 89            [ 2]   69 	pushw	y
      00002B CDr00r00         [ 4]   70 	call	_assert_failed
      00002E 5B 06            [ 2]   71 	addw	sp, #6
      000030                         72 00107$:
                                     73 ;	/home/grytole/dev/git/stm8builder/stm8builder/stdperiph_driver/src/stm8s_awu.awu_lsicalibrationconfig.c: 69: lsifreqkhz = (uint16_t)(LSIFreqHz / 1000); /* Converts value in kHz */
      000030 4B E8            [ 1]   74 	push	#0xe8
      000032 4B 03            [ 1]   75 	push	#0x03
      000034 5F               [ 1]   76 	clrw	x
      000035 89               [ 2]   77 	pushw	x
      000036 1E 11            [ 2]   78 	ldw	x, (0x11, sp)
      000038 89               [ 2]   79 	pushw	x
      000039 1E 11            [ 2]   80 	ldw	x, (0x11, sp)
      00003B 89               [ 2]   81 	pushw	x
      00003C CDr00r00         [ 4]   82 	call	__divulong
      00003F 5B 08            [ 2]   83 	addw	sp, #8
      000041 1F 03            [ 2]   84 	ldw	(0x03, sp), x
                                     85 ;	/home/grytole/dev/git/stm8builder/stm8builder/stdperiph_driver/src/stm8s_awu.awu_lsicalibrationconfig.c: 73: A = (uint16_t)(lsifreqkhz >> 2U); /* Division by 4, keep integer part only */
      000043 1E 03            [ 2]   86 	ldw	x, (0x03, sp)
      000045 54               [ 2]   87 	srlw	x
      000046 54               [ 2]   88 	srlw	x
      000047 1F 01            [ 2]   89 	ldw	(0x01, sp), x
                                     90 ;	/home/grytole/dev/git/stm8builder/stm8builder/stdperiph_driver/src/stm8s_awu.awu_lsicalibrationconfig.c: 75: if ((4U * A) >= ((lsifreqkhz - (4U * A)) * (1U + (2U * A))))
      000049 1E 01            [ 2]   91 	ldw	x, (0x01, sp)
      00004B 58               [ 2]   92 	sllw	x
      00004C 58               [ 2]   93 	sllw	x
      00004D 1F 05            [ 2]   94 	ldw	(0x05, sp), x
      00004F 16 03            [ 2]   95 	ldw	y, (0x03, sp)
      000051 72 F2 05         [ 2]   96 	subw	y, (0x05, sp)
      000054 1E 01            [ 2]   97 	ldw	x, (0x01, sp)
      000056 58               [ 2]   98 	sllw	x
      000057 5C               [ 2]   99 	incw	x
      000058 89               [ 2]  100 	pushw	x
      000059 90 89            [ 2]  101 	pushw	y
                                    102 ;	/home/grytole/dev/git/stm8builder/stm8builder/stdperiph_driver/src/stm8s_awu.awu_lsicalibrationconfig.c: 77: AWU->APR = (uint8_t)(A - 2U);
      00005B CDr00r00         [ 4]  103 	call	__mulint
      00005E 5B 04            [ 2]  104 	addw	sp, #4
      000060 1F 07            [ 2]  105 	ldw	(0x07, sp), x
      000062 7B 02            [ 1]  106 	ld	a, (0x02, sp)
                                    107 ;	/home/grytole/dev/git/stm8builder/stm8builder/stdperiph_driver/src/stm8s_awu.awu_lsicalibrationconfig.c: 75: if ((4U * A) >= ((lsifreqkhz - (4U * A)) * (1U + (2U * A))))
      000064 1E 05            [ 2]  108 	ldw	x, (0x05, sp)
      000066 13 07            [ 2]  109 	cpw	x, (0x07, sp)
      000068 25 08            [ 1]  110 	jrc	00102$
                                    111 ;	/home/grytole/dev/git/stm8builder/stm8builder/stdperiph_driver/src/stm8s_awu.awu_lsicalibrationconfig.c: 77: AWU->APR = (uint8_t)(A - 2U);
      00006A A0 02            [ 1]  112 	sub	a, #0x02
      00006C AE 50 F1         [ 2]  113 	ldw	x, #0x50f1
      00006F F7               [ 1]  114 	ld	(x), a
      000070 20 05            [ 2]  115 	jra	00104$
      000072                        116 00102$:
                                    117 ;	/home/grytole/dev/git/stm8builder/stm8builder/stdperiph_driver/src/stm8s_awu.awu_lsicalibrationconfig.c: 81: AWU->APR = (uint8_t)(A - 1U);
      000072 4A               [ 1]  118 	dec	a
      000073 AE 50 F1         [ 2]  119 	ldw	x, #0x50f1
      000076 F7               [ 1]  120 	ld	(x), a
      000077                        121 00104$:
      000077 5B 08            [ 2]  122 	addw	sp, #8
      000079 81               [ 4]  123 	ret
                                    124 	.area CODE
      00007A                        125 ___str_0:
      00007A 2F 68 6F 6D 65 2F 67   126 	.ascii "/home/grytole/dev/git/stm8builder/stm8builder/stdperiph_driv"
             72 79 74 6F 6C 65 2F
             64 65 76 2F 67 69 74
             2F 73 74 6D 38 62 75
             69 6C 64 65 72 2F 73
             74 6D 38 62 75 69 6C
             64 65 72 2F 73 74 64
             70 65 72 69 70 68 5F
             64 72 69 76
      0000B6 65 72 2F 73 72 63 2F   127 	.ascii "er/src/stm8s_awu.awu_lsicalibrationconfig.c"
             73 74 6D 38 73 5F 61
             77 75 2E 61 77 75 5F
             6C 73 69 63 61 6C 69
             62 72 61 74 69 6F 6E
             63 6F 6E 66 69 67 2E
             63
      0000E1 00                     128 	.db 0x00
                                    129 	.area INITIALIZER
                                    130 	.area CABS (ABS)
