                                      1 ;--------------------------------------------------------
                                      2 ; File Created by SDCC : free open source ANSI-C Compiler
                                      3 ; Version 3.5.0 #9253 (Mar 24 2016) (Linux)
                                      4 ; This file was generated Tue Dec 12 21:28:00 2017
                                      5 ;--------------------------------------------------------
                                      6 	.module stm8s_gpio_gpio_writereverse
                                      7 	.optsdcc -mstm8
                                      8 	
                                      9 ;--------------------------------------------------------
                                     10 ; Public variables in this module
                                     11 ;--------------------------------------------------------
                                     12 	.globl _GPIO_WriteReverse
                                     13 ;--------------------------------------------------------
                                     14 ; ram data
                                     15 ;--------------------------------------------------------
                                     16 	.area DATA
                                     17 ;--------------------------------------------------------
                                     18 ; ram data
                                     19 ;--------------------------------------------------------
                                     20 	.area INITIALIZED
                                     21 ;--------------------------------------------------------
                                     22 ; absolute external ram data
                                     23 ;--------------------------------------------------------
                                     24 	.area DABS (ABS)
                                     25 ;--------------------------------------------------------
                                     26 ; global & static initialisations
                                     27 ;--------------------------------------------------------
                                     28 	.area HOME
                                     29 	.area GSINIT
                                     30 	.area GSFINAL
                                     31 	.area GSINIT
                                     32 ;--------------------------------------------------------
                                     33 ; Home
                                     34 ;--------------------------------------------------------
                                     35 	.area HOME
                                     36 	.area HOME
                                     37 ;--------------------------------------------------------
                                     38 ; code
                                     39 ;--------------------------------------------------------
                                     40 	.area CODE
                                     41 ;	/home/grytole/dev/git/stm8builder/stm8builder/stdperiph_driver/src/stm8s_gpio.gpio_writereverse.c: 56: void GPIO_WriteReverse(GPIO_TypeDef* GPIOx, GPIO_Pin_TypeDef PortPins)
                                     42 ;	-----------------------------------------
                                     43 ;	 function GPIO_WriteReverse
                                     44 ;	-----------------------------------------
      000000                         45 _GPIO_WriteReverse:
                                     46 ;	/home/grytole/dev/git/stm8builder/stm8builder/stdperiph_driver/src/stm8s_gpio.gpio_writereverse.c: 58: GPIOx->ODR ^= (uint8_t)PortPins;
      000000 1E 03            [ 2]   47 	ldw	x, (0x03, sp)
      000002 F6               [ 1]   48 	ld	a, (x)
      000003 18 05            [ 1]   49 	xor	a, (0x05, sp)
      000005 F7               [ 1]   50 	ld	(x), a
      000006 81               [ 4]   51 	ret
                                     52 	.area CODE
                                     53 	.area INITIALIZER
                                     54 	.area CABS (ABS)
