                                      1 ;--------------------------------------------------------
                                      2 ; File Created by SDCC : free open source ANSI-C Compiler
                                      3 ; Version 3.5.0 #9253 (Mar 24 2016) (Linux)
                                      4 ; This file was generated Tue Dec 12 21:27:54 2017
                                      5 ;--------------------------------------------------------
                                      6 	.module stm8s_awu_awu_idlemodeenable
                                      7 	.optsdcc -mstm8
                                      8 	
                                      9 ;--------------------------------------------------------
                                     10 ; Public variables in this module
                                     11 ;--------------------------------------------------------
                                     12 	.globl _AWU_IdleModeEnable
                                     13 ;--------------------------------------------------------
                                     14 ; ram data
                                     15 ;--------------------------------------------------------
                                     16 	.area DATA
                                     17 ;--------------------------------------------------------
                                     18 ; ram data
                                     19 ;--------------------------------------------------------
                                     20 	.area INITIALIZED
                                     21 ;--------------------------------------------------------
                                     22 ; absolute external ram data
                                     23 ;--------------------------------------------------------
                                     24 	.area DABS (ABS)
                                     25 ;--------------------------------------------------------
                                     26 ; global & static initialisations
                                     27 ;--------------------------------------------------------
                                     28 	.area HOME
                                     29 	.area GSINIT
                                     30 	.area GSFINAL
                                     31 	.area GSINIT
                                     32 ;--------------------------------------------------------
                                     33 ; Home
                                     34 ;--------------------------------------------------------
                                     35 	.area HOME
                                     36 	.area HOME
                                     37 ;--------------------------------------------------------
                                     38 ; code
                                     39 ;--------------------------------------------------------
                                     40 	.area CODE
                                     41 ;	/home/grytole/dev/git/stm8builder/stm8builder/stdperiph_driver/src/stm8s_awu.awu_idlemodeenable.c: 53: void AWU_IdleModeEnable(void)
                                     42 ;	-----------------------------------------
                                     43 ;	 function AWU_IdleModeEnable
                                     44 ;	-----------------------------------------
      000000                         45 _AWU_IdleModeEnable:
                                     46 ;	/home/grytole/dev/git/stm8builder/stm8builder/stdperiph_driver/src/stm8s_awu.awu_idlemodeenable.c: 56: AWU->CSR &= (uint8_t)(~AWU_CSR_AWUEN);
      000000 AE 50 F0         [ 2]   47 	ldw	x, #0x50f0
      000003 F6               [ 1]   48 	ld	a, (x)
      000004 A4 EF            [ 1]   49 	and	a, #0xef
      000006 F7               [ 1]   50 	ld	(x), a
                                     51 ;	/home/grytole/dev/git/stm8builder/stm8builder/stdperiph_driver/src/stm8s_awu.awu_idlemodeenable.c: 59: AWU->TBR = (uint8_t)(~AWU_TBR_AWUTB);
      000007 35 F0 50 F2      [ 1]   52 	mov	0x50f2+0, #0xf0
      00000B 81               [ 4]   53 	ret
                                     54 	.area CODE
                                     55 	.area INITIALIZER
                                     56 	.area CABS (ABS)
