                                      1 ;--------------------------------------------------------
                                      2 ; File Created by SDCC : free open source ANSI-C Compiler
                                      3 ; Version 3.5.0 #9253 (Mar 24 2016) (Linux)
                                      4 ; This file was generated Tue Dec 12 21:28:09 2017
                                      5 ;--------------------------------------------------------
                                      6 	.module stm8s_tim1_tim1_icinit
                                      7 	.optsdcc -mstm8
                                      8 	
                                      9 ;--------------------------------------------------------
                                     10 ; Public variables in this module
                                     11 ;--------------------------------------------------------
                                     12 	.globl ___TI4_Config
                                     13 	.globl ___TI3_Config
                                     14 	.globl ___TI2_Config
                                     15 	.globl ___TI1_Config
                                     16 	.globl _TIM1_SetIC4Prescaler
                                     17 	.globl _TIM1_SetIC3Prescaler
                                     18 	.globl _TIM1_SetIC2Prescaler
                                     19 	.globl _TIM1_SetIC1Prescaler
                                     20 	.globl _assert_failed
                                     21 	.globl _TIM1_ICInit
                                     22 ;--------------------------------------------------------
                                     23 ; ram data
                                     24 ;--------------------------------------------------------
                                     25 	.area DATA
                                     26 ;--------------------------------------------------------
                                     27 ; ram data
                                     28 ;--------------------------------------------------------
                                     29 	.area INITIALIZED
                                     30 ;--------------------------------------------------------
                                     31 ; absolute external ram data
                                     32 ;--------------------------------------------------------
                                     33 	.area DABS (ABS)
                                     34 ;--------------------------------------------------------
                                     35 ; global & static initialisations
                                     36 ;--------------------------------------------------------
                                     37 	.area HOME
                                     38 	.area GSINIT
                                     39 	.area GSFINAL
                                     40 	.area GSINIT
                                     41 ;--------------------------------------------------------
                                     42 ; Home
                                     43 ;--------------------------------------------------------
                                     44 	.area HOME
                                     45 	.area HOME
                                     46 ;--------------------------------------------------------
                                     47 ; code
                                     48 ;--------------------------------------------------------
                                     49 	.area CODE
                                     50 ;	/home/grytole/dev/git/stm8builder/stm8builder/stdperiph_driver/src/stm8s_tim1.tim1_icinit.c: 57: void TIM1_ICInit(TIM1_Channel_TypeDef TIM1_Channel,
                                     51 ;	-----------------------------------------
                                     52 ;	 function TIM1_ICInit
                                     53 ;	-----------------------------------------
      000000                         54 _TIM1_ICInit:
      000000 89               [ 2]   55 	pushw	x
                                     56 ;	/home/grytole/dev/git/stm8builder/stm8builder/stdperiph_driver/src/stm8s_tim1.tim1_icinit.c: 64: assert_param(IS_TIM1_CHANNEL_OK(TIM1_Channel));
      000001 7B 05            [ 1]   57 	ld	a, (0x05, sp)
      000003 A1 01            [ 1]   58 	cp	a, #0x01
      000005 26 06            [ 1]   59 	jrne	00218$
      000007 A6 01            [ 1]   60 	ld	a, #0x01
      000009 6B 02            [ 1]   61 	ld	(0x02, sp), a
      00000B 20 02            [ 2]   62 	jra	00219$
      00000D                         63 00218$:
      00000D 0F 02            [ 1]   64 	clr	(0x02, sp)
      00000F                         65 00219$:
      00000F 7B 05            [ 1]   66 	ld	a, (0x05, sp)
      000011 A1 02            [ 1]   67 	cp	a, #0x02
      000013 26 06            [ 1]   68 	jrne	00221$
      000015 A6 01            [ 1]   69 	ld	a, #0x01
      000017 6B 01            [ 1]   70 	ld	(0x01, sp), a
      000019 20 02            [ 2]   71 	jra	00222$
      00001B                         72 00221$:
      00001B 0F 01            [ 1]   73 	clr	(0x01, sp)
      00001D                         74 00222$:
      00001D 0D 05            [ 1]   75 	tnz	(0x05, sp)
      00001F 27 1F            [ 1]   76 	jreq	00113$
      000021 0D 02            [ 1]   77 	tnz	(0x02, sp)
      000023 26 1B            [ 1]   78 	jrne	00113$
      000025 0D 01            [ 1]   79 	tnz	(0x01, sp)
      000027 26 17            [ 1]   80 	jrne	00113$
      000029 7B 05            [ 1]   81 	ld	a, (0x05, sp)
      00002B A1 03            [ 1]   82 	cp	a, #0x03
      00002D 27 11            [ 1]   83 	jreq	00113$
      00002F 90 AEr01r24      [ 2]   84 	ldw	y, #___str_0+0
      000033 4B 40            [ 1]   85 	push	#0x40
      000035 5F               [ 1]   86 	clrw	x
      000036 89               [ 2]   87 	pushw	x
      000037 4B 00            [ 1]   88 	push	#0x00
      000039 90 89            [ 2]   89 	pushw	y
      00003B CDr00r00         [ 4]   90 	call	_assert_failed
      00003E 5B 06            [ 2]   91 	addw	sp, #6
      000040                         92 00113$:
                                     93 ;	/home/grytole/dev/git/stm8builder/stm8builder/stdperiph_driver/src/stm8s_tim1.tim1_icinit.c: 65: assert_param(IS_TIM1_IC_POLARITY_OK(TIM1_ICPolarity));
      000040 0D 06            [ 1]   94 	tnz	(0x06, sp)
      000042 27 17            [ 1]   95 	jreq	00124$
      000044 7B 06            [ 1]   96 	ld	a, (0x06, sp)
      000046 A1 01            [ 1]   97 	cp	a, #0x01
      000048 27 11            [ 1]   98 	jreq	00124$
      00004A 90 AEr01r24      [ 2]   99 	ldw	y, #___str_0+0
      00004E 4B 41            [ 1]  100 	push	#0x41
      000050 5F               [ 1]  101 	clrw	x
      000051 89               [ 2]  102 	pushw	x
      000052 4B 00            [ 1]  103 	push	#0x00
      000054 90 89            [ 2]  104 	pushw	y
      000056 CDr00r00         [ 4]  105 	call	_assert_failed
      000059 5B 06            [ 2]  106 	addw	sp, #6
      00005B                        107 00124$:
                                    108 ;	/home/grytole/dev/git/stm8builder/stm8builder/stdperiph_driver/src/stm8s_tim1.tim1_icinit.c: 66: assert_param(IS_TIM1_IC_SELECTION_OK(TIM1_ICSelection));
      00005B 7B 07            [ 1]  109 	ld	a, (0x07, sp)
      00005D A1 01            [ 1]  110 	cp	a, #0x01
      00005F 27 1D            [ 1]  111 	jreq	00129$
      000061 7B 07            [ 1]  112 	ld	a, (0x07, sp)
      000063 A1 02            [ 1]  113 	cp	a, #0x02
      000065 27 17            [ 1]  114 	jreq	00129$
      000067 7B 07            [ 1]  115 	ld	a, (0x07, sp)
      000069 A1 03            [ 1]  116 	cp	a, #0x03
      00006B 27 11            [ 1]  117 	jreq	00129$
      00006D 90 AEr01r24      [ 2]  118 	ldw	y, #___str_0+0
      000071 4B 42            [ 1]  119 	push	#0x42
      000073 5F               [ 1]  120 	clrw	x
      000074 89               [ 2]  121 	pushw	x
      000075 4B 00            [ 1]  122 	push	#0x00
      000077 90 89            [ 2]  123 	pushw	y
      000079 CDr00r00         [ 4]  124 	call	_assert_failed
      00007C 5B 06            [ 2]  125 	addw	sp, #6
      00007E                        126 00129$:
                                    127 ;	/home/grytole/dev/git/stm8builder/stm8builder/stdperiph_driver/src/stm8s_tim1.tim1_icinit.c: 67: assert_param(IS_TIM1_IC_PRESCALER_OK(TIM1_ICPrescaler));
      00007E 0D 08            [ 1]  128 	tnz	(0x08, sp)
      000080 27 23            [ 1]  129 	jreq	00137$
      000082 7B 08            [ 1]  130 	ld	a, (0x08, sp)
      000084 A1 04            [ 1]  131 	cp	a, #0x04
      000086 27 1D            [ 1]  132 	jreq	00137$
      000088 7B 08            [ 1]  133 	ld	a, (0x08, sp)
      00008A A1 08            [ 1]  134 	cp	a, #0x08
      00008C 27 17            [ 1]  135 	jreq	00137$
      00008E 7B 08            [ 1]  136 	ld	a, (0x08, sp)
      000090 A1 0C            [ 1]  137 	cp	a, #0x0c
      000092 27 11            [ 1]  138 	jreq	00137$
      000094 90 AEr01r24      [ 2]  139 	ldw	y, #___str_0+0
      000098 4B 43            [ 1]  140 	push	#0x43
      00009A 5F               [ 1]  141 	clrw	x
      00009B 89               [ 2]  142 	pushw	x
      00009C 4B 00            [ 1]  143 	push	#0x00
      00009E 90 89            [ 2]  144 	pushw	y
      0000A0 CDr00r00         [ 4]  145 	call	_assert_failed
      0000A3 5B 06            [ 2]  146 	addw	sp, #6
      0000A5                        147 00137$:
                                    148 ;	/home/grytole/dev/git/stm8builder/stm8builder/stdperiph_driver/src/stm8s_tim1.tim1_icinit.c: 68: assert_param(IS_TIM1_IC_FILTER_OK(TIM1_ICFilter));
      0000A5 7B 09            [ 1]  149 	ld	a, (0x09, sp)
      0000A7 A1 0F            [ 1]  150 	cp	a, #0x0f
      0000A9 23 11            [ 2]  151 	jrule	00148$
      0000AB 90 AEr01r24      [ 2]  152 	ldw	y, #___str_0+0
      0000AF 4B 44            [ 1]  153 	push	#0x44
      0000B1 5F               [ 1]  154 	clrw	x
      0000B2 89               [ 2]  155 	pushw	x
      0000B3 4B 00            [ 1]  156 	push	#0x00
      0000B5 90 89            [ 2]  157 	pushw	y
      0000B7 CDr00r00         [ 4]  158 	call	_assert_failed
      0000BA 5B 06            [ 2]  159 	addw	sp, #6
      0000BC                        160 00148$:
                                    161 ;	/home/grytole/dev/git/stm8builder/stm8builder/stdperiph_driver/src/stm8s_tim1.tim1_icinit.c: 70: if (TIM1_Channel == TIM1_CHANNEL_1)
      0000BC 0D 05            [ 1]  162 	tnz	(0x05, sp)
      0000BE 26 17            [ 1]  163 	jrne	00108$
                                    164 ;	/home/grytole/dev/git/stm8builder/stm8builder/stdperiph_driver/src/stm8s_tim1.tim1_icinit.c: 73: __TI1_Config((uint8_t)TIM1_ICPolarity,
      0000C0 7B 09            [ 1]  165 	ld	a, (0x09, sp)
      0000C2 88               [ 1]  166 	push	a
      0000C3 7B 08            [ 1]  167 	ld	a, (0x08, sp)
      0000C5 88               [ 1]  168 	push	a
      0000C6 7B 08            [ 1]  169 	ld	a, (0x08, sp)
      0000C8 88               [ 1]  170 	push	a
      0000C9 CDr00r00         [ 4]  171 	call	___TI1_Config
      0000CC 5B 03            [ 2]  172 	addw	sp, #3
                                    173 ;	/home/grytole/dev/git/stm8builder/stm8builder/stdperiph_driver/src/stm8s_tim1.tim1_icinit.c: 77: TIM1_SetIC1Prescaler(TIM1_ICPrescaler);
      0000CE 7B 08            [ 1]  174 	ld	a, (0x08, sp)
      0000D0 88               [ 1]  175 	push	a
      0000D1 CDr00r00         [ 4]  176 	call	_TIM1_SetIC1Prescaler
      0000D4 84               [ 1]  177 	pop	a
      0000D5 20 4B            [ 2]  178 	jra	00110$
      0000D7                        179 00108$:
                                    180 ;	/home/grytole/dev/git/stm8builder/stm8builder/stdperiph_driver/src/stm8s_tim1.tim1_icinit.c: 79: else if (TIM1_Channel == TIM1_CHANNEL_2)
      0000D7 0D 02            [ 1]  181 	tnz	(0x02, sp)
      0000D9 27 17            [ 1]  182 	jreq	00105$
                                    183 ;	/home/grytole/dev/git/stm8builder/stm8builder/stdperiph_driver/src/stm8s_tim1.tim1_icinit.c: 82: __TI2_Config((uint8_t)TIM1_ICPolarity,
      0000DB 7B 09            [ 1]  184 	ld	a, (0x09, sp)
      0000DD 88               [ 1]  185 	push	a
      0000DE 7B 08            [ 1]  186 	ld	a, (0x08, sp)
      0000E0 88               [ 1]  187 	push	a
      0000E1 7B 08            [ 1]  188 	ld	a, (0x08, sp)
      0000E3 88               [ 1]  189 	push	a
      0000E4 CDr00r00         [ 4]  190 	call	___TI2_Config
      0000E7 5B 03            [ 2]  191 	addw	sp, #3
                                    192 ;	/home/grytole/dev/git/stm8builder/stm8builder/stdperiph_driver/src/stm8s_tim1.tim1_icinit.c: 86: TIM1_SetIC2Prescaler(TIM1_ICPrescaler);
      0000E9 7B 08            [ 1]  193 	ld	a, (0x08, sp)
      0000EB 88               [ 1]  194 	push	a
      0000EC CDr00r00         [ 4]  195 	call	_TIM1_SetIC2Prescaler
      0000EF 84               [ 1]  196 	pop	a
      0000F0 20 30            [ 2]  197 	jra	00110$
      0000F2                        198 00105$:
                                    199 ;	/home/grytole/dev/git/stm8builder/stm8builder/stdperiph_driver/src/stm8s_tim1.tim1_icinit.c: 88: else if (TIM1_Channel == TIM1_CHANNEL_3)
      0000F2 0D 01            [ 1]  200 	tnz	(0x01, sp)
      0000F4 27 17            [ 1]  201 	jreq	00102$
                                    202 ;	/home/grytole/dev/git/stm8builder/stm8builder/stdperiph_driver/src/stm8s_tim1.tim1_icinit.c: 91: __TI3_Config((uint8_t)TIM1_ICPolarity,
      0000F6 7B 09            [ 1]  203 	ld	a, (0x09, sp)
      0000F8 88               [ 1]  204 	push	a
      0000F9 7B 08            [ 1]  205 	ld	a, (0x08, sp)
      0000FB 88               [ 1]  206 	push	a
      0000FC 7B 08            [ 1]  207 	ld	a, (0x08, sp)
      0000FE 88               [ 1]  208 	push	a
      0000FF CDr00r00         [ 4]  209 	call	___TI3_Config
      000102 5B 03            [ 2]  210 	addw	sp, #3
                                    211 ;	/home/grytole/dev/git/stm8builder/stm8builder/stdperiph_driver/src/stm8s_tim1.tim1_icinit.c: 95: TIM1_SetIC3Prescaler(TIM1_ICPrescaler);
      000104 7B 08            [ 1]  212 	ld	a, (0x08, sp)
      000106 88               [ 1]  213 	push	a
      000107 CDr00r00         [ 4]  214 	call	_TIM1_SetIC3Prescaler
      00010A 84               [ 1]  215 	pop	a
      00010B 20 15            [ 2]  216 	jra	00110$
      00010D                        217 00102$:
                                    218 ;	/home/grytole/dev/git/stm8builder/stm8builder/stdperiph_driver/src/stm8s_tim1.tim1_icinit.c: 100: __TI4_Config((uint8_t)TIM1_ICPolarity,
      00010D 7B 09            [ 1]  219 	ld	a, (0x09, sp)
      00010F 88               [ 1]  220 	push	a
      000110 7B 08            [ 1]  221 	ld	a, (0x08, sp)
      000112 88               [ 1]  222 	push	a
      000113 7B 08            [ 1]  223 	ld	a, (0x08, sp)
      000115 88               [ 1]  224 	push	a
      000116 CDr00r00         [ 4]  225 	call	___TI4_Config
      000119 5B 03            [ 2]  226 	addw	sp, #3
                                    227 ;	/home/grytole/dev/git/stm8builder/stm8builder/stdperiph_driver/src/stm8s_tim1.tim1_icinit.c: 104: TIM1_SetIC4Prescaler(TIM1_ICPrescaler);
      00011B 7B 08            [ 1]  228 	ld	a, (0x08, sp)
      00011D 88               [ 1]  229 	push	a
      00011E CDr00r00         [ 4]  230 	call	_TIM1_SetIC4Prescaler
      000121 84               [ 1]  231 	pop	a
      000122                        232 00110$:
      000122 85               [ 2]  233 	popw	x
      000123 81               [ 4]  234 	ret
                                    235 	.area CODE
      000124                        236 ___str_0:
      000124 2F 68 6F 6D 65 2F 67   237 	.ascii "/home/grytole/dev/git/stm8builder/stm8builder/stdperiph_driv"
             72 79 74 6F 6C 65 2F
             64 65 76 2F 67 69 74
             2F 73 74 6D 38 62 75
             69 6C 64 65 72 2F 73
             74 6D 38 62 75 69 6C
             64 65 72 2F 73 74 64
             70 65 72 69 70 68 5F
             64 72 69 76
      000160 65 72 2F 73 72 63 2F   238 	.ascii "er/src/stm8s_tim1.tim1_icinit.c"
             73 74 6D 38 73 5F 74
             69 6D 31 2E 74 69 6D
             31 5F 69 63 69 6E 69
             74 2E 63
      00017F 00                     239 	.db 0x00
                                    240 	.area INITIALIZER
                                    241 	.area CABS (ABS)
