                                      1 ;--------------------------------------------------------
                                      2 ; File Created by SDCC : free open source ANSI-C Compiler
                                      3 ; Version 3.5.0 #9253 (Mar 24 2016) (Linux)
                                      4 ; This file was generated Tue Dec 12 21:28:03 2017
                                      5 ;--------------------------------------------------------
                                      6 	.module stm8s_itc_itc_getsoftintstatus
                                      7 	.optsdcc -mstm8
                                      8 	
                                      9 ;--------------------------------------------------------
                                     10 ; Public variables in this module
                                     11 ;--------------------------------------------------------
                                     12 	.globl _ITC_GetCPUCC
                                     13 	.globl _ITC_GetSoftIntStatus
                                     14 ;--------------------------------------------------------
                                     15 ; ram data
                                     16 ;--------------------------------------------------------
                                     17 	.area DATA
                                     18 ;--------------------------------------------------------
                                     19 ; ram data
                                     20 ;--------------------------------------------------------
                                     21 	.area INITIALIZED
                                     22 ;--------------------------------------------------------
                                     23 ; absolute external ram data
                                     24 ;--------------------------------------------------------
                                     25 	.area DABS (ABS)
                                     26 ;--------------------------------------------------------
                                     27 ; global & static initialisations
                                     28 ;--------------------------------------------------------
                                     29 	.area HOME
                                     30 	.area GSINIT
                                     31 	.area GSFINAL
                                     32 	.area GSINIT
                                     33 ;--------------------------------------------------------
                                     34 ; Home
                                     35 ;--------------------------------------------------------
                                     36 	.area HOME
                                     37 	.area HOME
                                     38 ;--------------------------------------------------------
                                     39 ; code
                                     40 ;--------------------------------------------------------
                                     41 	.area CODE
                                     42 ;	/home/grytole/dev/git/stm8builder/stm8builder/stdperiph_driver/src/stm8s_itc.itc_getsoftintstatus.c: 50: uint8_t ITC_GetCPUCC(void)
                                     43 ;	-----------------------------------------
                                     44 ;	 function ITC_GetCPUCC
                                     45 ;	-----------------------------------------
      000000                         46 _ITC_GetCPUCC:
                                     47 ;	/home/grytole/dev/git/stm8builder/stm8builder/stdperiph_driver/src/stm8s_itc.itc_getsoftintstatus.c: 59: __asm__("push cc");
      000000 8A               [ 1]   48 	push cc
                                     49 ;	/home/grytole/dev/git/stm8builder/stm8builder/stdperiph_driver/src/stm8s_itc.itc_getsoftintstatus.c: 60: __asm__("pop a");
      000001 84               [ 1]   50 	pop a
      000002 81               [ 4]   51 	ret
                                     52 ;	/home/grytole/dev/git/stm8builder/stm8builder/stdperiph_driver/src/stm8s_itc.itc_getsoftintstatus.c: 83: uint8_t ITC_GetSoftIntStatus(void)
                                     53 ;	-----------------------------------------
                                     54 ;	 function ITC_GetSoftIntStatus
                                     55 ;	-----------------------------------------
      000003                         56 _ITC_GetSoftIntStatus:
                                     57 ;	/home/grytole/dev/git/stm8builder/stm8builder/stdperiph_driver/src/stm8s_itc.itc_getsoftintstatus.c: 85: return (uint8_t)(ITC_GetCPUCC() & CPU_CC_I1I0);
      000003 CDr00r00         [ 4]   58 	call	_ITC_GetCPUCC
      000006 A4 28            [ 1]   59 	and	a, #0x28
      000008 81               [ 4]   60 	ret
                                     61 	.area CODE
                                     62 	.area INITIALIZER
                                     63 	.area CABS (ABS)
