                                      1 ;--------------------------------------------------------
                                      2 ; File Created by SDCC : free open source ANSI-C Compiler
                                      3 ; Version 3.5.0 #9253 (Mar 24 2016) (Linux)
                                      4 ; This file was generated Tue Dec 12 21:28:10 2017
                                      5 ;--------------------------------------------------------
                                      6 	.module stm8s_tim1_tim1_ccxcmd
                                      7 	.optsdcc -mstm8
                                      8 	
                                      9 ;--------------------------------------------------------
                                     10 ; Public variables in this module
                                     11 ;--------------------------------------------------------
                                     12 	.globl _assert_failed
                                     13 	.globl _TIM1_CCxCmd
                                     14 ;--------------------------------------------------------
                                     15 ; ram data
                                     16 ;--------------------------------------------------------
                                     17 	.area DATA
                                     18 ;--------------------------------------------------------
                                     19 ; ram data
                                     20 ;--------------------------------------------------------
                                     21 	.area INITIALIZED
                                     22 ;--------------------------------------------------------
                                     23 ; absolute external ram data
                                     24 ;--------------------------------------------------------
                                     25 	.area DABS (ABS)
                                     26 ;--------------------------------------------------------
                                     27 ; global & static initialisations
                                     28 ;--------------------------------------------------------
                                     29 	.area HOME
                                     30 	.area GSINIT
                                     31 	.area GSFINAL
                                     32 	.area GSINIT
                                     33 ;--------------------------------------------------------
                                     34 ; Home
                                     35 ;--------------------------------------------------------
                                     36 	.area HOME
                                     37 	.area HOME
                                     38 ;--------------------------------------------------------
                                     39 ; code
                                     40 ;--------------------------------------------------------
                                     41 	.area CODE
                                     42 ;	/home/grytole/dev/git/stm8builder/stm8builder/stdperiph_driver/src/stm8s_tim1.tim1_ccxcmd.c: 57: void TIM1_CCxCmd(TIM1_Channel_TypeDef TIM1_Channel, FunctionalState NewState)
                                     43 ;	-----------------------------------------
                                     44 ;	 function TIM1_CCxCmd
                                     45 ;	-----------------------------------------
      000000                         46 _TIM1_CCxCmd:
      000000 89               [ 2]   47 	pushw	x
                                     48 ;	/home/grytole/dev/git/stm8builder/stm8builder/stdperiph_driver/src/stm8s_tim1.tim1_ccxcmd.c: 60: assert_param(IS_TIM1_CHANNEL_OK(TIM1_Channel));
      000001 7B 05            [ 1]   49 	ld	a, (0x05, sp)
      000003 A1 01            [ 1]   50 	cp	a, #0x01
      000005 26 06            [ 1]   51 	jrne	00193$
      000007 A6 01            [ 1]   52 	ld	a, #0x01
      000009 6B 01            [ 1]   53 	ld	(0x01, sp), a
      00000B 20 02            [ 2]   54 	jra	00194$
      00000D                         55 00193$:
      00000D 0F 01            [ 1]   56 	clr	(0x01, sp)
      00000F                         57 00194$:
      00000F 7B 05            [ 1]   58 	ld	a, (0x05, sp)
      000011 A1 02            [ 1]   59 	cp	a, #0x02
      000013 26 06            [ 1]   60 	jrne	00196$
      000015 A6 01            [ 1]   61 	ld	a, #0x01
      000017 6B 02            [ 1]   62 	ld	(0x02, sp), a
      000019 20 02            [ 2]   63 	jra	00197$
      00001B                         64 00196$:
      00001B 0F 02            [ 1]   65 	clr	(0x02, sp)
      00001D                         66 00197$:
      00001D 0D 05            [ 1]   67 	tnz	(0x05, sp)
      00001F 27 1F            [ 1]   68 	jreq	00125$
      000021 0D 01            [ 1]   69 	tnz	(0x01, sp)
      000023 26 1B            [ 1]   70 	jrne	00125$
      000025 0D 02            [ 1]   71 	tnz	(0x02, sp)
      000027 26 17            [ 1]   72 	jrne	00125$
      000029 7B 05            [ 1]   73 	ld	a, (0x05, sp)
      00002B A1 03            [ 1]   74 	cp	a, #0x03
      00002D 27 11            [ 1]   75 	jreq	00125$
      00002F 90 AEr00rB3      [ 2]   76 	ldw	y, #___str_0+0
      000033 4B 3C            [ 1]   77 	push	#0x3c
      000035 5F               [ 1]   78 	clrw	x
      000036 89               [ 2]   79 	pushw	x
      000037 4B 00            [ 1]   80 	push	#0x00
      000039 90 89            [ 2]   81 	pushw	y
      00003B CDr00r00         [ 4]   82 	call	_assert_failed
      00003E 5B 06            [ 2]   83 	addw	sp, #6
      000040                         84 00125$:
                                     85 ;	/home/grytole/dev/git/stm8builder/stm8builder/stdperiph_driver/src/stm8s_tim1.tim1_ccxcmd.c: 61: assert_param(IS_FUNCTIONALSTATE_OK(NewState));
      000040 0D 06            [ 1]   86 	tnz	(0x06, sp)
      000042 27 17            [ 1]   87 	jreq	00136$
      000044 7B 06            [ 1]   88 	ld	a, (0x06, sp)
      000046 A1 01            [ 1]   89 	cp	a, #0x01
      000048 27 11            [ 1]   90 	jreq	00136$
      00004A 90 AEr00rB3      [ 2]   91 	ldw	y, #___str_0+0
      00004E 4B 3D            [ 1]   92 	push	#0x3d
      000050 5F               [ 1]   93 	clrw	x
      000051 89               [ 2]   94 	pushw	x
      000052 4B 00            [ 1]   95 	push	#0x00
      000054 90 89            [ 2]   96 	pushw	y
      000056 CDr00r00         [ 4]   97 	call	_assert_failed
      000059 5B 06            [ 2]   98 	addw	sp, #6
      00005B                         99 00136$:
                                    100 ;	/home/grytole/dev/git/stm8builder/stm8builder/stdperiph_driver/src/stm8s_tim1.tim1_ccxcmd.c: 63: if (TIM1_Channel == TIM1_CHANNEL_1)
      00005B 0D 05            [ 1]  101 	tnz	(0x05, sp)
      00005D 26 10            [ 1]  102 	jrne	00120$
                                    103 ;	/home/grytole/dev/git/stm8builder/stm8builder/stdperiph_driver/src/stm8s_tim1.tim1_ccxcmd.c: 66: if (NewState != DISABLE)
      00005F 0D 06            [ 1]  104 	tnz	(0x06, sp)
      000061 27 06            [ 1]  105 	jreq	00102$
                                    106 ;	/home/grytole/dev/git/stm8builder/stm8builder/stdperiph_driver/src/stm8s_tim1.tim1_ccxcmd.c: 68: TIM1->CCER1 |= TIM1_CCER1_CC1E;
      000063 72 10 52 5C      [ 1]  107 	bset	0x525c, #0
      000067 20 48            [ 2]  108 	jra	00122$
      000069                        109 00102$:
                                    110 ;	/home/grytole/dev/git/stm8builder/stm8builder/stdperiph_driver/src/stm8s_tim1.tim1_ccxcmd.c: 72: TIM1->CCER1 &= (uint8_t)(~TIM1_CCER1_CC1E);
      000069 72 11 52 5C      [ 1]  111 	bres	0x525c, #0
      00006D 20 42            [ 2]  112 	jra	00122$
      00006F                        113 00120$:
                                    114 ;	/home/grytole/dev/git/stm8builder/stm8builder/stdperiph_driver/src/stm8s_tim1.tim1_ccxcmd.c: 76: else if (TIM1_Channel == TIM1_CHANNEL_2)
      00006F 0D 01            [ 1]  115 	tnz	(0x01, sp)
      000071 27 16            [ 1]  116 	jreq	00117$
                                    117 ;	/home/grytole/dev/git/stm8builder/stm8builder/stdperiph_driver/src/stm8s_tim1.tim1_ccxcmd.c: 79: if (NewState != DISABLE)
      000073 0D 06            [ 1]  118 	tnz	(0x06, sp)
      000075 27 09            [ 1]  119 	jreq	00105$
                                    120 ;	/home/grytole/dev/git/stm8builder/stm8builder/stdperiph_driver/src/stm8s_tim1.tim1_ccxcmd.c: 81: TIM1->CCER1 |= TIM1_CCER1_CC2E;
      000077 AE 52 5C         [ 2]  121 	ldw	x, #0x525c
      00007A F6               [ 1]  122 	ld	a, (x)
      00007B AA 10            [ 1]  123 	or	a, #0x10
      00007D F7               [ 1]  124 	ld	(x), a
      00007E 20 31            [ 2]  125 	jra	00122$
      000080                        126 00105$:
                                    127 ;	/home/grytole/dev/git/stm8builder/stm8builder/stdperiph_driver/src/stm8s_tim1.tim1_ccxcmd.c: 85: TIM1->CCER1 &= (uint8_t)(~TIM1_CCER1_CC2E);
      000080 AE 52 5C         [ 2]  128 	ldw	x, #0x525c
      000083 F6               [ 1]  129 	ld	a, (x)
      000084 A4 EF            [ 1]  130 	and	a, #0xef
      000086 F7               [ 1]  131 	ld	(x), a
      000087 20 28            [ 2]  132 	jra	00122$
      000089                        133 00117$:
                                    134 ;	/home/grytole/dev/git/stm8builder/stm8builder/stdperiph_driver/src/stm8s_tim1.tim1_ccxcmd.c: 88: else if (TIM1_Channel == TIM1_CHANNEL_3)
      000089 0D 02            [ 1]  135 	tnz	(0x02, sp)
      00008B 27 10            [ 1]  136 	jreq	00114$
                                    137 ;	/home/grytole/dev/git/stm8builder/stm8builder/stdperiph_driver/src/stm8s_tim1.tim1_ccxcmd.c: 91: if (NewState != DISABLE)
      00008D 0D 06            [ 1]  138 	tnz	(0x06, sp)
      00008F 27 06            [ 1]  139 	jreq	00108$
                                    140 ;	/home/grytole/dev/git/stm8builder/stm8builder/stdperiph_driver/src/stm8s_tim1.tim1_ccxcmd.c: 93: TIM1->CCER2 |= TIM1_CCER2_CC3E;
      000091 72 10 52 5D      [ 1]  141 	bset	0x525d, #0
      000095 20 1A            [ 2]  142 	jra	00122$
      000097                        143 00108$:
                                    144 ;	/home/grytole/dev/git/stm8builder/stm8builder/stdperiph_driver/src/stm8s_tim1.tim1_ccxcmd.c: 97: TIM1->CCER2 &= (uint8_t)(~TIM1_CCER2_CC3E);
      000097 72 11 52 5D      [ 1]  145 	bres	0x525d, #0
      00009B 20 14            [ 2]  146 	jra	00122$
      00009D                        147 00114$:
                                    148 ;	/home/grytole/dev/git/stm8builder/stm8builder/stdperiph_driver/src/stm8s_tim1.tim1_ccxcmd.c: 103: if (NewState != DISABLE)
      00009D 0D 06            [ 1]  149 	tnz	(0x06, sp)
      00009F 27 09            [ 1]  150 	jreq	00111$
                                    151 ;	/home/grytole/dev/git/stm8builder/stm8builder/stdperiph_driver/src/stm8s_tim1.tim1_ccxcmd.c: 105: TIM1->CCER2 |= TIM1_CCER2_CC4E;
      0000A1 AE 52 5D         [ 2]  152 	ldw	x, #0x525d
      0000A4 F6               [ 1]  153 	ld	a, (x)
      0000A5 AA 10            [ 1]  154 	or	a, #0x10
      0000A7 F7               [ 1]  155 	ld	(x), a
      0000A8 20 07            [ 2]  156 	jra	00122$
      0000AA                        157 00111$:
                                    158 ;	/home/grytole/dev/git/stm8builder/stm8builder/stdperiph_driver/src/stm8s_tim1.tim1_ccxcmd.c: 109: TIM1->CCER2 &= (uint8_t)(~TIM1_CCER2_CC4E);
      0000AA AE 52 5D         [ 2]  159 	ldw	x, #0x525d
      0000AD F6               [ 1]  160 	ld	a, (x)
      0000AE A4 EF            [ 1]  161 	and	a, #0xef
      0000B0 F7               [ 1]  162 	ld	(x), a
      0000B1                        163 00122$:
      0000B1 85               [ 2]  164 	popw	x
      0000B2 81               [ 4]  165 	ret
                                    166 	.area CODE
      0000B3                        167 ___str_0:
      0000B3 2F 68 6F 6D 65 2F 67   168 	.ascii "/home/grytole/dev/git/stm8builder/stm8builder/stdperiph_driv"
             72 79 74 6F 6C 65 2F
             64 65 76 2F 67 69 74
             2F 73 74 6D 38 62 75
             69 6C 64 65 72 2F 73
             74 6D 38 62 75 69 6C
             64 65 72 2F 73 74 64
             70 65 72 69 70 68 5F
             64 72 69 76
      0000EF 65 72 2F 73 72 63 2F   169 	.ascii "er/src/stm8s_tim1.tim1_ccxcmd.c"
             73 74 6D 38 73 5F 74
             69 6D 31 2E 74 69 6D
             31 5F 63 63 78 63 6D
             64 2E 63
      00010E 00                     170 	.db 0x00
                                    171 	.area INITIALIZER
                                    172 	.area CABS (ABS)
