                                      1 ;--------------------------------------------------------
                                      2 ; File Created by SDCC : free open source ANSI-C Compiler
                                      3 ; Version 3.5.0 #9253 (Mar 24 2016) (Linux)
                                      4 ; This file was generated Tue Dec 12 21:28:16 2017
                                      5 ;--------------------------------------------------------
                                      6 	.module stm8s_tim4_tim4_setcounter
                                      7 	.optsdcc -mstm8
                                      8 	
                                      9 ;--------------------------------------------------------
                                     10 ; Public variables in this module
                                     11 ;--------------------------------------------------------
                                     12 	.globl _TIM4_SetCounter
                                     13 ;--------------------------------------------------------
                                     14 ; ram data
                                     15 ;--------------------------------------------------------
                                     16 	.area DATA
                                     17 ;--------------------------------------------------------
                                     18 ; ram data
                                     19 ;--------------------------------------------------------
                                     20 	.area INITIALIZED
                                     21 ;--------------------------------------------------------
                                     22 ; absolute external ram data
                                     23 ;--------------------------------------------------------
                                     24 	.area DABS (ABS)
                                     25 ;--------------------------------------------------------
                                     26 ; global & static initialisations
                                     27 ;--------------------------------------------------------
                                     28 	.area HOME
                                     29 	.area GSINIT
                                     30 	.area GSFINAL
                                     31 	.area GSINIT
                                     32 ;--------------------------------------------------------
                                     33 ; Home
                                     34 ;--------------------------------------------------------
                                     35 	.area HOME
                                     36 	.area HOME
                                     37 ;--------------------------------------------------------
                                     38 ; code
                                     39 ;--------------------------------------------------------
                                     40 	.area CODE
                                     41 ;	/home/grytole/dev/git/stm8builder/stm8builder/stdperiph_driver/src/stm8s_tim4.tim4_setcounter.c: 50: void TIM4_SetCounter(uint8_t Counter)
                                     42 ;	-----------------------------------------
                                     43 ;	 function TIM4_SetCounter
                                     44 ;	-----------------------------------------
      000000                         45 _TIM4_SetCounter:
                                     46 ;	/home/grytole/dev/git/stm8builder/stm8builder/stdperiph_driver/src/stm8s_tim4.tim4_setcounter.c: 53: TIM4->CNTR = (uint8_t)(Counter);
      000000 AE 53 46         [ 2]   47 	ldw	x, #0x5346
      000003 7B 03            [ 1]   48 	ld	a, (0x03, sp)
      000005 F7               [ 1]   49 	ld	(x), a
      000006 81               [ 4]   50 	ret
                                     51 	.area CODE
                                     52 	.area INITIALIZER
                                     53 	.area CABS (ABS)
