                                      1 ;--------------------------------------------------------
                                      2 ; File Created by SDCC : free open source ANSI-C Compiler
                                      3 ; Version 3.5.0 #9253 (Mar 24 2016) (Linux)
                                      4 ; This file was generated Tue Dec 12 21:28:01 2017
                                      5 ;--------------------------------------------------------
                                      6 	.module stm8s_i2c_i2c_getlastevent
                                      7 	.optsdcc -mstm8
                                      8 	
                                      9 ;--------------------------------------------------------
                                     10 ; Public variables in this module
                                     11 ;--------------------------------------------------------
                                     12 	.globl _I2C_GetLastEvent
                                     13 ;--------------------------------------------------------
                                     14 ; ram data
                                     15 ;--------------------------------------------------------
                                     16 	.area DATA
                                     17 ;--------------------------------------------------------
                                     18 ; ram data
                                     19 ;--------------------------------------------------------
                                     20 	.area INITIALIZED
                                     21 ;--------------------------------------------------------
                                     22 ; absolute external ram data
                                     23 ;--------------------------------------------------------
                                     24 	.area DABS (ABS)
                                     25 ;--------------------------------------------------------
                                     26 ; global & static initialisations
                                     27 ;--------------------------------------------------------
                                     28 	.area HOME
                                     29 	.area GSINIT
                                     30 	.area GSFINAL
                                     31 	.area GSINIT
                                     32 ;--------------------------------------------------------
                                     33 ; Home
                                     34 ;--------------------------------------------------------
                                     35 	.area HOME
                                     36 	.area HOME
                                     37 ;--------------------------------------------------------
                                     38 ; code
                                     39 ;--------------------------------------------------------
                                     40 	.area CODE
                                     41 ;	/home/grytole/dev/git/stm8builder/stm8builder/stdperiph_driver/src/stm8s_i2c.i2c_getlastevent.c: 138: I2C_Event_TypeDef I2C_GetLastEvent(void)
                                     42 ;	-----------------------------------------
                                     43 ;	 function I2C_GetLastEvent
                                     44 ;	-----------------------------------------
      000000                         45 _I2C_GetLastEvent:
      000000 52 04            [ 2]   46 	sub	sp, #4
                                     47 ;	/home/grytole/dev/git/stm8builder/stm8builder/stdperiph_driver/src/stm8s_i2c.i2c_getlastevent.c: 140: __IO uint16_t lastevent = 0;
      000002 5F               [ 1]   48 	clrw	x
      000003 1F 03            [ 2]   49 	ldw	(0x03, sp), x
                                     50 ;	/home/grytole/dev/git/stm8builder/stm8builder/stdperiph_driver/src/stm8s_i2c.i2c_getlastevent.c: 144: if ((I2C->SR2 & I2C_SR2_AF) != 0x00)
      000005 AE 52 18         [ 2]   51 	ldw	x, #0x5218
      000008 F6               [ 1]   52 	ld	a, (x)
      000009 A5 04            [ 1]   53 	bcp	a, #0x04
      00000B 27 07            [ 1]   54 	jreq	00102$
                                     55 ;	/home/grytole/dev/git/stm8builder/stm8builder/stdperiph_driver/src/stm8s_i2c.i2c_getlastevent.c: 146: lastevent = I2C_EVENT_SLAVE_ACK_FAILURE;
      00000D AE 00 04         [ 2]   56 	ldw	x, #0x0004
      000010 1F 03            [ 2]   57 	ldw	(0x03, sp), x
      000012 20 17            [ 2]   58 	jra	00103$
      000014                         59 00102$:
                                     60 ;	/home/grytole/dev/git/stm8builder/stm8builder/stdperiph_driver/src/stm8s_i2c.i2c_getlastevent.c: 151: flag1 = I2C->SR1;
      000014 AE 52 17         [ 2]   61 	ldw	x, #0x5217
      000017 F6               [ 1]   62 	ld	a, (x)
      000018 5F               [ 1]   63 	clrw	x
      000019 97               [ 1]   64 	ld	xl, a
      00001A 1F 01            [ 2]   65 	ldw	(0x01, sp), x
                                     66 ;	/home/grytole/dev/git/stm8builder/stm8builder/stdperiph_driver/src/stm8s_i2c.i2c_getlastevent.c: 152: flag2 = I2C->SR3;
      00001C AE 52 19         [ 2]   67 	ldw	x, #0x5219
      00001F F6               [ 1]   68 	ld	a, (x)
      000020 95               [ 1]   69 	ld	xh, a
      000021 4F               [ 1]   70 	clr	a
                                     71 ;	/home/grytole/dev/git/stm8builder/stm8builder/stdperiph_driver/src/stm8s_i2c.i2c_getlastevent.c: 155: lastevent = ((uint16_t)((uint16_t)flag2 << 8) | (uint16_t)flag1);
      000022 4F               [ 1]   72 	clr	a
      000023 1A 02            [ 1]   73 	or	a, (0x02, sp)
      000025 02               [ 1]   74 	rlwa	x
      000026 1A 01            [ 1]   75 	or	a, (0x01, sp)
      000028 95               [ 1]   76 	ld	xh, a
      000029 1F 03            [ 2]   77 	ldw	(0x03, sp), x
      00002B                         78 00103$:
                                     79 ;	/home/grytole/dev/git/stm8builder/stm8builder/stdperiph_driver/src/stm8s_i2c.i2c_getlastevent.c: 158: return (I2C_Event_TypeDef)lastevent;
      00002B 1E 03            [ 2]   80 	ldw	x, (0x03, sp)
      00002D 5B 04            [ 2]   81 	addw	sp, #4
      00002F 81               [ 4]   82 	ret
                                     83 	.area CODE
                                     84 	.area INITIALIZER
                                     85 	.area CABS (ABS)
