                                      1 ;--------------------------------------------------------
                                      2 ; File Created by SDCC : free open source ANSI-C Compiler
                                      3 ; Version 3.5.0 #9253 (Mar 24 2016) (Linux)
                                      4 ; This file was generated Tue Dec 12 21:28:06 2017
                                      5 ;--------------------------------------------------------
                                      6 	.module stm8s_tim1_tim1_bdtrconfig
                                      7 	.optsdcc -mstm8
                                      8 	
                                      9 ;--------------------------------------------------------
                                     10 ; Public variables in this module
                                     11 ;--------------------------------------------------------
                                     12 	.globl _assert_failed
                                     13 	.globl _TIM1_BDTRConfig
                                     14 ;--------------------------------------------------------
                                     15 ; ram data
                                     16 ;--------------------------------------------------------
                                     17 	.area DATA
                                     18 ;--------------------------------------------------------
                                     19 ; ram data
                                     20 ;--------------------------------------------------------
                                     21 	.area INITIALIZED
                                     22 ;--------------------------------------------------------
                                     23 ; absolute external ram data
                                     24 ;--------------------------------------------------------
                                     25 	.area DABS (ABS)
                                     26 ;--------------------------------------------------------
                                     27 ; global & static initialisations
                                     28 ;--------------------------------------------------------
                                     29 	.area HOME
                                     30 	.area GSINIT
                                     31 	.area GSFINAL
                                     32 	.area GSINIT
                                     33 ;--------------------------------------------------------
                                     34 ; Home
                                     35 ;--------------------------------------------------------
                                     36 	.area HOME
                                     37 	.area HOME
                                     38 ;--------------------------------------------------------
                                     39 ; code
                                     40 ;--------------------------------------------------------
                                     41 	.area CODE
                                     42 ;	/home/grytole/dev/git/stm8builder/stm8builder/stdperiph_driver/src/stm8s_tim1.tim1_bdtrconfig.c: 58: void TIM1_BDTRConfig(TIM1_OSSIState_TypeDef TIM1_OSSIState,
                                     43 ;	-----------------------------------------
                                     44 ;	 function TIM1_BDTRConfig
                                     45 ;	-----------------------------------------
      000000                         46 _TIM1_BDTRConfig:
      000000 88               [ 1]   47 	push	a
                                     48 ;	/home/grytole/dev/git/stm8builder/stm8builder/stdperiph_driver/src/stm8s_tim1.tim1_bdtrconfig.c: 66: assert_param(IS_TIM1_OSSI_STATE_OK(TIM1_OSSIState));
      000001 7B 04            [ 1]   49 	ld	a, (0x04, sp)
      000003 A1 04            [ 1]   50 	cp	a, #0x04
      000005 27 15            [ 1]   51 	jreq	00104$
      000007 0D 04            [ 1]   52 	tnz	(0x04, sp)
      000009 27 11            [ 1]   53 	jreq	00104$
      00000B 90 AEr00rAE      [ 2]   54 	ldw	y, #___str_0+0
      00000F 4B 42            [ 1]   55 	push	#0x42
      000011 5F               [ 1]   56 	clrw	x
      000012 89               [ 2]   57 	pushw	x
      000013 4B 00            [ 1]   58 	push	#0x00
      000015 90 89            [ 2]   59 	pushw	y
      000017 CDr00r00         [ 4]   60 	call	_assert_failed
      00001A 5B 06            [ 2]   61 	addw	sp, #6
      00001C                         62 00104$:
                                     63 ;	/home/grytole/dev/git/stm8builder/stm8builder/stdperiph_driver/src/stm8s_tim1.tim1_bdtrconfig.c: 67: assert_param(IS_TIM1_LOCK_LEVEL_OK(TIM1_LockLevel));
      00001C 0D 05            [ 1]   64 	tnz	(0x05, sp)
      00001E 27 23            [ 1]   65 	jreq	00109$
      000020 7B 05            [ 1]   66 	ld	a, (0x05, sp)
      000022 A1 01            [ 1]   67 	cp	a, #0x01
      000024 27 1D            [ 1]   68 	jreq	00109$
      000026 7B 05            [ 1]   69 	ld	a, (0x05, sp)
      000028 A1 02            [ 1]   70 	cp	a, #0x02
      00002A 27 17            [ 1]   71 	jreq	00109$
      00002C 7B 05            [ 1]   72 	ld	a, (0x05, sp)
      00002E A1 03            [ 1]   73 	cp	a, #0x03
      000030 27 11            [ 1]   74 	jreq	00109$
      000032 90 AEr00rAE      [ 2]   75 	ldw	y, #___str_0+0
      000036 4B 43            [ 1]   76 	push	#0x43
      000038 5F               [ 1]   77 	clrw	x
      000039 89               [ 2]   78 	pushw	x
      00003A 4B 00            [ 1]   79 	push	#0x00
      00003C 90 89            [ 2]   80 	pushw	y
      00003E CDr00r00         [ 4]   81 	call	_assert_failed
      000041 5B 06            [ 2]   82 	addw	sp, #6
      000043                         83 00109$:
                                     84 ;	/home/grytole/dev/git/stm8builder/stm8builder/stdperiph_driver/src/stm8s_tim1.tim1_bdtrconfig.c: 68: assert_param(IS_TIM1_BREAK_STATE_OK(TIM1_Break));
      000043 7B 07            [ 1]   85 	ld	a, (0x07, sp)
      000045 A1 10            [ 1]   86 	cp	a, #0x10
      000047 27 15            [ 1]   87 	jreq	00120$
      000049 0D 07            [ 1]   88 	tnz	(0x07, sp)
      00004B 27 11            [ 1]   89 	jreq	00120$
      00004D 90 AEr00rAE      [ 2]   90 	ldw	y, #___str_0+0
      000051 4B 44            [ 1]   91 	push	#0x44
      000053 5F               [ 1]   92 	clrw	x
      000054 89               [ 2]   93 	pushw	x
      000055 4B 00            [ 1]   94 	push	#0x00
      000057 90 89            [ 2]   95 	pushw	y
      000059 CDr00r00         [ 4]   96 	call	_assert_failed
      00005C 5B 06            [ 2]   97 	addw	sp, #6
      00005E                         98 00120$:
                                     99 ;	/home/grytole/dev/git/stm8builder/stm8builder/stdperiph_driver/src/stm8s_tim1.tim1_bdtrconfig.c: 69: assert_param(IS_TIM1_BREAK_POLARITY_OK(TIM1_BreakPolarity));
      00005E 0D 08            [ 1]  100 	tnz	(0x08, sp)
      000060 27 17            [ 1]  101 	jreq	00125$
      000062 7B 08            [ 1]  102 	ld	a, (0x08, sp)
      000064 A1 20            [ 1]  103 	cp	a, #0x20
      000066 27 11            [ 1]  104 	jreq	00125$
      000068 90 AEr00rAE      [ 2]  105 	ldw	y, #___str_0+0
      00006C 4B 45            [ 1]  106 	push	#0x45
      00006E 5F               [ 1]  107 	clrw	x
      00006F 89               [ 2]  108 	pushw	x
      000070 4B 00            [ 1]  109 	push	#0x00
      000072 90 89            [ 2]  110 	pushw	y
      000074 CDr00r00         [ 4]  111 	call	_assert_failed
      000077 5B 06            [ 2]  112 	addw	sp, #6
      000079                        113 00125$:
                                    114 ;	/home/grytole/dev/git/stm8builder/stm8builder/stdperiph_driver/src/stm8s_tim1.tim1_bdtrconfig.c: 70: assert_param(IS_TIM1_AUTOMATIC_OUTPUT_STATE_OK(TIM1_AutomaticOutput));
      000079 7B 09            [ 1]  115 	ld	a, (0x09, sp)
      00007B A1 40            [ 1]  116 	cp	a, #0x40
      00007D 27 15            [ 1]  117 	jreq	00130$
      00007F 0D 09            [ 1]  118 	tnz	(0x09, sp)
      000081 27 11            [ 1]  119 	jreq	00130$
      000083 90 AEr00rAE      [ 2]  120 	ldw	y, #___str_0+0
      000087 4B 46            [ 1]  121 	push	#0x46
      000089 5F               [ 1]  122 	clrw	x
      00008A 89               [ 2]  123 	pushw	x
      00008B 4B 00            [ 1]  124 	push	#0x00
      00008D 90 89            [ 2]  125 	pushw	y
      00008F CDr00r00         [ 4]  126 	call	_assert_failed
      000092 5B 06            [ 2]  127 	addw	sp, #6
      000094                        128 00130$:
                                    129 ;	/home/grytole/dev/git/stm8builder/stm8builder/stdperiph_driver/src/stm8s_tim1.tim1_bdtrconfig.c: 72: TIM1->DTR = (uint8_t)(TIM1_DeadTime);
      000094 AE 52 6E         [ 2]  130 	ldw	x, #0x526e
      000097 7B 06            [ 1]  131 	ld	a, (0x06, sp)
      000099 F7               [ 1]  132 	ld	(x), a
                                    133 ;	/home/grytole/dev/git/stm8builder/stm8builder/stdperiph_driver/src/stm8s_tim1.tim1_bdtrconfig.c: 76: TIM1->BKR  =  (uint8_t)((uint8_t)(TIM1_OSSIState | (uint8_t)TIM1_LockLevel)  | 
      00009A 7B 04            [ 1]  134 	ld	a, (0x04, sp)
      00009C 1A 05            [ 1]  135 	or	a, (0x05, sp)
      00009E 6B 01            [ 1]  136 	ld	(0x01, sp), a
                                    137 ;	/home/grytole/dev/git/stm8builder/stm8builder/stdperiph_driver/src/stm8s_tim1.tim1_bdtrconfig.c: 77: (uint8_t)((uint8_t)(TIM1_Break | (uint8_t)TIM1_BreakPolarity)  | 
      0000A0 7B 07            [ 1]  138 	ld	a, (0x07, sp)
      0000A2 1A 08            [ 1]  139 	or	a, (0x08, sp)
                                    140 ;	/home/grytole/dev/git/stm8builder/stm8builder/stdperiph_driver/src/stm8s_tim1.tim1_bdtrconfig.c: 78: (uint8_t)TIM1_AutomaticOutput));
      0000A4 1A 09            [ 1]  141 	or	a, (0x09, sp)
      0000A6 1A 01            [ 1]  142 	or	a, (0x01, sp)
      0000A8 AE 52 6D         [ 2]  143 	ldw	x, #0x526d
      0000AB F7               [ 1]  144 	ld	(x), a
      0000AC 84               [ 1]  145 	pop	a
      0000AD 81               [ 4]  146 	ret
                                    147 	.area CODE
      0000AE                        148 ___str_0:
      0000AE 2F 68 6F 6D 65 2F 67   149 	.ascii "/home/grytole/dev/git/stm8builder/stm8builder/stdperiph_driv"
             72 79 74 6F 6C 65 2F
             64 65 76 2F 67 69 74
             2F 73 74 6D 38 62 75
             69 6C 64 65 72 2F 73
             74 6D 38 62 75 69 6C
             64 65 72 2F 73 74 64
             70 65 72 69 70 68 5F
             64 72 69 76
      0000EA 65 72 2F 73 72 63 2F   150 	.ascii "er/src/stm8s_tim1.tim1_bdtrconfig.c"
             73 74 6D 38 73 5F 74
             69 6D 31 2E 74 69 6D
             31 5F 62 64 74 72 63
             6F 6E 66 69 67 2E 63
      00010D 00                     151 	.db 0x00
                                    152 	.area INITIALIZER
                                    153 	.area CABS (ABS)
