                                      1 ;--------------------------------------------------------
                                      2 ; File Created by SDCC : free open source ANSI-C Compiler
                                      3 ; Version 3.5.0 #9253 (Mar 24 2016) (Linux)
                                      4 ; This file was generated Tue Dec 12 21:28:04 2017
                                      5 ;--------------------------------------------------------
                                      6 	.module stm8s_spi_spi_itconfig
                                      7 	.optsdcc -mstm8
                                      8 	
                                      9 ;--------------------------------------------------------
                                     10 ; Public variables in this module
                                     11 ;--------------------------------------------------------
                                     12 	.globl _assert_failed
                                     13 	.globl _SPI_ITConfig
                                     14 ;--------------------------------------------------------
                                     15 ; ram data
                                     16 ;--------------------------------------------------------
                                     17 	.area DATA
                                     18 ;--------------------------------------------------------
                                     19 ; ram data
                                     20 ;--------------------------------------------------------
                                     21 	.area INITIALIZED
                                     22 ;--------------------------------------------------------
                                     23 ; absolute external ram data
                                     24 ;--------------------------------------------------------
                                     25 	.area DABS (ABS)
                                     26 ;--------------------------------------------------------
                                     27 ; global & static initialisations
                                     28 ;--------------------------------------------------------
                                     29 	.area HOME
                                     30 	.area GSINIT
                                     31 	.area GSFINAL
                                     32 	.area GSINIT
                                     33 ;--------------------------------------------------------
                                     34 ; Home
                                     35 ;--------------------------------------------------------
                                     36 	.area HOME
                                     37 	.area HOME
                                     38 ;--------------------------------------------------------
                                     39 ; code
                                     40 ;--------------------------------------------------------
                                     41 	.area CODE
                                     42 ;	/home/grytole/dev/git/stm8builder/stm8builder/stdperiph_driver/src/stm8s_spi.spi_itconfig.c: 52: void SPI_ITConfig(SPI_IT_TypeDef SPI_IT, FunctionalState NewState)
                                     43 ;	-----------------------------------------
                                     44 ;	 function SPI_ITConfig
                                     45 ;	-----------------------------------------
      000000                         46 _SPI_ITConfig:
      000000 89               [ 2]   47 	pushw	x
                                     48 ;	/home/grytole/dev/git/stm8builder/stm8builder/stdperiph_driver/src/stm8s_spi.spi_itconfig.c: 56: assert_param(IS_SPI_CONFIG_IT_OK(SPI_IT));
      000001 7B 05            [ 1]   49 	ld	a, (0x05, sp)
      000003 A1 17            [ 1]   50 	cp	a, #0x17
      000005 27 23            [ 1]   51 	jreq	00107$
      000007 7B 05            [ 1]   52 	ld	a, (0x05, sp)
      000009 A1 06            [ 1]   53 	cp	a, #0x06
      00000B 27 1D            [ 1]   54 	jreq	00107$
      00000D 7B 05            [ 1]   55 	ld	a, (0x05, sp)
      00000F A1 05            [ 1]   56 	cp	a, #0x05
      000011 27 17            [ 1]   57 	jreq	00107$
      000013 7B 05            [ 1]   58 	ld	a, (0x05, sp)
      000015 A1 34            [ 1]   59 	cp	a, #0x34
      000017 27 11            [ 1]   60 	jreq	00107$
      000019 90 AEr00r7A      [ 2]   61 	ldw	y, #___str_0+0
      00001D 4B 38            [ 1]   62 	push	#0x38
      00001F 5F               [ 1]   63 	clrw	x
      000020 89               [ 2]   64 	pushw	x
      000021 4B 00            [ 1]   65 	push	#0x00
      000023 90 89            [ 2]   66 	pushw	y
      000025 CDr00r00         [ 4]   67 	call	_assert_failed
      000028 5B 06            [ 2]   68 	addw	sp, #6
      00002A                         69 00107$:
                                     70 ;	/home/grytole/dev/git/stm8builder/stm8builder/stdperiph_driver/src/stm8s_spi.spi_itconfig.c: 57: assert_param(IS_FUNCTIONALSTATE_OK(NewState));
      00002A 0D 06            [ 1]   71 	tnz	(0x06, sp)
      00002C 27 17            [ 1]   72 	jreq	00118$
      00002E 7B 06            [ 1]   73 	ld	a, (0x06, sp)
      000030 A1 01            [ 1]   74 	cp	a, #0x01
      000032 27 11            [ 1]   75 	jreq	00118$
      000034 90 AEr00r7A      [ 2]   76 	ldw	y, #___str_0+0
      000038 4B 39            [ 1]   77 	push	#0x39
      00003A 5F               [ 1]   78 	clrw	x
      00003B 89               [ 2]   79 	pushw	x
      00003C 4B 00            [ 1]   80 	push	#0x00
      00003E 90 89            [ 2]   81 	pushw	y
      000040 CDr00r00         [ 4]   82 	call	_assert_failed
      000043 5B 06            [ 2]   83 	addw	sp, #6
      000045                         84 00118$:
                                     85 ;	/home/grytole/dev/git/stm8builder/stm8builder/stdperiph_driver/src/stm8s_spi.spi_itconfig.c: 60: itpos = (uint8_t)((uint8_t)1 << (uint8_t)((uint8_t)SPI_IT & (uint8_t)0x0F));
      000045 7B 05            [ 1]   86 	ld	a, (0x05, sp)
      000047 A4 0F            [ 1]   87 	and	a, #0x0f
      000049 95               [ 1]   88 	ld	xh, a
      00004A A6 01            [ 1]   89 	ld	a, #0x01
      00004C 88               [ 1]   90 	push	a
      00004D 9E               [ 1]   91 	ld	a, xh
      00004E 4D               [ 1]   92 	tnz	a
      00004F 27 05            [ 1]   93 	jreq	00167$
      000051                         94 00166$:
      000051 08 01            [ 1]   95 	sll	(1, sp)
      000053 4A               [ 1]   96 	dec	a
      000054 26 FB            [ 1]   97 	jrne	00166$
      000056                         98 00167$:
      000056 84               [ 1]   99 	pop	a
      000057 6B 01            [ 1]  100 	ld	(0x01, sp), a
                                    101 ;	/home/grytole/dev/git/stm8builder/stm8builder/stdperiph_driver/src/stm8s_spi.spi_itconfig.c: 62: if (NewState != DISABLE)
      000059 0D 06            [ 1]  102 	tnz	(0x06, sp)
      00005B 27 0C            [ 1]  103 	jreq	00102$
                                    104 ;	/home/grytole/dev/git/stm8builder/stm8builder/stdperiph_driver/src/stm8s_spi.spi_itconfig.c: 64: SPI->ICR |= itpos; /* Enable interrupt*/
      00005D AE 52 02         [ 2]  105 	ldw	x, #0x5202
      000060 F6               [ 1]  106 	ld	a, (x)
      000061 1A 01            [ 1]  107 	or	a, (0x01, sp)
      000063 AE 52 02         [ 2]  108 	ldw	x, #0x5202
      000066 F7               [ 1]  109 	ld	(x), a
      000067 20 0F            [ 2]  110 	jra	00104$
      000069                        111 00102$:
                                    112 ;	/home/grytole/dev/git/stm8builder/stm8builder/stdperiph_driver/src/stm8s_spi.spi_itconfig.c: 68: SPI->ICR &= (uint8_t)(~itpos); /* Disable interrupt*/
      000069 AE 52 02         [ 2]  113 	ldw	x, #0x5202
      00006C F6               [ 1]  114 	ld	a, (x)
      00006D 6B 02            [ 1]  115 	ld	(0x02, sp), a
      00006F 7B 01            [ 1]  116 	ld	a, (0x01, sp)
      000071 43               [ 1]  117 	cpl	a
      000072 14 02            [ 1]  118 	and	a, (0x02, sp)
      000074 AE 52 02         [ 2]  119 	ldw	x, #0x5202
      000077 F7               [ 1]  120 	ld	(x), a
      000078                        121 00104$:
      000078 85               [ 2]  122 	popw	x
      000079 81               [ 4]  123 	ret
                                    124 	.area CODE
      00007A                        125 ___str_0:
      00007A 2F 68 6F 6D 65 2F 67   126 	.ascii "/home/grytole/dev/git/stm8builder/stm8builder/stdperiph_driv"
             72 79 74 6F 6C 65 2F
             64 65 76 2F 67 69 74
             2F 73 74 6D 38 62 75
             69 6C 64 65 72 2F 73
             74 6D 38 62 75 69 6C
             64 65 72 2F 73 74 64
             70 65 72 69 70 68 5F
             64 72 69 76
      0000B6 65 72 2F 73 72 63 2F   127 	.ascii "er/src/stm8s_spi.spi_itconfig.c"
             73 74 6D 38 73 5F 73
             70 69 2E 73 70 69 5F
             69 74 63 6F 6E 66 69
             67 2E 63
      0000D5 00                     128 	.db 0x00
                                    129 	.area INITIALIZER
                                    130 	.area CABS (ABS)
