                                      1 ;--------------------------------------------------------
                                      2 ; File Created by SDCC : free open source ANSI-C Compiler
                                      3 ; Version 3.5.0 #9253 (Mar 24 2016) (Linux)
                                      4 ; This file was generated Tue Dec 12 21:27:54 2017
                                      5 ;--------------------------------------------------------
                                      6 	.module stm8s_awu_awu_deinit
                                      7 	.optsdcc -mstm8
                                      8 	
                                      9 ;--------------------------------------------------------
                                     10 ; Public variables in this module
                                     11 ;--------------------------------------------------------
                                     12 	.globl _AWU_DeInit
                                     13 ;--------------------------------------------------------
                                     14 ; ram data
                                     15 ;--------------------------------------------------------
                                     16 	.area DATA
                                     17 ;--------------------------------------------------------
                                     18 ; ram data
                                     19 ;--------------------------------------------------------
                                     20 	.area INITIALIZED
                                     21 ;--------------------------------------------------------
                                     22 ; absolute external ram data
                                     23 ;--------------------------------------------------------
                                     24 	.area DABS (ABS)
                                     25 ;--------------------------------------------------------
                                     26 ; global & static initialisations
                                     27 ;--------------------------------------------------------
                                     28 	.area HOME
                                     29 	.area GSINIT
                                     30 	.area GSFINAL
                                     31 	.area GSINIT
                                     32 ;--------------------------------------------------------
                                     33 ; Home
                                     34 ;--------------------------------------------------------
                                     35 	.area HOME
                                     36 	.area HOME
                                     37 ;--------------------------------------------------------
                                     38 ; code
                                     39 ;--------------------------------------------------------
                                     40 	.area CODE
                                     41 ;	/home/grytole/dev/git/stm8builder/stm8builder/stdperiph_driver/src/stm8s_awu.awu_deinit.c: 54: void AWU_DeInit(void)
                                     42 ;	-----------------------------------------
                                     43 ;	 function AWU_DeInit
                                     44 ;	-----------------------------------------
      000000                         45 _AWU_DeInit:
                                     46 ;	/home/grytole/dev/git/stm8builder/stm8builder/stdperiph_driver/src/stm8s_awu.awu_deinit.c: 56: AWU->CSR = AWU_CSR_RESET_VALUE;
      000000 35 00 50 F0      [ 1]   47 	mov	0x50f0+0, #0x00
                                     48 ;	/home/grytole/dev/git/stm8builder/stm8builder/stdperiph_driver/src/stm8s_awu.awu_deinit.c: 57: AWU->APR = AWU_APR_RESET_VALUE;
      000004 35 3F 50 F1      [ 1]   49 	mov	0x50f1+0, #0x3f
                                     50 ;	/home/grytole/dev/git/stm8builder/stm8builder/stdperiph_driver/src/stm8s_awu.awu_deinit.c: 58: AWU->TBR = AWU_TBR_RESET_VALUE;
      000008 35 00 50 F2      [ 1]   51 	mov	0x50f2+0, #0x00
      00000C 81               [ 4]   52 	ret
                                     53 	.area CODE
                                     54 	.area INITIALIZER
                                     55 	.area CABS (ABS)
