                                      1 ;--------------------------------------------------------
                                      2 ; File Created by SDCC : free open source ANSI-C Compiler
                                      3 ; Version 3.5.0 #9253 (Mar 24 2016) (Linux)
                                      4 ; This file was generated Tue Dec 12 21:28:04 2017
                                      5 ;--------------------------------------------------------
                                      6 	.module stm8s_spi_spi_resetcrc
                                      7 	.optsdcc -mstm8
                                      8 	
                                      9 ;--------------------------------------------------------
                                     10 ; Public variables in this module
                                     11 ;--------------------------------------------------------
                                     12 	.globl _SPI_CalculateCRCCmd
                                     13 	.globl _SPI_Cmd
                                     14 	.globl _SPI_ResetCRC
                                     15 ;--------------------------------------------------------
                                     16 ; ram data
                                     17 ;--------------------------------------------------------
                                     18 	.area DATA
                                     19 ;--------------------------------------------------------
                                     20 ; ram data
                                     21 ;--------------------------------------------------------
                                     22 	.area INITIALIZED
                                     23 ;--------------------------------------------------------
                                     24 ; absolute external ram data
                                     25 ;--------------------------------------------------------
                                     26 	.area DABS (ABS)
                                     27 ;--------------------------------------------------------
                                     28 ; global & static initialisations
                                     29 ;--------------------------------------------------------
                                     30 	.area HOME
                                     31 	.area GSINIT
                                     32 	.area GSFINAL
                                     33 	.area GSINIT
                                     34 ;--------------------------------------------------------
                                     35 ; Home
                                     36 ;--------------------------------------------------------
                                     37 	.area HOME
                                     38 	.area HOME
                                     39 ;--------------------------------------------------------
                                     40 ; code
                                     41 ;--------------------------------------------------------
                                     42 	.area CODE
                                     43 ;	/home/grytole/dev/git/stm8builder/stm8builder/stdperiph_driver/src/stm8s_spi.spi_resetcrc.c: 50: void SPI_ResetCRC(void)
                                     44 ;	-----------------------------------------
                                     45 ;	 function SPI_ResetCRC
                                     46 ;	-----------------------------------------
      000000                         47 _SPI_ResetCRC:
                                     48 ;	/home/grytole/dev/git/stm8builder/stm8builder/stdperiph_driver/src/stm8s_spi.spi_resetcrc.c: 54: SPI_CalculateCRCCmd(ENABLE);
      000000 4B 01            [ 1]   49 	push	#0x01
      000002 CDr00r00         [ 4]   50 	call	_SPI_CalculateCRCCmd
      000005 84               [ 1]   51 	pop	a
                                     52 ;	/home/grytole/dev/git/stm8builder/stm8builder/stdperiph_driver/src/stm8s_spi.spi_resetcrc.c: 57: SPI_Cmd(ENABLE);
      000006 4B 01            [ 1]   53 	push	#0x01
      000008 CDr00r00         [ 4]   54 	call	_SPI_Cmd
      00000B 84               [ 1]   55 	pop	a
      00000C 81               [ 4]   56 	ret
                                     57 	.area CODE
                                     58 	.area INITIALIZER
                                     59 	.area CABS (ABS)
