                                      1 ;--------------------------------------------------------
                                      2 ; File Created by SDCC : free open source ANSI-C Compiler
                                      3 ; Version 3.5.0 #9253 (Mar 24 2016) (Linux)
                                      4 ; This file was generated Tue Dec 12 21:27:55 2017
                                      5 ;--------------------------------------------------------
                                      6 	.module stm8s_clk_clk_getitstatus
                                      7 	.optsdcc -mstm8
                                      8 	
                                      9 ;--------------------------------------------------------
                                     10 ; Public variables in this module
                                     11 ;--------------------------------------------------------
                                     12 	.globl _assert_failed
                                     13 	.globl _CLK_GetITStatus
                                     14 ;--------------------------------------------------------
                                     15 ; ram data
                                     16 ;--------------------------------------------------------
                                     17 	.area DATA
                                     18 ;--------------------------------------------------------
                                     19 ; ram data
                                     20 ;--------------------------------------------------------
                                     21 	.area INITIALIZED
                                     22 ;--------------------------------------------------------
                                     23 ; absolute external ram data
                                     24 ;--------------------------------------------------------
                                     25 	.area DABS (ABS)
                                     26 ;--------------------------------------------------------
                                     27 ; global & static initialisations
                                     28 ;--------------------------------------------------------
                                     29 	.area HOME
                                     30 	.area GSINIT
                                     31 	.area GSFINAL
                                     32 	.area GSINIT
                                     33 ;--------------------------------------------------------
                                     34 ; Home
                                     35 ;--------------------------------------------------------
                                     36 	.area HOME
                                     37 	.area HOME
                                     38 ;--------------------------------------------------------
                                     39 ; code
                                     40 ;--------------------------------------------------------
                                     41 	.area CODE
                                     42 ;	/home/grytole/dev/git/stm8builder/stm8builder/stdperiph_driver/src/stm8s_clk.clk_getitstatus.c: 54: ITStatus CLK_GetITStatus(CLK_IT_TypeDef CLK_IT)
                                     43 ;	-----------------------------------------
                                     44 ;	 function CLK_GetITStatus
                                     45 ;	-----------------------------------------
      000000                         46 _CLK_GetITStatus:
      000000 88               [ 1]   47 	push	a
                                     48 ;	/home/grytole/dev/git/stm8builder/stm8builder/stdperiph_driver/src/stm8s_clk.clk_getitstatus.c: 59: assert_param(IS_CLK_IT_OK(CLK_IT));
      000001 7B 04            [ 1]   49 	ld	a, (0x04, sp)
      000003 A1 1C            [ 1]   50 	cp	a, #0x1c
      000005 26 06            [ 1]   51 	jrne	00138$
      000007 A6 01            [ 1]   52 	ld	a, #0x01
      000009 6B 01            [ 1]   53 	ld	(0x01, sp), a
      00000B 20 02            [ 2]   54 	jra	00139$
      00000D                         55 00138$:
      00000D 0F 01            [ 1]   56 	clr	(0x01, sp)
      00000F                         57 00139$:
      00000F 7B 04            [ 1]   58 	ld	a, (0x04, sp)
      000011 A1 0C            [ 1]   59 	cp	a, #0x0c
      000013 27 15            [ 1]   60 	jreq	00113$
      000015 0D 01            [ 1]   61 	tnz	(0x01, sp)
      000017 26 11            [ 1]   62 	jrne	00113$
      000019 90 AEr00r50      [ 2]   63 	ldw	y, #___str_0+0
      00001D 4B 3B            [ 1]   64 	push	#0x3b
      00001F 5F               [ 1]   65 	clrw	x
      000020 89               [ 2]   66 	pushw	x
      000021 4B 00            [ 1]   67 	push	#0x00
      000023 90 89            [ 2]   68 	pushw	y
      000025 CDr00r00         [ 4]   69 	call	_assert_failed
      000028 5B 06            [ 2]   70 	addw	sp, #6
      00002A                         71 00113$:
                                     72 ;	/home/grytole/dev/git/stm8builder/stm8builder/stdperiph_driver/src/stm8s_clk.clk_getitstatus.c: 61: if (CLK_IT == CLK_IT_SWIF)
      00002A 0D 01            [ 1]   73 	tnz	(0x01, sp)
      00002C 27 11            [ 1]   74 	jreq	00108$
                                     75 ;	/home/grytole/dev/git/stm8builder/stm8builder/stdperiph_driver/src/stm8s_clk.clk_getitstatus.c: 64: if ((CLK->SWCR & (uint8_t)CLK_IT) == (uint8_t)0x0C)
      00002E AE 50 C5         [ 2]   76 	ldw	x, #0x50c5
      000031 F6               [ 1]   77 	ld	a, (x)
      000032 14 04            [ 1]   78 	and	a, (0x04, sp)
      000034 A1 0C            [ 1]   79 	cp	a, #0x0c
      000036 26 04            [ 1]   80 	jrne	00102$
                                     81 ;	/home/grytole/dev/git/stm8builder/stm8builder/stdperiph_driver/src/stm8s_clk.clk_getitstatus.c: 66: bitstatus = SET;
      000038 A6 01            [ 1]   82 	ld	a, #0x01
      00003A 20 11            [ 2]   83 	jra	00109$
      00003C                         84 00102$:
                                     85 ;	/home/grytole/dev/git/stm8builder/stm8builder/stdperiph_driver/src/stm8s_clk.clk_getitstatus.c: 70: bitstatus = RESET;
      00003C 4F               [ 1]   86 	clr	a
      00003D 20 0E            [ 2]   87 	jra	00109$
      00003F                         88 00108$:
                                     89 ;	/home/grytole/dev/git/stm8builder/stm8builder/stdperiph_driver/src/stm8s_clk.clk_getitstatus.c: 76: if ((CLK->CSSR & (uint8_t)CLK_IT) == (uint8_t)0x0C)
      00003F AE 50 C8         [ 2]   90 	ldw	x, #0x50c8
      000042 F6               [ 1]   91 	ld	a, (x)
      000043 14 04            [ 1]   92 	and	a, (0x04, sp)
      000045 A1 0C            [ 1]   93 	cp	a, #0x0c
      000047 26 03            [ 1]   94 	jrne	00105$
                                     95 ;	/home/grytole/dev/git/stm8builder/stm8builder/stdperiph_driver/src/stm8s_clk.clk_getitstatus.c: 78: bitstatus = SET;
      000049 A6 01            [ 1]   96 	ld	a, #0x01
                                     97 ;	/home/grytole/dev/git/stm8builder/stm8builder/stdperiph_driver/src/stm8s_clk.clk_getitstatus.c: 82: bitstatus = RESET;
      00004B 21                      98 	.byte 0x21
      00004C                         99 00105$:
      00004C 4F               [ 1]  100 	clr	a
      00004D                        101 00109$:
                                    102 ;	/home/grytole/dev/git/stm8builder/stm8builder/stdperiph_driver/src/stm8s_clk.clk_getitstatus.c: 87: return bitstatus;
      00004D 5B 01            [ 2]  103 	addw	sp, #1
      00004F 81               [ 4]  104 	ret
                                    105 	.area CODE
      000050                        106 ___str_0:
      000050 2F 68 6F 6D 65 2F 67   107 	.ascii "/home/grytole/dev/git/stm8builder/stm8builder/stdperiph_driv"
             72 79 74 6F 6C 65 2F
             64 65 76 2F 67 69 74
             2F 73 74 6D 38 62 75
             69 6C 64 65 72 2F 73
             74 6D 38 62 75 69 6C
             64 65 72 2F 73 74 64
             70 65 72 69 70 68 5F
             64 72 69 76
      00008C 65 72 2F 73 72 63 2F   108 	.ascii "er/src/stm8s_clk.clk_getitstatus.c"
             73 74 6D 38 73 5F 63
             6C 6B 2E 63 6C 6B 5F
             67 65 74 69 74 73 74
             61 74 75 73 2E 63
      0000AE 00                     109 	.db 0x00
                                    110 	.area INITIALIZER
                                    111 	.area CABS (ABS)
