                                      1 ;--------------------------------------------------------
                                      2 ; File Created by SDCC : free open source ANSI-C Compiler
                                      3 ; Version 3.5.0 #9253 (Mar 24 2016) (Linux)
                                      4 ; This file was generated Tue Dec 12 21:28:07 2017
                                      5 ;--------------------------------------------------------
                                      6 	.module stm8s_tim1___ti2_config
                                      7 	.optsdcc -mstm8
                                      8 	
                                      9 ;--------------------------------------------------------
                                     10 ; Public variables in this module
                                     11 ;--------------------------------------------------------
                                     12 	.globl ___TI2_Config
                                     13 ;--------------------------------------------------------
                                     14 ; ram data
                                     15 ;--------------------------------------------------------
                                     16 	.area DATA
                                     17 ;--------------------------------------------------------
                                     18 ; ram data
                                     19 ;--------------------------------------------------------
                                     20 	.area INITIALIZED
                                     21 ;--------------------------------------------------------
                                     22 ; absolute external ram data
                                     23 ;--------------------------------------------------------
                                     24 	.area DABS (ABS)
                                     25 ;--------------------------------------------------------
                                     26 ; global & static initialisations
                                     27 ;--------------------------------------------------------
                                     28 	.area HOME
                                     29 	.area GSINIT
                                     30 	.area GSFINAL
                                     31 	.area GSINIT
                                     32 ;--------------------------------------------------------
                                     33 ; Home
                                     34 ;--------------------------------------------------------
                                     35 	.area HOME
                                     36 	.area HOME
                                     37 ;--------------------------------------------------------
                                     38 ; code
                                     39 ;--------------------------------------------------------
                                     40 	.area CODE
                                     41 ;	/home/grytole/dev/git/stm8builder/stm8builder/stdperiph_driver/src/stm8s_tim1.__ti2_config.c: 61: void __TI2_Config(uint8_t TIM1_ICPolarity,
                                     42 ;	-----------------------------------------
                                     43 ;	 function __TI2_Config
                                     44 ;	-----------------------------------------
      000000                         45 ___TI2_Config:
      000000 88               [ 1]   46 	push	a
                                     47 ;	/home/grytole/dev/git/stm8builder/stm8builder/stdperiph_driver/src/stm8s_tim1.__ti2_config.c: 66: TIM1->CCER1 &=  (uint8_t)(~TIM1_CCER1_CC2E);
      000001 AE 52 5C         [ 2]   48 	ldw	x, #0x525c
      000004 F6               [ 1]   49 	ld	a, (x)
      000005 A4 EF            [ 1]   50 	and	a, #0xef
      000007 F7               [ 1]   51 	ld	(x), a
                                     52 ;	/home/grytole/dev/git/stm8builder/stm8builder/stdperiph_driver/src/stm8s_tim1.__ti2_config.c: 69: TIM1->CCMR2  = (uint8_t)((uint8_t)(TIM1->CCMR2 & (uint8_t)(~(uint8_t)( TIM1_CCMR_CCxS | TIM1_CCMR_ICxF ))) 
      000008 AE 52 59         [ 2]   53 	ldw	x, #0x5259
      00000B F6               [ 1]   54 	ld	a, (x)
      00000C A4 0C            [ 1]   55 	and	a, #0x0c
      00000E 6B 01            [ 1]   56 	ld	(0x01, sp), a
                                     57 ;	/home/grytole/dev/git/stm8builder/stm8builder/stdperiph_driver/src/stm8s_tim1.__ti2_config.c: 70: | (uint8_t)(( (TIM1_ICSelection)) | ((uint8_t)( TIM1_ICFilter << 4))));
      000010 7B 06            [ 1]   58 	ld	a, (0x06, sp)
      000012 4E               [ 1]   59 	swap	a
      000013 A4 F0            [ 1]   60 	and	a, #0xf0
      000015 1A 05            [ 1]   61 	or	a, (0x05, sp)
      000017 1A 01            [ 1]   62 	or	a, (0x01, sp)
      000019 AE 52 59         [ 2]   63 	ldw	x, #0x5259
      00001C F7               [ 1]   64 	ld	(x), a
                                     65 ;	/home/grytole/dev/git/stm8builder/stm8builder/stdperiph_driver/src/stm8s_tim1.__ti2_config.c: 72: if (TIM1_ICPolarity != TIM1_ICPOLARITY_RISING)
      00001D 0D 04            [ 1]   66 	tnz	(0x04, sp)
      00001F 27 09            [ 1]   67 	jreq	00102$
                                     68 ;	/home/grytole/dev/git/stm8builder/stm8builder/stdperiph_driver/src/stm8s_tim1.__ti2_config.c: 74: TIM1->CCER1 |= TIM1_CCER1_CC2P;
      000021 AE 52 5C         [ 2]   69 	ldw	x, #0x525c
      000024 F6               [ 1]   70 	ld	a, (x)
      000025 AA 20            [ 1]   71 	or	a, #0x20
      000027 F7               [ 1]   72 	ld	(x), a
      000028 20 07            [ 2]   73 	jra	00103$
      00002A                         74 00102$:
                                     75 ;	/home/grytole/dev/git/stm8builder/stm8builder/stdperiph_driver/src/stm8s_tim1.__ti2_config.c: 78: TIM1->CCER1 &= (uint8_t)(~TIM1_CCER1_CC2P);
      00002A AE 52 5C         [ 2]   76 	ldw	x, #0x525c
      00002D F6               [ 1]   77 	ld	a, (x)
      00002E A4 DF            [ 1]   78 	and	a, #0xdf
      000030 F7               [ 1]   79 	ld	(x), a
      000031                         80 00103$:
                                     81 ;	/home/grytole/dev/git/stm8builder/stm8builder/stdperiph_driver/src/stm8s_tim1.__ti2_config.c: 81: TIM1->CCER1 |=  TIM1_CCER1_CC2E;
      000031 AE 52 5C         [ 2]   82 	ldw	x, #0x525c
      000034 F6               [ 1]   83 	ld	a, (x)
      000035 AA 10            [ 1]   84 	or	a, #0x10
      000037 F7               [ 1]   85 	ld	(x), a
      000038 84               [ 1]   86 	pop	a
      000039 81               [ 4]   87 	ret
                                     88 	.area CODE
                                     89 	.area INITIALIZER
                                     90 	.area CABS (ABS)
