                                      1 ;--------------------------------------------------------
                                      2 ; File Created by SDCC : free open source ANSI-C Compiler
                                      3 ; Version 3.5.0 #9253 (Mar 24 2016) (Linux)
                                      4 ; This file was generated Tue Dec 12 21:28:17 2017
                                      5 ;--------------------------------------------------------
                                      6 	.module stm8s_uart1_uart1_deinit
                                      7 	.optsdcc -mstm8
                                      8 	
                                      9 ;--------------------------------------------------------
                                     10 ; Public variables in this module
                                     11 ;--------------------------------------------------------
                                     12 	.globl _UART1_DeInit
                                     13 ;--------------------------------------------------------
                                     14 ; ram data
                                     15 ;--------------------------------------------------------
                                     16 	.area DATA
                                     17 ;--------------------------------------------------------
                                     18 ; ram data
                                     19 ;--------------------------------------------------------
                                     20 	.area INITIALIZED
                                     21 ;--------------------------------------------------------
                                     22 ; absolute external ram data
                                     23 ;--------------------------------------------------------
                                     24 	.area DABS (ABS)
                                     25 ;--------------------------------------------------------
                                     26 ; global & static initialisations
                                     27 ;--------------------------------------------------------
                                     28 	.area HOME
                                     29 	.area GSINIT
                                     30 	.area GSFINAL
                                     31 	.area GSINIT
                                     32 ;--------------------------------------------------------
                                     33 ; Home
                                     34 ;--------------------------------------------------------
                                     35 	.area HOME
                                     36 	.area HOME
                                     37 ;--------------------------------------------------------
                                     38 ; code
                                     39 ;--------------------------------------------------------
                                     40 	.area CODE
                                     41 ;	/home/grytole/dev/git/stm8builder/stm8builder/stdperiph_driver/src/stm8s_uart1.uart1_deinit.c: 53: void UART1_DeInit(void)
                                     42 ;	-----------------------------------------
                                     43 ;	 function UART1_DeInit
                                     44 ;	-----------------------------------------
      000000                         45 _UART1_DeInit:
                                     46 ;	/home/grytole/dev/git/stm8builder/stm8builder/stdperiph_driver/src/stm8s_uart1.uart1_deinit.c: 57: (void)UART1->SR;
      000000 AE 52 30         [ 2]   47 	ldw	x, #0x5230
      000003 F6               [ 1]   48 	ld	a, (x)
                                     49 ;	/home/grytole/dev/git/stm8builder/stm8builder/stdperiph_driver/src/stm8s_uart1.uart1_deinit.c: 58: (void)UART1->DR;
      000004 AE 52 31         [ 2]   50 	ldw	x, #0x5231
      000007 F6               [ 1]   51 	ld	a, (x)
                                     52 ;	/home/grytole/dev/git/stm8builder/stm8builder/stdperiph_driver/src/stm8s_uart1.uart1_deinit.c: 60: UART1->BRR2 = UART1_BRR2_RESET_VALUE;  /* Set UART1_BRR2 to reset value 0x00 */
      000008 35 00 52 33      [ 1]   53 	mov	0x5233+0, #0x00
                                     54 ;	/home/grytole/dev/git/stm8builder/stm8builder/stdperiph_driver/src/stm8s_uart1.uart1_deinit.c: 61: UART1->BRR1 = UART1_BRR1_RESET_VALUE;  /* Set UART1_BRR1 to reset value 0x00 */
      00000C 35 00 52 32      [ 1]   55 	mov	0x5232+0, #0x00
                                     56 ;	/home/grytole/dev/git/stm8builder/stm8builder/stdperiph_driver/src/stm8s_uart1.uart1_deinit.c: 63: UART1->CR1 = UART1_CR1_RESET_VALUE;  /* Set UART1_CR1 to reset value 0x00 */
      000010 35 00 52 34      [ 1]   57 	mov	0x5234+0, #0x00
                                     58 ;	/home/grytole/dev/git/stm8builder/stm8builder/stdperiph_driver/src/stm8s_uart1.uart1_deinit.c: 64: UART1->CR2 = UART1_CR2_RESET_VALUE;  /* Set UART1_CR2 to reset value 0x00 */
      000014 35 00 52 35      [ 1]   59 	mov	0x5235+0, #0x00
                                     60 ;	/home/grytole/dev/git/stm8builder/stm8builder/stdperiph_driver/src/stm8s_uart1.uart1_deinit.c: 65: UART1->CR3 = UART1_CR3_RESET_VALUE;  /* Set UART1_CR3 to reset value 0x00 */
      000018 35 00 52 36      [ 1]   61 	mov	0x5236+0, #0x00
                                     62 ;	/home/grytole/dev/git/stm8builder/stm8builder/stdperiph_driver/src/stm8s_uart1.uart1_deinit.c: 66: UART1->CR4 = UART1_CR4_RESET_VALUE;  /* Set UART1_CR4 to reset value 0x00 */
      00001C 35 00 52 37      [ 1]   63 	mov	0x5237+0, #0x00
                                     64 ;	/home/grytole/dev/git/stm8builder/stm8builder/stdperiph_driver/src/stm8s_uart1.uart1_deinit.c: 67: UART1->CR5 = UART1_CR5_RESET_VALUE;  /* Set UART1_CR5 to reset value 0x00 */
      000020 35 00 52 38      [ 1]   65 	mov	0x5238+0, #0x00
                                     66 ;	/home/grytole/dev/git/stm8builder/stm8builder/stdperiph_driver/src/stm8s_uart1.uart1_deinit.c: 69: UART1->GTR = UART1_GTR_RESET_VALUE;
      000024 35 00 52 39      [ 1]   67 	mov	0x5239+0, #0x00
                                     68 ;	/home/grytole/dev/git/stm8builder/stm8builder/stdperiph_driver/src/stm8s_uart1.uart1_deinit.c: 70: UART1->PSCR = UART1_PSCR_RESET_VALUE;
      000028 35 00 52 3A      [ 1]   69 	mov	0x523a+0, #0x00
      00002C 81               [ 4]   70 	ret
                                     71 	.area CODE
                                     72 	.area INITIALIZER
                                     73 	.area CABS (ABS)
