                                      1 ;--------------------------------------------------------
                                      2 ; File Created by SDCC : free open source ANSI-C Compiler
                                      3 ; Version 3.5.0 #9253 (Mar 24 2016) (Linux)
                                      4 ; This file was generated Tue Dec 12 21:28:00 2017
                                      5 ;--------------------------------------------------------
                                      6 	.module stm8s_gpio_gpio_writelow
                                      7 	.optsdcc -mstm8
                                      8 	
                                      9 ;--------------------------------------------------------
                                     10 ; Public variables in this module
                                     11 ;--------------------------------------------------------
                                     12 	.globl _GPIO_WriteLow
                                     13 ;--------------------------------------------------------
                                     14 ; ram data
                                     15 ;--------------------------------------------------------
                                     16 	.area DATA
                                     17 ;--------------------------------------------------------
                                     18 ; ram data
                                     19 ;--------------------------------------------------------
                                     20 	.area INITIALIZED
                                     21 ;--------------------------------------------------------
                                     22 ; absolute external ram data
                                     23 ;--------------------------------------------------------
                                     24 	.area DABS (ABS)
                                     25 ;--------------------------------------------------------
                                     26 ; global & static initialisations
                                     27 ;--------------------------------------------------------
                                     28 	.area HOME
                                     29 	.area GSINIT
                                     30 	.area GSFINAL
                                     31 	.area GSINIT
                                     32 ;--------------------------------------------------------
                                     33 ; Home
                                     34 ;--------------------------------------------------------
                                     35 	.area HOME
                                     36 	.area HOME
                                     37 ;--------------------------------------------------------
                                     38 ; code
                                     39 ;--------------------------------------------------------
                                     40 	.area CODE
                                     41 ;	/home/grytole/dev/git/stm8builder/stm8builder/stdperiph_driver/src/stm8s_gpio.gpio_writelow.c: 56: void GPIO_WriteLow(GPIO_TypeDef* GPIOx, GPIO_Pin_TypeDef PortPins)
                                     42 ;	-----------------------------------------
                                     43 ;	 function GPIO_WriteLow
                                     44 ;	-----------------------------------------
      000000                         45 _GPIO_WriteLow:
      000000 88               [ 1]   46 	push	a
                                     47 ;	/home/grytole/dev/git/stm8builder/stm8builder/stdperiph_driver/src/stm8s_gpio.gpio_writelow.c: 58: GPIOx->ODR &= (uint8_t)(~PortPins);
      000001 1E 04            [ 2]   48 	ldw	x, (0x04, sp)
      000003 F6               [ 1]   49 	ld	a, (x)
      000004 6B 01            [ 1]   50 	ld	(0x01, sp), a
      000006 7B 06            [ 1]   51 	ld	a, (0x06, sp)
      000008 43               [ 1]   52 	cpl	a
      000009 14 01            [ 1]   53 	and	a, (0x01, sp)
      00000B F7               [ 1]   54 	ld	(x), a
      00000C 84               [ 1]   55 	pop	a
      00000D 81               [ 4]   56 	ret
                                     57 	.area CODE
                                     58 	.area INITIALIZER
                                     59 	.area CABS (ABS)
