                                      1 ;--------------------------------------------------------
                                      2 ; File Created by SDCC : free open source ANSI-C Compiler
                                      3 ; Version 3.5.0 #9253 (Mar 24 2016) (Linux)
                                      4 ; This file was generated Tue Dec 12 21:28:08 2017
                                      5 ;--------------------------------------------------------
                                      6 	.module stm8s_tim1_tim1_oc4init
                                      7 	.optsdcc -mstm8
                                      8 	
                                      9 ;--------------------------------------------------------
                                     10 ; Public variables in this module
                                     11 ;--------------------------------------------------------
                                     12 	.globl _assert_failed
                                     13 	.globl _TIM1_OC4Init
                                     14 ;--------------------------------------------------------
                                     15 ; ram data
                                     16 ;--------------------------------------------------------
                                     17 	.area DATA
                                     18 ;--------------------------------------------------------
                                     19 ; ram data
                                     20 ;--------------------------------------------------------
                                     21 	.area INITIALIZED
                                     22 ;--------------------------------------------------------
                                     23 ; absolute external ram data
                                     24 ;--------------------------------------------------------
                                     25 	.area DABS (ABS)
                                     26 ;--------------------------------------------------------
                                     27 ; global & static initialisations
                                     28 ;--------------------------------------------------------
                                     29 	.area HOME
                                     30 	.area GSINIT
                                     31 	.area GSFINAL
                                     32 	.area GSINIT
                                     33 ;--------------------------------------------------------
                                     34 ; Home
                                     35 ;--------------------------------------------------------
                                     36 	.area HOME
                                     37 	.area HOME
                                     38 ;--------------------------------------------------------
                                     39 ; code
                                     40 ;--------------------------------------------------------
                                     41 	.area CODE
                                     42 ;	/home/grytole/dev/git/stm8builder/stm8builder/stdperiph_driver/src/stm8s_tim1.tim1_oc4init.c: 58: void TIM1_OC4Init(TIM1_OCMode_TypeDef TIM1_OCMode,
                                     43 ;	-----------------------------------------
                                     44 ;	 function TIM1_OC4Init
                                     45 ;	-----------------------------------------
      000000                         46 _TIM1_OC4Init:
      000000 52 04            [ 2]   47 	sub	sp, #4
                                     48 ;	/home/grytole/dev/git/stm8builder/stm8builder/stdperiph_driver/src/stm8s_tim1.tim1_oc4init.c: 65: assert_param(IS_TIM1_OC_MODE_OK(TIM1_OCMode));
      000002 0D 07            [ 1]   49 	tnz	(0x07, sp)
      000004 27 2F            [ 1]   50 	jreq	00107$
      000006 7B 07            [ 1]   51 	ld	a, (0x07, sp)
      000008 A1 10            [ 1]   52 	cp	a, #0x10
      00000A 27 29            [ 1]   53 	jreq	00107$
      00000C 7B 07            [ 1]   54 	ld	a, (0x07, sp)
      00000E A1 20            [ 1]   55 	cp	a, #0x20
      000010 27 23            [ 1]   56 	jreq	00107$
      000012 7B 07            [ 1]   57 	ld	a, (0x07, sp)
      000014 A1 30            [ 1]   58 	cp	a, #0x30
      000016 27 1D            [ 1]   59 	jreq	00107$
      000018 7B 07            [ 1]   60 	ld	a, (0x07, sp)
      00001A A1 60            [ 1]   61 	cp	a, #0x60
      00001C 27 17            [ 1]   62 	jreq	00107$
      00001E 7B 07            [ 1]   63 	ld	a, (0x07, sp)
      000020 A1 70            [ 1]   64 	cp	a, #0x70
      000022 27 11            [ 1]   65 	jreq	00107$
      000024 90 AEr00rD6      [ 2]   66 	ldw	y, #___str_0+0
      000028 4B 41            [ 1]   67 	push	#0x41
      00002A 5F               [ 1]   68 	clrw	x
      00002B 89               [ 2]   69 	pushw	x
      00002C 4B 00            [ 1]   70 	push	#0x00
      00002E 90 89            [ 2]   71 	pushw	y
      000030 CDr00r00         [ 4]   72 	call	_assert_failed
      000033 5B 06            [ 2]   73 	addw	sp, #6
      000035                         74 00107$:
                                     75 ;	/home/grytole/dev/git/stm8builder/stm8builder/stdperiph_driver/src/stm8s_tim1.tim1_oc4init.c: 66: assert_param(IS_TIM1_OUTPUT_STATE_OK(TIM1_OutputState));
      000035 0D 08            [ 1]   76 	tnz	(0x08, sp)
      000037 27 17            [ 1]   77 	jreq	00124$
      000039 7B 08            [ 1]   78 	ld	a, (0x08, sp)
      00003B A1 11            [ 1]   79 	cp	a, #0x11
      00003D 27 11            [ 1]   80 	jreq	00124$
      00003F 90 AEr00rD6      [ 2]   81 	ldw	y, #___str_0+0
      000043 4B 42            [ 1]   82 	push	#0x42
      000045 5F               [ 1]   83 	clrw	x
      000046 89               [ 2]   84 	pushw	x
      000047 4B 00            [ 1]   85 	push	#0x00
      000049 90 89            [ 2]   86 	pushw	y
      00004B CDr00r00         [ 4]   87 	call	_assert_failed
      00004E 5B 06            [ 2]   88 	addw	sp, #6
      000050                         89 00124$:
                                     90 ;	/home/grytole/dev/git/stm8builder/stm8builder/stdperiph_driver/src/stm8s_tim1.tim1_oc4init.c: 67: assert_param(IS_TIM1_OC_POLARITY_OK(TIM1_OCPolarity));
      000050 0D 0B            [ 1]   91 	tnz	(0x0b, sp)
      000052 27 17            [ 1]   92 	jreq	00129$
      000054 7B 0B            [ 1]   93 	ld	a, (0x0b, sp)
      000056 A1 22            [ 1]   94 	cp	a, #0x22
      000058 27 11            [ 1]   95 	jreq	00129$
      00005A 90 AEr00rD6      [ 2]   96 	ldw	y, #___str_0+0
      00005E 4B 43            [ 1]   97 	push	#0x43
      000060 5F               [ 1]   98 	clrw	x
      000061 89               [ 2]   99 	pushw	x
      000062 4B 00            [ 1]  100 	push	#0x00
      000064 90 89            [ 2]  101 	pushw	y
      000066 CDr00r00         [ 4]  102 	call	_assert_failed
      000069 5B 06            [ 2]  103 	addw	sp, #6
      00006B                        104 00129$:
                                    105 ;	/home/grytole/dev/git/stm8builder/stm8builder/stdperiph_driver/src/stm8s_tim1.tim1_oc4init.c: 68: assert_param(IS_TIM1_OCIDLE_STATE_OK(TIM1_OCIdleState));
      00006B 7B 0C            [ 1]  106 	ld	a, (0x0c, sp)
      00006D A1 55            [ 1]  107 	cp	a, #0x55
      00006F 27 15            [ 1]  108 	jreq	00134$
      000071 0D 0C            [ 1]  109 	tnz	(0x0c, sp)
      000073 27 11            [ 1]  110 	jreq	00134$
      000075 90 AEr00rD6      [ 2]  111 	ldw	y, #___str_0+0
      000079 4B 44            [ 1]  112 	push	#0x44
      00007B 5F               [ 1]  113 	clrw	x
      00007C 89               [ 2]  114 	pushw	x
      00007D 4B 00            [ 1]  115 	push	#0x00
      00007F 90 89            [ 2]  116 	pushw	y
      000081 CDr00r00         [ 4]  117 	call	_assert_failed
      000084 5B 06            [ 2]  118 	addw	sp, #6
      000086                        119 00134$:
                                    120 ;	/home/grytole/dev/git/stm8builder/stm8builder/stdperiph_driver/src/stm8s_tim1.tim1_oc4init.c: 71: TIM1->CCER2 &= (uint8_t)(~(TIM1_CCER2_CC4E | TIM1_CCER2_CC4P));
      000086 AE 52 5D         [ 2]  121 	ldw	x, #0x525d
      000089 F6               [ 1]  122 	ld	a, (x)
      00008A A4 CF            [ 1]  123 	and	a, #0xcf
      00008C F7               [ 1]  124 	ld	(x), a
                                    125 ;	/home/grytole/dev/git/stm8builder/stm8builder/stdperiph_driver/src/stm8s_tim1.tim1_oc4init.c: 73: TIM1->CCER2 |= (uint8_t)((uint8_t)(TIM1_OutputState & TIM1_CCER2_CC4E ) |  
      00008D AE 52 5D         [ 2]  126 	ldw	x, #0x525d
      000090 F6               [ 1]  127 	ld	a, (x)
      000091 6B 04            [ 1]  128 	ld	(0x04, sp), a
      000093 7B 08            [ 1]  129 	ld	a, (0x08, sp)
      000095 A4 10            [ 1]  130 	and	a, #0x10
      000097 6B 03            [ 1]  131 	ld	(0x03, sp), a
                                    132 ;	/home/grytole/dev/git/stm8builder/stm8builder/stdperiph_driver/src/stm8s_tim1.tim1_oc4init.c: 74: (uint8_t)(TIM1_OCPolarity  & TIM1_CCER2_CC4P ));
      000099 7B 0B            [ 1]  133 	ld	a, (0x0b, sp)
      00009B A4 20            [ 1]  134 	and	a, #0x20
      00009D 1A 03            [ 1]  135 	or	a, (0x03, sp)
      00009F 1A 04            [ 1]  136 	or	a, (0x04, sp)
      0000A1 AE 52 5D         [ 2]  137 	ldw	x, #0x525d
      0000A4 F7               [ 1]  138 	ld	(x), a
                                    139 ;	/home/grytole/dev/git/stm8builder/stm8builder/stdperiph_driver/src/stm8s_tim1.tim1_oc4init.c: 77: TIM1->CCMR4 = (uint8_t)((uint8_t)(TIM1->CCMR4 & (uint8_t)(~TIM1_CCMR_OCM)) | 
      0000A5 AE 52 5B         [ 2]  140 	ldw	x, #0x525b
      0000A8 F6               [ 1]  141 	ld	a, (x)
      0000A9 A4 8F            [ 1]  142 	and	a, #0x8f
      0000AB 1A 07            [ 1]  143 	or	a, (0x07, sp)
      0000AD AE 52 5B         [ 2]  144 	ldw	x, #0x525b
      0000B0 F7               [ 1]  145 	ld	(x), a
                                    146 ;	/home/grytole/dev/git/stm8builder/stm8builder/stdperiph_driver/src/stm8s_tim1.tim1_oc4init.c: 81: if (TIM1_OCIdleState != TIM1_OCIDLESTATE_RESET)
      0000B1 0D 0C            [ 1]  147 	tnz	(0x0c, sp)
      0000B3 27 09            [ 1]  148 	jreq	00102$
                                    149 ;	/home/grytole/dev/git/stm8builder/stm8builder/stdperiph_driver/src/stm8s_tim1.tim1_oc4init.c: 83: TIM1->OISR |= (uint8_t)(~TIM1_CCER2_CC4P);
      0000B5 AE 52 6F         [ 2]  150 	ldw	x, #0x526f
      0000B8 F6               [ 1]  151 	ld	a, (x)
      0000B9 AA DF            [ 1]  152 	or	a, #0xdf
      0000BB F7               [ 1]  153 	ld	(x), a
      0000BC 20 07            [ 2]  154 	jra	00103$
      0000BE                        155 00102$:
                                    156 ;	/home/grytole/dev/git/stm8builder/stm8builder/stdperiph_driver/src/stm8s_tim1.tim1_oc4init.c: 87: TIM1->OISR &= (uint8_t)(~TIM1_OISR_OIS4);
      0000BE AE 52 6F         [ 2]  157 	ldw	x, #0x526f
      0000C1 F6               [ 1]  158 	ld	a, (x)
      0000C2 A4 BF            [ 1]  159 	and	a, #0xbf
      0000C4 F7               [ 1]  160 	ld	(x), a
      0000C5                        161 00103$:
                                    162 ;	/home/grytole/dev/git/stm8builder/stm8builder/stdperiph_driver/src/stm8s_tim1.tim1_oc4init.c: 91: TIM1->CCR4H = (uint8_t)(TIM1_Pulse >> 8);
      0000C5 7B 09            [ 1]  163 	ld	a, (0x09, sp)
      0000C7 0F 01            [ 1]  164 	clr	(0x01, sp)
      0000C9 AE 52 6B         [ 2]  165 	ldw	x, #0x526b
      0000CC F7               [ 1]  166 	ld	(x), a
                                    167 ;	/home/grytole/dev/git/stm8builder/stm8builder/stdperiph_driver/src/stm8s_tim1.tim1_oc4init.c: 92: TIM1->CCR4L = (uint8_t)(TIM1_Pulse);
      0000CD 7B 0A            [ 1]  168 	ld	a, (0x0a, sp)
      0000CF AE 52 6C         [ 2]  169 	ldw	x, #0x526c
      0000D2 F7               [ 1]  170 	ld	(x), a
      0000D3 5B 04            [ 2]  171 	addw	sp, #4
      0000D5 81               [ 4]  172 	ret
                                    173 	.area CODE
      0000D6                        174 ___str_0:
      0000D6 2F 68 6F 6D 65 2F 67   175 	.ascii "/home/grytole/dev/git/stm8builder/stm8builder/stdperiph_driv"
             72 79 74 6F 6C 65 2F
             64 65 76 2F 67 69 74
             2F 73 74 6D 38 62 75
             69 6C 64 65 72 2F 73
             74 6D 38 62 75 69 6C
             64 65 72 2F 73 74 64
             70 65 72 69 70 68 5F
             64 72 69 76
      000112 65 72 2F 73 72 63 2F   176 	.ascii "er/src/stm8s_tim1.tim1_oc4init.c"
             73 74 6D 38 73 5F 74
             69 6D 31 2E 74 69 6D
             31 5F 6F 63 34 69 6E
             69 74 2E 63
      000132 00                     177 	.db 0x00
                                    178 	.area INITIALIZER
                                    179 	.area CABS (ABS)
