                                      1 ;--------------------------------------------------------
                                      2 ; File Created by SDCC : free open source ANSI-C Compiler
                                      3 ; Version 3.5.0 #9253 (Mar 24 2016) (Linux)
                                      4 ; This file was generated Tue Dec 12 21:28:11 2017
                                      5 ;--------------------------------------------------------
                                      6 	.module stm8s_adc1_adc1_clearflag
                                      7 	.optsdcc -mstm8
                                      8 	
                                      9 ;--------------------------------------------------------
                                     10 ; Public variables in this module
                                     11 ;--------------------------------------------------------
                                     12 	.globl _assert_failed
                                     13 	.globl _ADC1_ClearFlag
                                     14 ;--------------------------------------------------------
                                     15 ; ram data
                                     16 ;--------------------------------------------------------
                                     17 	.area DATA
                                     18 ;--------------------------------------------------------
                                     19 ; ram data
                                     20 ;--------------------------------------------------------
                                     21 	.area INITIALIZED
                                     22 ;--------------------------------------------------------
                                     23 ; absolute external ram data
                                     24 ;--------------------------------------------------------
                                     25 	.area DABS (ABS)
                                     26 ;--------------------------------------------------------
                                     27 ; global & static initialisations
                                     28 ;--------------------------------------------------------
                                     29 	.area HOME
                                     30 	.area GSINIT
                                     31 	.area GSFINAL
                                     32 	.area GSINIT
                                     33 ;--------------------------------------------------------
                                     34 ; Home
                                     35 ;--------------------------------------------------------
                                     36 	.area HOME
                                     37 	.area HOME
                                     38 ;--------------------------------------------------------
                                     39 ; code
                                     40 ;--------------------------------------------------------
                                     41 	.area CODE
                                     42 ;	/home/grytole/dev/git/stm8builder/stm8builder/stdperiph_driver/src/stm8s_adc1.adc1_clearflag.c: 53: void ADC1_ClearFlag(ADC1_Flag_TypeDef Flag)
                                     43 ;	-----------------------------------------
                                     44 ;	 function ADC1_ClearFlag
                                     45 ;	-----------------------------------------
      000000                         46 _ADC1_ClearFlag:
      000000 52 03            [ 2]   47 	sub	sp, #3
                                     48 ;	/home/grytole/dev/git/stm8builder/stm8builder/stdperiph_driver/src/stm8s_adc1.adc1_clearflag.c: 58: assert_param(IS_ADC1_FLAG_OK(Flag));
      000002 7B 06            [ 1]   49 	ld	a, (0x06, sp)
      000004 A1 80            [ 1]   50 	cp	a, #0x80
      000006 27 59            [ 1]   51 	jreq	00113$
      000008 7B 06            [ 1]   52 	ld	a, (0x06, sp)
      00000A A1 41            [ 1]   53 	cp	a, #0x41
      00000C 27 53            [ 1]   54 	jreq	00113$
      00000E 7B 06            [ 1]   55 	ld	a, (0x06, sp)
      000010 A1 40            [ 1]   56 	cp	a, #0x40
      000012 27 4D            [ 1]   57 	jreq	00113$
      000014 7B 06            [ 1]   58 	ld	a, (0x06, sp)
      000016 A1 10            [ 1]   59 	cp	a, #0x10
      000018 27 47            [ 1]   60 	jreq	00113$
      00001A 7B 06            [ 1]   61 	ld	a, (0x06, sp)
      00001C A1 11            [ 1]   62 	cp	a, #0x11
      00001E 27 41            [ 1]   63 	jreq	00113$
      000020 7B 06            [ 1]   64 	ld	a, (0x06, sp)
      000022 A1 12            [ 1]   65 	cp	a, #0x12
      000024 27 3B            [ 1]   66 	jreq	00113$
      000026 7B 06            [ 1]   67 	ld	a, (0x06, sp)
      000028 A1 13            [ 1]   68 	cp	a, #0x13
      00002A 27 35            [ 1]   69 	jreq	00113$
      00002C 7B 06            [ 1]   70 	ld	a, (0x06, sp)
      00002E A1 14            [ 1]   71 	cp	a, #0x14
      000030 27 2F            [ 1]   72 	jreq	00113$
      000032 7B 06            [ 1]   73 	ld	a, (0x06, sp)
      000034 A1 15            [ 1]   74 	cp	a, #0x15
      000036 27 29            [ 1]   75 	jreq	00113$
      000038 7B 06            [ 1]   76 	ld	a, (0x06, sp)
      00003A A1 16            [ 1]   77 	cp	a, #0x16
      00003C 27 23            [ 1]   78 	jreq	00113$
      00003E 7B 06            [ 1]   79 	ld	a, (0x06, sp)
      000040 A1 17            [ 1]   80 	cp	a, #0x17
      000042 27 1D            [ 1]   81 	jreq	00113$
      000044 7B 06            [ 1]   82 	ld	a, (0x06, sp)
      000046 A1 18            [ 1]   83 	cp	a, #0x18
      000048 27 17            [ 1]   84 	jreq	00113$
      00004A 7B 06            [ 1]   85 	ld	a, (0x06, sp)
      00004C A1 19            [ 1]   86 	cp	a, #0x19
      00004E 27 11            [ 1]   87 	jreq	00113$
      000050 90 AEr00rD1      [ 2]   88 	ldw	y, #___str_0+0
      000054 4B 3A            [ 1]   89 	push	#0x3a
      000056 5F               [ 1]   90 	clrw	x
      000057 89               [ 2]   91 	pushw	x
      000058 4B 00            [ 1]   92 	push	#0x00
      00005A 90 89            [ 2]   93 	pushw	y
      00005C CDr00r00         [ 4]   94 	call	_assert_failed
      00005F 5B 06            [ 2]   95 	addw	sp, #6
      000061                         96 00113$:
                                     97 ;	/home/grytole/dev/git/stm8builder/stm8builder/stdperiph_driver/src/stm8s_adc1.adc1_clearflag.c: 60: if ((Flag & 0x0F) == 0x01)
      000061 7B 06            [ 1]   98 	ld	a, (0x06, sp)
      000063 A4 0F            [ 1]   99 	and	a, #0x0f
      000065 95               [ 1]  100 	ld	xh, a
      000066 A1 01            [ 1]  101 	cp	a, #0x01
      000068 26 09            [ 1]  102 	jrne	00108$
                                    103 ;	/home/grytole/dev/git/stm8builder/stm8builder/stdperiph_driver/src/stm8s_adc1.adc1_clearflag.c: 63: ADC1->CR3 &= (uint8_t)(~ADC1_CR3_OVR);
      00006A AE 54 03         [ 2]  104 	ldw	x, #0x5403
      00006D F6               [ 1]  105 	ld	a, (x)
      00006E A4 BF            [ 1]  106 	and	a, #0xbf
      000070 F7               [ 1]  107 	ld	(x), a
      000071 20 5B            [ 2]  108 	jra	00110$
      000073                        109 00108$:
                                    110 ;	/home/grytole/dev/git/stm8builder/stm8builder/stdperiph_driver/src/stm8s_adc1.adc1_clearflag.c: 65: else if ((Flag & 0xF0) == 0x10)
      000073 7B 06            [ 1]  111 	ld	a, (0x06, sp)
      000075 A4 F0            [ 1]  112 	and	a, #0xf0
      000077 A1 10            [ 1]  113 	cp	a, #0x10
      000079 26 44            [ 1]  114 	jrne	00105$
                                    115 ;	/home/grytole/dev/git/stm8builder/stm8builder/stdperiph_driver/src/stm8s_adc1.adc1_clearflag.c: 68: temp = (uint8_t)(Flag & (uint8_t)0x0F);
                                    116 ;	/home/grytole/dev/git/stm8builder/stm8builder/stdperiph_driver/src/stm8s_adc1.adc1_clearflag.c: 69: if (temp < 8)
      00007B 9E               [ 1]  117 	ld	a, xh
      00007C A1 08            [ 1]  118 	cp	a, #0x08
      00007E 24 1E            [ 1]  119 	jrnc	00102$
                                    120 ;	/home/grytole/dev/git/stm8builder/stm8builder/stdperiph_driver/src/stm8s_adc1.adc1_clearflag.c: 71: ADC1->AWSRL &= (uint8_t)~(uint8_t)((uint8_t)1 << temp);
      000080 90 AE 54 0D      [ 2]  121 	ldw	y, #0x540d
      000084 90 F6            [ 1]  122 	ld	a, (y)
      000086 6B 01            [ 1]  123 	ld	(0x01, sp), a
      000088 A6 01            [ 1]  124 	ld	a, #0x01
      00008A 88               [ 1]  125 	push	a
      00008B 9E               [ 1]  126 	ld	a, xh
      00008C 4D               [ 1]  127 	tnz	a
      00008D 27 05            [ 1]  128 	jreq	00261$
      00008F                        129 00260$:
      00008F 08 01            [ 1]  130 	sll	(1, sp)
      000091 4A               [ 1]  131 	dec	a
      000092 26 FB            [ 1]  132 	jrne	00260$
      000094                        133 00261$:
      000094 84               [ 1]  134 	pop	a
      000095 43               [ 1]  135 	cpl	a
      000096 14 01            [ 1]  136 	and	a, (0x01, sp)
      000098 AE 54 0D         [ 2]  137 	ldw	x, #0x540d
      00009B F7               [ 1]  138 	ld	(x), a
      00009C 20 30            [ 2]  139 	jra	00110$
      00009E                        140 00102$:
                                    141 ;	/home/grytole/dev/git/stm8builder/stm8builder/stdperiph_driver/src/stm8s_adc1.adc1_clearflag.c: 75: ADC1->AWSRH &= (uint8_t)~(uint8_t)((uint8_t)1 << (temp - 8));
      00009E 90 AE 54 0C      [ 2]  142 	ldw	y, #0x540c
      0000A2 90 F6            [ 1]  143 	ld	a, (y)
      0000A4 6B 03            [ 1]  144 	ld	(0x03, sp), a
      0000A6 1D 08 00         [ 2]  145 	subw	x, #2048
      0000A9 A6 01            [ 1]  146 	ld	a, #0x01
      0000AB 88               [ 1]  147 	push	a
      0000AC 9E               [ 1]  148 	ld	a, xh
      0000AD 4D               [ 1]  149 	tnz	a
      0000AE 27 05            [ 1]  150 	jreq	00263$
      0000B0                        151 00262$:
      0000B0 08 01            [ 1]  152 	sll	(1, sp)
      0000B2 4A               [ 1]  153 	dec	a
      0000B3 26 FB            [ 1]  154 	jrne	00262$
      0000B5                        155 00263$:
      0000B5 84               [ 1]  156 	pop	a
      0000B6 43               [ 1]  157 	cpl	a
      0000B7 14 03            [ 1]  158 	and	a, (0x03, sp)
      0000B9 AE 54 0C         [ 2]  159 	ldw	x, #0x540c
      0000BC F7               [ 1]  160 	ld	(x), a
      0000BD 20 0F            [ 2]  161 	jra	00110$
      0000BF                        162 00105$:
                                    163 ;	/home/grytole/dev/git/stm8builder/stm8builder/stdperiph_driver/src/stm8s_adc1.adc1_clearflag.c: 80: ADC1->CSR &= (uint8_t) (~Flag);
      0000BF AE 54 00         [ 2]  164 	ldw	x, #0x5400
      0000C2 F6               [ 1]  165 	ld	a, (x)
      0000C3 6B 02            [ 1]  166 	ld	(0x02, sp), a
      0000C5 7B 06            [ 1]  167 	ld	a, (0x06, sp)
      0000C7 43               [ 1]  168 	cpl	a
      0000C8 14 02            [ 1]  169 	and	a, (0x02, sp)
      0000CA AE 54 00         [ 2]  170 	ldw	x, #0x5400
      0000CD F7               [ 1]  171 	ld	(x), a
      0000CE                        172 00110$:
      0000CE 5B 03            [ 2]  173 	addw	sp, #3
      0000D0 81               [ 4]  174 	ret
                                    175 	.area CODE
      0000D1                        176 ___str_0:
      0000D1 2F 68 6F 6D 65 2F 67   177 	.ascii "/home/grytole/dev/git/stm8builder/stm8builder/stdperiph_driv"
             72 79 74 6F 6C 65 2F
             64 65 76 2F 67 69 74
             2F 73 74 6D 38 62 75
             69 6C 64 65 72 2F 73
             74 6D 38 62 75 69 6C
             64 65 72 2F 73 74 64
             70 65 72 69 70 68 5F
             64 72 69 76
      00010D 65 72 2F 73 72 63 2F   178 	.ascii "er/src/stm8s_adc1.adc1_clearflag.c"
             73 74 6D 38 73 5F 61
             64 63 31 2E 61 64 63
             31 5F 63 6C 65 61 72
             66 6C 61 67 2E 63
      00012F 00                     179 	.db 0x00
                                    180 	.area INITIALIZER
                                    181 	.area CABS (ABS)
