                                      1 ;--------------------------------------------------------
                                      2 ; File Created by SDCC : free open source ANSI-C Compiler
                                      3 ; Version 3.5.0 #9253 (Mar 24 2016) (Linux)
                                      4 ; This file was generated Tue Dec 12 21:28:08 2017
                                      5 ;--------------------------------------------------------
                                      6 	.module stm8s_tim1_tim1_selectocxm
                                      7 	.optsdcc -mstm8
                                      8 	
                                      9 ;--------------------------------------------------------
                                     10 ; Public variables in this module
                                     11 ;--------------------------------------------------------
                                     12 	.globl _assert_failed
                                     13 	.globl _TIM1_SelectOCxM
                                     14 ;--------------------------------------------------------
                                     15 ; ram data
                                     16 ;--------------------------------------------------------
                                     17 	.area DATA
                                     18 ;--------------------------------------------------------
                                     19 ; ram data
                                     20 ;--------------------------------------------------------
                                     21 	.area INITIALIZED
                                     22 ;--------------------------------------------------------
                                     23 ; absolute external ram data
                                     24 ;--------------------------------------------------------
                                     25 	.area DABS (ABS)
                                     26 ;--------------------------------------------------------
                                     27 ; global & static initialisations
                                     28 ;--------------------------------------------------------
                                     29 	.area HOME
                                     30 	.area GSINIT
                                     31 	.area GSFINAL
                                     32 	.area GSINIT
                                     33 ;--------------------------------------------------------
                                     34 ; Home
                                     35 ;--------------------------------------------------------
                                     36 	.area HOME
                                     37 	.area HOME
                                     38 ;--------------------------------------------------------
                                     39 ; code
                                     40 ;--------------------------------------------------------
                                     41 	.area CODE
                                     42 ;	/home/grytole/dev/git/stm8builder/stm8builder/stdperiph_driver/src/stm8s_tim1.tim1_selectocxm.c: 66: void TIM1_SelectOCxM(TIM1_Channel_TypeDef TIM1_Channel, TIM1_OCMode_TypeDef TIM1_OCMode)
                                     43 ;	-----------------------------------------
                                     44 ;	 function TIM1_SelectOCxM
                                     45 ;	-----------------------------------------
      000000                         46 _TIM1_SelectOCxM:
      000000 89               [ 2]   47 	pushw	x
                                     48 ;	/home/grytole/dev/git/stm8builder/stm8builder/stdperiph_driver/src/stm8s_tim1.tim1_selectocxm.c: 69: assert_param(IS_TIM1_CHANNEL_OK(TIM1_Channel));
      000001 7B 05            [ 1]   49 	ld	a, (0x05, sp)
      000003 A1 01            [ 1]   50 	cp	a, #0x01
      000005 26 06            [ 1]   51 	jrne	00207$
      000007 A6 01            [ 1]   52 	ld	a, #0x01
      000009 6B 02            [ 1]   53 	ld	(0x02, sp), a
      00000B 20 02            [ 2]   54 	jra	00208$
      00000D                         55 00207$:
      00000D 0F 02            [ 1]   56 	clr	(0x02, sp)
      00000F                         57 00208$:
      00000F 7B 05            [ 1]   58 	ld	a, (0x05, sp)
      000011 A1 02            [ 1]   59 	cp	a, #0x02
      000013 26 06            [ 1]   60 	jrne	00210$
      000015 A6 01            [ 1]   61 	ld	a, #0x01
      000017 6B 01            [ 1]   62 	ld	(0x01, sp), a
      000019 20 02            [ 2]   63 	jra	00211$
      00001B                         64 00210$:
      00001B 0F 01            [ 1]   65 	clr	(0x01, sp)
      00001D                         66 00211$:
      00001D 0D 05            [ 1]   67 	tnz	(0x05, sp)
      00001F 27 1F            [ 1]   68 	jreq	00113$
      000021 0D 02            [ 1]   69 	tnz	(0x02, sp)
      000023 26 1B            [ 1]   70 	jrne	00113$
      000025 0D 01            [ 1]   71 	tnz	(0x01, sp)
      000027 26 17            [ 1]   72 	jrne	00113$
      000029 7B 05            [ 1]   73 	ld	a, (0x05, sp)
      00002B A1 03            [ 1]   74 	cp	a, #0x03
      00002D 27 11            [ 1]   75 	jreq	00113$
      00002F 90 AEr00rD9      [ 2]   76 	ldw	y, #___str_0+0
      000033 4B 45            [ 1]   77 	push	#0x45
      000035 5F               [ 1]   78 	clrw	x
      000036 89               [ 2]   79 	pushw	x
      000037 4B 00            [ 1]   80 	push	#0x00
      000039 90 89            [ 2]   81 	pushw	y
      00003B CDr00r00         [ 4]   82 	call	_assert_failed
      00003E 5B 06            [ 2]   83 	addw	sp, #6
      000040                         84 00113$:
                                     85 ;	/home/grytole/dev/git/stm8builder/stm8builder/stdperiph_driver/src/stm8s_tim1.tim1_selectocxm.c: 70: assert_param(IS_TIM1_OCM_OK(TIM1_OCMode));
      000040 0D 06            [ 1]   86 	tnz	(0x06, sp)
      000042 27 3B            [ 1]   87 	jreq	00124$
      000044 7B 06            [ 1]   88 	ld	a, (0x06, sp)
      000046 A1 10            [ 1]   89 	cp	a, #0x10
      000048 27 35            [ 1]   90 	jreq	00124$
      00004A 7B 06            [ 1]   91 	ld	a, (0x06, sp)
      00004C A1 20            [ 1]   92 	cp	a, #0x20
      00004E 27 2F            [ 1]   93 	jreq	00124$
      000050 7B 06            [ 1]   94 	ld	a, (0x06, sp)
      000052 A1 30            [ 1]   95 	cp	a, #0x30
      000054 27 29            [ 1]   96 	jreq	00124$
      000056 7B 06            [ 1]   97 	ld	a, (0x06, sp)
      000058 A1 60            [ 1]   98 	cp	a, #0x60
      00005A 27 23            [ 1]   99 	jreq	00124$
      00005C 7B 06            [ 1]  100 	ld	a, (0x06, sp)
      00005E A1 70            [ 1]  101 	cp	a, #0x70
      000060 27 1D            [ 1]  102 	jreq	00124$
      000062 7B 06            [ 1]  103 	ld	a, (0x06, sp)
      000064 A1 50            [ 1]  104 	cp	a, #0x50
      000066 27 17            [ 1]  105 	jreq	00124$
      000068 7B 06            [ 1]  106 	ld	a, (0x06, sp)
      00006A A1 40            [ 1]  107 	cp	a, #0x40
      00006C 27 11            [ 1]  108 	jreq	00124$
      00006E 90 AEr00rD9      [ 2]  109 	ldw	y, #___str_0+0
      000072 4B 46            [ 1]  110 	push	#0x46
      000074 5F               [ 1]  111 	clrw	x
      000075 89               [ 2]  112 	pushw	x
      000076 4B 00            [ 1]  113 	push	#0x00
      000078 90 89            [ 2]  114 	pushw	y
      00007A CDr00r00         [ 4]  115 	call	_assert_failed
      00007D 5B 06            [ 2]  116 	addw	sp, #6
      00007F                        117 00124$:
                                    118 ;	/home/grytole/dev/git/stm8builder/stm8builder/stdperiph_driver/src/stm8s_tim1.tim1_selectocxm.c: 72: if (TIM1_Channel == TIM1_CHANNEL_1)
      00007F 0D 05            [ 1]  119 	tnz	(0x05, sp)
      000081 26 12            [ 1]  120 	jrne	00108$
                                    121 ;	/home/grytole/dev/git/stm8builder/stm8builder/stdperiph_driver/src/stm8s_tim1.tim1_selectocxm.c: 75: TIM1->CCER1 &= (uint8_t)(~TIM1_CCER1_CC1E);
      000083 72 11 52 5C      [ 1]  122 	bres	0x525c, #0
                                    123 ;	/home/grytole/dev/git/stm8builder/stm8builder/stdperiph_driver/src/stm8s_tim1.tim1_selectocxm.c: 78: TIM1->CCMR1 = (uint8_t)((uint8_t)(TIM1->CCMR1 & (uint8_t)(~TIM1_CCMR_OCM)) 
      000087 AE 52 58         [ 2]  124 	ldw	x, #0x5258
      00008A F6               [ 1]  125 	ld	a, (x)
      00008B A4 8F            [ 1]  126 	and	a, #0x8f
                                    127 ;	/home/grytole/dev/git/stm8builder/stm8builder/stdperiph_driver/src/stm8s_tim1.tim1_selectocxm.c: 79: | (uint8_t)TIM1_OCMode);
      00008D 1A 06            [ 1]  128 	or	a, (0x06, sp)
      00008F AE 52 58         [ 2]  129 	ldw	x, #0x5258
      000092 F7               [ 1]  130 	ld	(x), a
      000093 20 42            [ 2]  131 	jra	00110$
      000095                        132 00108$:
                                    133 ;	/home/grytole/dev/git/stm8builder/stm8builder/stdperiph_driver/src/stm8s_tim1.tim1_selectocxm.c: 81: else if (TIM1_Channel == TIM1_CHANNEL_2)
      000095 0D 02            [ 1]  134 	tnz	(0x02, sp)
      000097 27 15            [ 1]  135 	jreq	00105$
                                    136 ;	/home/grytole/dev/git/stm8builder/stm8builder/stdperiph_driver/src/stm8s_tim1.tim1_selectocxm.c: 84: TIM1->CCER1 &= (uint8_t)(~TIM1_CCER1_CC2E);
      000099 AE 52 5C         [ 2]  137 	ldw	x, #0x525c
      00009C F6               [ 1]  138 	ld	a, (x)
      00009D A4 EF            [ 1]  139 	and	a, #0xef
      00009F F7               [ 1]  140 	ld	(x), a
                                    141 ;	/home/grytole/dev/git/stm8builder/stm8builder/stdperiph_driver/src/stm8s_tim1.tim1_selectocxm.c: 87: TIM1->CCMR2 = (uint8_t)((uint8_t)(TIM1->CCMR2 & (uint8_t)(~TIM1_CCMR_OCM))
      0000A0 AE 52 59         [ 2]  142 	ldw	x, #0x5259
      0000A3 F6               [ 1]  143 	ld	a, (x)
      0000A4 A4 8F            [ 1]  144 	and	a, #0x8f
                                    145 ;	/home/grytole/dev/git/stm8builder/stm8builder/stdperiph_driver/src/stm8s_tim1.tim1_selectocxm.c: 88: | (uint8_t)TIM1_OCMode);
      0000A6 1A 06            [ 1]  146 	or	a, (0x06, sp)
      0000A8 AE 52 59         [ 2]  147 	ldw	x, #0x5259
      0000AB F7               [ 1]  148 	ld	(x), a
      0000AC 20 29            [ 2]  149 	jra	00110$
      0000AE                        150 00105$:
                                    151 ;	/home/grytole/dev/git/stm8builder/stm8builder/stdperiph_driver/src/stm8s_tim1.tim1_selectocxm.c: 90: else if (TIM1_Channel == TIM1_CHANNEL_3)
      0000AE 0D 01            [ 1]  152 	tnz	(0x01, sp)
      0000B0 27 12            [ 1]  153 	jreq	00102$
                                    154 ;	/home/grytole/dev/git/stm8builder/stm8builder/stdperiph_driver/src/stm8s_tim1.tim1_selectocxm.c: 93: TIM1->CCER2 &= (uint8_t)(~TIM1_CCER2_CC3E);
      0000B2 72 11 52 5D      [ 1]  155 	bres	0x525d, #0
                                    156 ;	/home/grytole/dev/git/stm8builder/stm8builder/stdperiph_driver/src/stm8s_tim1.tim1_selectocxm.c: 96: TIM1->CCMR3 = (uint8_t)((uint8_t)(TIM1->CCMR3 & (uint8_t)(~TIM1_CCMR_OCM)) 
      0000B6 AE 52 5A         [ 2]  157 	ldw	x, #0x525a
      0000B9 F6               [ 1]  158 	ld	a, (x)
      0000BA A4 8F            [ 1]  159 	and	a, #0x8f
                                    160 ;	/home/grytole/dev/git/stm8builder/stm8builder/stdperiph_driver/src/stm8s_tim1.tim1_selectocxm.c: 97: | (uint8_t)TIM1_OCMode);
      0000BC 1A 06            [ 1]  161 	or	a, (0x06, sp)
      0000BE AE 52 5A         [ 2]  162 	ldw	x, #0x525a
      0000C1 F7               [ 1]  163 	ld	(x), a
      0000C2 20 13            [ 2]  164 	jra	00110$
      0000C4                        165 00102$:
                                    166 ;	/home/grytole/dev/git/stm8builder/stm8builder/stdperiph_driver/src/stm8s_tim1.tim1_selectocxm.c: 102: TIM1->CCER2 &= (uint8_t)(~TIM1_CCER2_CC4E);
      0000C4 AE 52 5D         [ 2]  167 	ldw	x, #0x525d
      0000C7 F6               [ 1]  168 	ld	a, (x)
      0000C8 A4 EF            [ 1]  169 	and	a, #0xef
      0000CA F7               [ 1]  170 	ld	(x), a
                                    171 ;	/home/grytole/dev/git/stm8builder/stm8builder/stdperiph_driver/src/stm8s_tim1.tim1_selectocxm.c: 105: TIM1->CCMR4 = (uint8_t)((uint8_t)(TIM1->CCMR4 & (uint8_t)(~TIM1_CCMR_OCM)) 
      0000CB AE 52 5B         [ 2]  172 	ldw	x, #0x525b
      0000CE F6               [ 1]  173 	ld	a, (x)
      0000CF A4 8F            [ 1]  174 	and	a, #0x8f
                                    175 ;	/home/grytole/dev/git/stm8builder/stm8builder/stdperiph_driver/src/stm8s_tim1.tim1_selectocxm.c: 106: | (uint8_t)TIM1_OCMode);
      0000D1 1A 06            [ 1]  176 	or	a, (0x06, sp)
      0000D3 AE 52 5B         [ 2]  177 	ldw	x, #0x525b
      0000D6 F7               [ 1]  178 	ld	(x), a
      0000D7                        179 00110$:
      0000D7 85               [ 2]  180 	popw	x
      0000D8 81               [ 4]  181 	ret
                                    182 	.area CODE
      0000D9                        183 ___str_0:
      0000D9 2F 68 6F 6D 65 2F 67   184 	.ascii "/home/grytole/dev/git/stm8builder/stm8builder/stdperiph_driv"
             72 79 74 6F 6C 65 2F
             64 65 76 2F 67 69 74
             2F 73 74 6D 38 62 75
             69 6C 64 65 72 2F 73
             74 6D 38 62 75 69 6C
             64 65 72 2F 73 74 64
             70 65 72 69 70 68 5F
             64 72 69 76
      000115 65 72 2F 73 72 63 2F   185 	.ascii "er/src/stm8s_tim1.tim1_selectocxm.c"
             73 74 6D 38 73 5F 74
             69 6D 31 2E 74 69 6D
             31 5F 73 65 6C 65 63
             74 6F 63 78 6D 2E 63
      000138 00                     186 	.db 0x00
                                    187 	.area INITIALIZER
                                    188 	.area CABS (ABS)
