                                      1 ;--------------------------------------------------------
                                      2 ; File Created by SDCC : free open source ANSI-C Compiler
                                      3 ; Version 3.5.0 #9253 (Mar 24 2016) (Linux)
                                      4 ; This file was generated Tue Dec 12 21:28:02 2017
                                      5 ;--------------------------------------------------------
                                      6 	.module stm8s_i2c_i2c_itconfig
                                      7 	.optsdcc -mstm8
                                      8 	
                                      9 ;--------------------------------------------------------
                                     10 ; Public variables in this module
                                     11 ;--------------------------------------------------------
                                     12 	.globl _assert_failed
                                     13 	.globl _I2C_ITConfig
                                     14 ;--------------------------------------------------------
                                     15 ; ram data
                                     16 ;--------------------------------------------------------
                                     17 	.area DATA
                                     18 ;--------------------------------------------------------
                                     19 ; ram data
                                     20 ;--------------------------------------------------------
                                     21 	.area INITIALIZED
                                     22 ;--------------------------------------------------------
                                     23 ; absolute external ram data
                                     24 ;--------------------------------------------------------
                                     25 	.area DABS (ABS)
                                     26 ;--------------------------------------------------------
                                     27 ; global & static initialisations
                                     28 ;--------------------------------------------------------
                                     29 	.area HOME
                                     30 	.area GSINIT
                                     31 	.area GSFINAL
                                     32 	.area GSINIT
                                     33 ;--------------------------------------------------------
                                     34 ; Home
                                     35 ;--------------------------------------------------------
                                     36 	.area HOME
                                     37 	.area HOME
                                     38 ;--------------------------------------------------------
                                     39 ; code
                                     40 ;--------------------------------------------------------
                                     41 	.area CODE
                                     42 ;	/home/grytole/dev/git/stm8builder/stm8builder/stdperiph_driver/src/stm8s_i2c.i2c_itconfig.c: 53: void I2C_ITConfig(I2C_IT_TypeDef I2C_IT, FunctionalState NewState)
                                     43 ;	-----------------------------------------
                                     44 ;	 function I2C_ITConfig
                                     45 ;	-----------------------------------------
      000000                         46 _I2C_ITConfig:
      000000 88               [ 1]   47 	push	a
                                     48 ;	/home/grytole/dev/git/stm8builder/stm8builder/stdperiph_driver/src/stm8s_i2c.i2c_itconfig.c: 56: assert_param(IS_I2C_INTERRUPT_OK(I2C_IT));
      000001 7B 04            [ 1]   49 	ld	a, (0x04, sp)
      000003 A1 01            [ 1]   50 	cp	a, #0x01
      000005 27 35            [ 1]   51 	jreq	00107$
      000007 7B 04            [ 1]   52 	ld	a, (0x04, sp)
      000009 A1 02            [ 1]   53 	cp	a, #0x02
      00000B 27 2F            [ 1]   54 	jreq	00107$
      00000D 7B 04            [ 1]   55 	ld	a, (0x04, sp)
      00000F A1 04            [ 1]   56 	cp	a, #0x04
      000011 27 29            [ 1]   57 	jreq	00107$
      000013 7B 04            [ 1]   58 	ld	a, (0x04, sp)
      000015 A1 03            [ 1]   59 	cp	a, #0x03
      000017 27 23            [ 1]   60 	jreq	00107$
      000019 7B 04            [ 1]   61 	ld	a, (0x04, sp)
      00001B A1 05            [ 1]   62 	cp	a, #0x05
      00001D 27 1D            [ 1]   63 	jreq	00107$
      00001F 7B 04            [ 1]   64 	ld	a, (0x04, sp)
      000021 A1 06            [ 1]   65 	cp	a, #0x06
      000023 27 17            [ 1]   66 	jreq	00107$
      000025 7B 04            [ 1]   67 	ld	a, (0x04, sp)
      000027 A1 07            [ 1]   68 	cp	a, #0x07
      000029 27 11            [ 1]   69 	jreq	00107$
      00002B 90 AEr00r78      [ 2]   70 	ldw	y, #___str_0+0
      00002F 4B 38            [ 1]   71 	push	#0x38
      000031 5F               [ 1]   72 	clrw	x
      000032 89               [ 2]   73 	pushw	x
      000033 4B 00            [ 1]   74 	push	#0x00
      000035 90 89            [ 2]   75 	pushw	y
      000037 CDr00r00         [ 4]   76 	call	_assert_failed
      00003A 5B 06            [ 2]   77 	addw	sp, #6
      00003C                         78 00107$:
                                     79 ;	/home/grytole/dev/git/stm8builder/stm8builder/stdperiph_driver/src/stm8s_i2c.i2c_itconfig.c: 57: assert_param(IS_FUNCTIONALSTATE_OK(NewState));
      00003C 0D 05            [ 1]   80 	tnz	(0x05, sp)
      00003E 27 17            [ 1]   81 	jreq	00127$
      000040 7B 05            [ 1]   82 	ld	a, (0x05, sp)
      000042 A1 01            [ 1]   83 	cp	a, #0x01
      000044 27 11            [ 1]   84 	jreq	00127$
      000046 90 AEr00r78      [ 2]   85 	ldw	y, #___str_0+0
      00004A 4B 39            [ 1]   86 	push	#0x39
      00004C 5F               [ 1]   87 	clrw	x
      00004D 89               [ 2]   88 	pushw	x
      00004E 4B 00            [ 1]   89 	push	#0x00
      000050 90 89            [ 2]   90 	pushw	y
      000052 CDr00r00         [ 4]   91 	call	_assert_failed
      000055 5B 06            [ 2]   92 	addw	sp, #6
      000057                         93 00127$:
                                     94 ;	/home/grytole/dev/git/stm8builder/stm8builder/stdperiph_driver/src/stm8s_i2c.i2c_itconfig.c: 59: if (NewState != DISABLE)
      000057 0D 05            [ 1]   95 	tnz	(0x05, sp)
      000059 27 0C            [ 1]   96 	jreq	00102$
                                     97 ;	/home/grytole/dev/git/stm8builder/stm8builder/stdperiph_driver/src/stm8s_i2c.i2c_itconfig.c: 62: I2C->ITR |= (uint8_t)I2C_IT;
      00005B AE 52 1A         [ 2]   98 	ldw	x, #0x521a
      00005E F6               [ 1]   99 	ld	a, (x)
      00005F 1A 04            [ 1]  100 	or	a, (0x04, sp)
      000061 AE 52 1A         [ 2]  101 	ldw	x, #0x521a
      000064 F7               [ 1]  102 	ld	(x), a
      000065 20 0F            [ 2]  103 	jra	00104$
      000067                        104 00102$:
                                    105 ;	/home/grytole/dev/git/stm8builder/stm8builder/stdperiph_driver/src/stm8s_i2c.i2c_itconfig.c: 67: I2C->ITR &= (uint8_t)(~(uint8_t)I2C_IT);
      000067 AE 52 1A         [ 2]  106 	ldw	x, #0x521a
      00006A F6               [ 1]  107 	ld	a, (x)
      00006B 6B 01            [ 1]  108 	ld	(0x01, sp), a
      00006D 7B 04            [ 1]  109 	ld	a, (0x04, sp)
      00006F 43               [ 1]  110 	cpl	a
      000070 14 01            [ 1]  111 	and	a, (0x01, sp)
      000072 AE 52 1A         [ 2]  112 	ldw	x, #0x521a
      000075 F7               [ 1]  113 	ld	(x), a
      000076                        114 00104$:
      000076 84               [ 1]  115 	pop	a
      000077 81               [ 4]  116 	ret
                                    117 	.area CODE
      000078                        118 ___str_0:
      000078 2F 68 6F 6D 65 2F 67   119 	.ascii "/home/grytole/dev/git/stm8builder/stm8builder/stdperiph_driv"
             72 79 74 6F 6C 65 2F
             64 65 76 2F 67 69 74
             2F 73 74 6D 38 62 75
             69 6C 64 65 72 2F 73
             74 6D 38 62 75 69 6C
             64 65 72 2F 73 74 64
             70 65 72 69 70 68 5F
             64 72 69 76
      0000B4 65 72 2F 73 72 63 2F   120 	.ascii "er/src/stm8s_i2c.i2c_itconfig.c"
             73 74 6D 38 73 5F 69
             32 63 2E 69 32 63 5F
             69 74 63 6F 6E 66 69
             67 2E 63
      0000D3 00                     121 	.db 0x00
                                    122 	.area INITIALIZER
                                    123 	.area CABS (ABS)
