                                      1 ;--------------------------------------------------------
                                      2 ; File Created by SDCC : free open source ANSI-C Compiler
                                      3 ; Version 3.5.0 #9253 (Mar 24 2016) (Linux)
                                      4 ; This file was generated Tue Dec 12 21:28:05 2017
                                      5 ;--------------------------------------------------------
                                      6 	.module stm8s_tim1_tim1_getcapture4
                                      7 	.optsdcc -mstm8
                                      8 	
                                      9 ;--------------------------------------------------------
                                     10 ; Public variables in this module
                                     11 ;--------------------------------------------------------
                                     12 	.globl _TIM1_GetCapture4
                                     13 ;--------------------------------------------------------
                                     14 ; ram data
                                     15 ;--------------------------------------------------------
                                     16 	.area DATA
                                     17 ;--------------------------------------------------------
                                     18 ; ram data
                                     19 ;--------------------------------------------------------
                                     20 	.area INITIALIZED
                                     21 ;--------------------------------------------------------
                                     22 ; absolute external ram data
                                     23 ;--------------------------------------------------------
                                     24 	.area DABS (ABS)
                                     25 ;--------------------------------------------------------
                                     26 ; global & static initialisations
                                     27 ;--------------------------------------------------------
                                     28 	.area HOME
                                     29 	.area GSINIT
                                     30 	.area GSFINAL
                                     31 	.area GSINIT
                                     32 ;--------------------------------------------------------
                                     33 ; Home
                                     34 ;--------------------------------------------------------
                                     35 	.area HOME
                                     36 	.area HOME
                                     37 ;--------------------------------------------------------
                                     38 ; code
                                     39 ;--------------------------------------------------------
                                     40 	.area CODE
                                     41 ;	/home/grytole/dev/git/stm8builder/stm8builder/stdperiph_driver/src/stm8s_tim1.tim1_getcapture4.c: 50: uint16_t TIM1_GetCapture4(void)
                                     42 ;	-----------------------------------------
                                     43 ;	 function TIM1_GetCapture4
                                     44 ;	-----------------------------------------
      000000                         45 _TIM1_GetCapture4:
      000000 89               [ 2]   46 	pushw	x
                                     47 ;	/home/grytole/dev/git/stm8builder/stm8builder/stdperiph_driver/src/stm8s_tim1.tim1_getcapture4.c: 56: tmpccr4h = TIM1->CCR4H;
      000001 AE 52 6B         [ 2]   48 	ldw	x, #0x526b
      000004 F6               [ 1]   49 	ld	a, (x)
      000005 90 95            [ 1]   50 	ld	yh, a
                                     51 ;	/home/grytole/dev/git/stm8builder/stm8builder/stdperiph_driver/src/stm8s_tim1.tim1_getcapture4.c: 57: tmpccr4l = TIM1->CCR4L;
      000007 AE 52 6C         [ 2]   52 	ldw	x, #0x526c
      00000A F6               [ 1]   53 	ld	a, (x)
                                     54 ;	/home/grytole/dev/git/stm8builder/stm8builder/stdperiph_driver/src/stm8s_tim1.tim1_getcapture4.c: 59: tmpccr4 = (uint16_t)(tmpccr4l);
      00000B 5F               [ 1]   55 	clrw	x
      00000C 97               [ 1]   56 	ld	xl, a
      00000D 1F 01            [ 2]   57 	ldw	(0x01, sp), x
                                     58 ;	/home/grytole/dev/git/stm8builder/stm8builder/stdperiph_driver/src/stm8s_tim1.tim1_getcapture4.c: 60: tmpccr4 |= (uint16_t)((uint16_t)tmpccr4h << 8);
      00000F 4F               [ 1]   59 	clr	a
      000010 4F               [ 1]   60 	clr	a
      000011 1A 02            [ 1]   61 	or	a, (0x02, sp)
      000013 97               [ 1]   62 	ld	xl, a
      000014 90 9E            [ 1]   63 	ld	a, yh
      000016 1A 01            [ 1]   64 	or	a, (0x01, sp)
      000018 95               [ 1]   65 	ld	xh, a
                                     66 ;	/home/grytole/dev/git/stm8builder/stm8builder/stdperiph_driver/src/stm8s_tim1.tim1_getcapture4.c: 62: return (uint16_t)tmpccr4;
      000019 5B 02            [ 2]   67 	addw	sp, #2
      00001B 81               [ 4]   68 	ret
                                     69 	.area CODE
                                     70 	.area INITIALIZER
                                     71 	.area CABS (ABS)
