                                      1 ;--------------------------------------------------------
                                      2 ; File Created by SDCC : free open source ANSI-C Compiler
                                      3 ; Version 3.5.0 #9253 (Mar 24 2016) (Linux)
                                      4 ; This file was generated Tue Dec 12 21:27:54 2017
                                      5 ;--------------------------------------------------------
                                      6 	.module stm8s_awu_awu_getflagstatus
                                      7 	.optsdcc -mstm8
                                      8 	
                                      9 ;--------------------------------------------------------
                                     10 ; Public variables in this module
                                     11 ;--------------------------------------------------------
                                     12 	.globl _AWU_GetFlagStatus
                                     13 ;--------------------------------------------------------
                                     14 ; ram data
                                     15 ;--------------------------------------------------------
                                     16 	.area DATA
                                     17 ;--------------------------------------------------------
                                     18 ; ram data
                                     19 ;--------------------------------------------------------
                                     20 	.area INITIALIZED
                                     21 ;--------------------------------------------------------
                                     22 ; absolute external ram data
                                     23 ;--------------------------------------------------------
                                     24 	.area DABS (ABS)
                                     25 ;--------------------------------------------------------
                                     26 ; global & static initialisations
                                     27 ;--------------------------------------------------------
                                     28 	.area HOME
                                     29 	.area GSINIT
                                     30 	.area GSFINAL
                                     31 	.area GSINIT
                                     32 ;--------------------------------------------------------
                                     33 ; Home
                                     34 ;--------------------------------------------------------
                                     35 	.area HOME
                                     36 	.area HOME
                                     37 ;--------------------------------------------------------
                                     38 ; code
                                     39 ;--------------------------------------------------------
                                     40 	.area CODE
                                     41 ;	/home/grytole/dev/git/stm8builder/stm8builder/stdperiph_driver/src/stm8s_awu.awu_getflagstatus.c: 54: FlagStatus AWU_GetFlagStatus(void)
                                     42 ;	-----------------------------------------
                                     43 ;	 function AWU_GetFlagStatus
                                     44 ;	-----------------------------------------
      000000                         45 _AWU_GetFlagStatus:
                                     46 ;	/home/grytole/dev/git/stm8builder/stm8builder/stdperiph_driver/src/stm8s_awu.awu_getflagstatus.c: 56: return((FlagStatus)(((uint8_t)(AWU->CSR & AWU_CSR_AWUF) == (uint8_t)0x00) ? RESET : SET));
      000000 AE 50 F0         [ 2]   47 	ldw	x, #0x50f0
      000003 F6               [ 1]   48 	ld	a, (x)
      000004 A5 20            [ 1]   49 	bcp	a, #0x20
      000006 26 03            [ 1]   50 	jrne	00103$
      000008 4F               [ 1]   51 	clr	a
      000009 20 02            [ 2]   52 	jra	00104$
      00000B                         53 00103$:
      00000B A6 01            [ 1]   54 	ld	a, #0x01
      00000D                         55 00104$:
      00000D 81               [ 4]   56 	ret
                                     57 	.area CODE
                                     58 	.area INITIALIZER
                                     59 	.area CABS (ABS)
