                                      1 ;--------------------------------------------------------
                                      2 ; File Created by SDCC : free open source ANSI-C Compiler
                                      3 ; Version 3.5.0 #9253 (Mar 24 2016) (Linux)
                                      4 ; This file was generated Tue Dec 12 21:27:54 2017
                                      5 ;--------------------------------------------------------
                                      6 	.module stm8s_beep_beep_lsicalibrationconfig
                                      7 	.optsdcc -mstm8
                                      8 	
                                      9 ;--------------------------------------------------------
                                     10 ; Public variables in this module
                                     11 ;--------------------------------------------------------
                                     12 	.globl _assert_failed
                                     13 	.globl _BEEP_LSICalibrationConfig
                                     14 ;--------------------------------------------------------
                                     15 ; ram data
                                     16 ;--------------------------------------------------------
                                     17 	.area DATA
                                     18 ;--------------------------------------------------------
                                     19 ; ram data
                                     20 ;--------------------------------------------------------
                                     21 	.area INITIALIZED
                                     22 ;--------------------------------------------------------
                                     23 ; absolute external ram data
                                     24 ;--------------------------------------------------------
                                     25 	.area DABS (ABS)
                                     26 ;--------------------------------------------------------
                                     27 ; global & static initialisations
                                     28 ;--------------------------------------------------------
                                     29 	.area HOME
                                     30 	.area GSINIT
                                     31 	.area GSFINAL
                                     32 	.area GSINIT
                                     33 ;--------------------------------------------------------
                                     34 ; Home
                                     35 ;--------------------------------------------------------
                                     36 	.area HOME
                                     37 	.area HOME
                                     38 ;--------------------------------------------------------
                                     39 ; code
                                     40 ;--------------------------------------------------------
                                     41 	.area CODE
                                     42 ;	/home/grytole/dev/git/stm8builder/stm8builder/stdperiph_driver/src/stm8s_beep.beep_lsicalibrationconfig.c: 61: void BEEP_LSICalibrationConfig(uint32_t LSIFreqHz)
                                     43 ;	-----------------------------------------
                                     44 ;	 function BEEP_LSICalibrationConfig
                                     45 ;	-----------------------------------------
      000000                         46 _BEEP_LSICalibrationConfig:
      000000 52 0A            [ 2]   47 	sub	sp, #10
                                     48 ;	/home/grytole/dev/git/stm8builder/stm8builder/stdperiph_driver/src/stm8s_beep.beep_lsicalibrationconfig.c: 67: assert_param(IS_LSI_FREQUENCY_OK(LSIFreqHz));
      000002 1E 0F            [ 2]   49 	ldw	x, (0x0f, sp)
      000004 A3 AD B0         [ 2]   50 	cpw	x, #0xadb0
      000007 7B 0E            [ 1]   51 	ld	a, (0x0e, sp)
      000009 A2 01            [ 1]   52 	sbc	a, #0x01
      00000B 7B 0D            [ 1]   53 	ld	a, (0x0d, sp)
      00000D A2 00            [ 1]   54 	sbc	a, #0x00
      00000F 25 0E            [ 1]   55 	jrc	00106$
      000011 AE 49 F0         [ 2]   56 	ldw	x, #0x49f0
      000014 13 0F            [ 2]   57 	cpw	x, (0x0f, sp)
      000016 A6 02            [ 1]   58 	ld	a, #0x02
      000018 12 0E            [ 1]   59 	sbc	a, (0x0e, sp)
      00001A 4F               [ 1]   60 	clr	a
      00001B 12 0D            [ 1]   61 	sbc	a, (0x0d, sp)
      00001D 24 11            [ 1]   62 	jrnc	00107$
      00001F                         63 00106$:
      00001F 90 AEr00r97      [ 2]   64 	ldw	y, #___str_0+0
      000023 4B 43            [ 1]   65 	push	#0x43
      000025 5F               [ 1]   66 	clrw	x
      000026 89               [ 2]   67 	pushw	x
      000027 4B 00            [ 1]   68 	push	#0x00
      000029 90 89            [ 2]   69 	pushw	y
      00002B CDr00r00         [ 4]   70 	call	_assert_failed
      00002E 5B 06            [ 2]   71 	addw	sp, #6
      000030                         72 00107$:
                                     73 ;	/home/grytole/dev/git/stm8builder/stm8builder/stdperiph_driver/src/stm8s_beep.beep_lsicalibrationconfig.c: 69: lsifreqkhz = (uint16_t)(LSIFreqHz / 1000); /* Converts value in kHz */
      000030 4B E8            [ 1]   74 	push	#0xe8
      000032 4B 03            [ 1]   75 	push	#0x03
      000034 5F               [ 1]   76 	clrw	x
      000035 89               [ 2]   77 	pushw	x
      000036 1E 13            [ 2]   78 	ldw	x, (0x13, sp)
      000038 89               [ 2]   79 	pushw	x
      000039 1E 13            [ 2]   80 	ldw	x, (0x13, sp)
      00003B 89               [ 2]   81 	pushw	x
      00003C CDr00r00         [ 4]   82 	call	__divulong
      00003F 5B 08            [ 2]   83 	addw	sp, #8
      000041 1F 03            [ 2]   84 	ldw	(0x03, sp), x
                                     85 ;	/home/grytole/dev/git/stm8builder/stm8builder/stdperiph_driver/src/stm8s_beep.beep_lsicalibrationconfig.c: 73: BEEP->CSR &= (uint8_t)(~BEEP_CSR_BEEPDIV); /* Clear bits */
      000043 AE 50 F3         [ 2]   86 	ldw	x, #0x50f3
      000046 F6               [ 1]   87 	ld	a, (x)
      000047 A4 E0            [ 1]   88 	and	a, #0xe0
      000049 F7               [ 1]   89 	ld	(x), a
                                     90 ;	/home/grytole/dev/git/stm8builder/stm8builder/stdperiph_driver/src/stm8s_beep.beep_lsicalibrationconfig.c: 75: A = (uint16_t)(lsifreqkhz >> 3U); /* Division by 8, keep integer part only */
      00004A 1E 03            [ 2]   91 	ldw	x, (0x03, sp)
      00004C 54               [ 2]   92 	srlw	x
      00004D 54               [ 2]   93 	srlw	x
      00004E 54               [ 2]   94 	srlw	x
      00004F 1F 01            [ 2]   95 	ldw	(0x01, sp), x
                                     96 ;	/home/grytole/dev/git/stm8builder/stm8builder/stdperiph_driver/src/stm8s_beep.beep_lsicalibrationconfig.c: 77: if ((8U * A) >= ((lsifreqkhz - (8U * A)) * (1U + (2U * A))))
      000051 1E 01            [ 2]   97 	ldw	x, (0x01, sp)
      000053 58               [ 2]   98 	sllw	x
      000054 58               [ 2]   99 	sllw	x
      000055 58               [ 2]  100 	sllw	x
      000056 1F 07            [ 2]  101 	ldw	(0x07, sp), x
      000058 16 03            [ 2]  102 	ldw	y, (0x03, sp)
      00005A 72 F2 07         [ 2]  103 	subw	y, (0x07, sp)
      00005D 1E 01            [ 2]  104 	ldw	x, (0x01, sp)
      00005F 58               [ 2]  105 	sllw	x
      000060 5C               [ 2]  106 	incw	x
      000061 89               [ 2]  107 	pushw	x
      000062 90 89            [ 2]  108 	pushw	y
                                    109 ;	/home/grytole/dev/git/stm8builder/stm8builder/stdperiph_driver/src/stm8s_beep.beep_lsicalibrationconfig.c: 79: BEEP->CSR |= (uint8_t)(A - 2U);
      000064 CDr00r00         [ 4]  110 	call	__mulint
      000067 5B 04            [ 2]  111 	addw	sp, #4
      000069 1F 05            [ 2]  112 	ldw	(0x05, sp), x
      00006B 7B 02            [ 1]  113 	ld	a, (0x02, sp)
                                    114 ;	/home/grytole/dev/git/stm8builder/stm8builder/stdperiph_driver/src/stm8s_beep.beep_lsicalibrationconfig.c: 77: if ((8U * A) >= ((lsifreqkhz - (8U * A)) * (1U + (2U * A))))
      00006D 1E 07            [ 2]  115 	ldw	x, (0x07, sp)
      00006F 13 05            [ 2]  116 	cpw	x, (0x05, sp)
      000071 25 12            [ 1]  117 	jrc	00102$
                                    118 ;	/home/grytole/dev/git/stm8builder/stm8builder/stdperiph_driver/src/stm8s_beep.beep_lsicalibrationconfig.c: 79: BEEP->CSR |= (uint8_t)(A - 2U);
      000073 AE 50 F3         [ 2]  119 	ldw	x, #0x50f3
      000076 88               [ 1]  120 	push	a
      000077 F6               [ 1]  121 	ld	a, (x)
      000078 6B 0B            [ 1]  122 	ld	(0x0b, sp), a
      00007A 84               [ 1]  123 	pop	a
      00007B A0 02            [ 1]  124 	sub	a, #0x02
      00007D 1A 0A            [ 1]  125 	or	a, (0x0a, sp)
      00007F AE 50 F3         [ 2]  126 	ldw	x, #0x50f3
      000082 F7               [ 1]  127 	ld	(x), a
      000083 20 0F            [ 2]  128 	jra	00104$
      000085                        129 00102$:
                                    130 ;	/home/grytole/dev/git/stm8builder/stm8builder/stdperiph_driver/src/stm8s_beep.beep_lsicalibrationconfig.c: 83: BEEP->CSR |= (uint8_t)(A - 1U);
      000085 AE 50 F3         [ 2]  131 	ldw	x, #0x50f3
      000088 88               [ 1]  132 	push	a
      000089 F6               [ 1]  133 	ld	a, (x)
      00008A 6B 0A            [ 1]  134 	ld	(0x0a, sp), a
      00008C 84               [ 1]  135 	pop	a
      00008D 4A               [ 1]  136 	dec	a
      00008E 1A 09            [ 1]  137 	or	a, (0x09, sp)
      000090 AE 50 F3         [ 2]  138 	ldw	x, #0x50f3
      000093 F7               [ 1]  139 	ld	(x), a
      000094                        140 00104$:
      000094 5B 0A            [ 2]  141 	addw	sp, #10
      000096 81               [ 4]  142 	ret
                                    143 	.area CODE
      000097                        144 ___str_0:
      000097 2F 68 6F 6D 65 2F 67   145 	.ascii "/home/grytole/dev/git/stm8builder/stm8builder/stdperiph_driv"
             72 79 74 6F 6C 65 2F
             64 65 76 2F 67 69 74
             2F 73 74 6D 38 62 75
             69 6C 64 65 72 2F 73
             74 6D 38 62 75 69 6C
             64 65 72 2F 73 74 64
             70 65 72 69 70 68 5F
             64 72 69 76
      0000D3 65 72 2F 73 72 63 2F   146 	.ascii "er/src/stm8s_beep.beep_lsicalibrationconfig.c"
             73 74 6D 38 73 5F 62
             65 65 70 2E 62 65 65
             70 5F 6C 73 69 63 61
             6C 69 62 72 61 74 69
             6F 6E 63 6F 6E 66 69
             67 2E 63
      000100 00                     147 	.db 0x00
                                    148 	.area INITIALIZER
                                    149 	.area CABS (ABS)
