                                      1 ;--------------------------------------------------------
                                      2 ; File Created by SDCC : free open source ANSI-C Compiler
                                      3 ; Version 3.5.0 #9253 (Mar 24 2016) (Linux)
                                      4 ; This file was generated Tue Dec 12 21:28:07 2017
                                      5 ;--------------------------------------------------------
                                      6 	.module stm8s_tim1_tim1_etrclockmode1config
                                      7 	.optsdcc -mstm8
                                      8 	
                                      9 ;--------------------------------------------------------
                                     10 ; Public variables in this module
                                     11 ;--------------------------------------------------------
                                     12 	.globl _TIM1_ETRConfig
                                     13 	.globl _assert_failed
                                     14 	.globl _TIM1_ETRClockMode1Config
                                     15 ;--------------------------------------------------------
                                     16 ; ram data
                                     17 ;--------------------------------------------------------
                                     18 	.area DATA
                                     19 ;--------------------------------------------------------
                                     20 ; ram data
                                     21 ;--------------------------------------------------------
                                     22 	.area INITIALIZED
                                     23 ;--------------------------------------------------------
                                     24 ; absolute external ram data
                                     25 ;--------------------------------------------------------
                                     26 	.area DABS (ABS)
                                     27 ;--------------------------------------------------------
                                     28 ; global & static initialisations
                                     29 ;--------------------------------------------------------
                                     30 	.area HOME
                                     31 	.area GSINIT
                                     32 	.area GSFINAL
                                     33 	.area GSINIT
                                     34 ;--------------------------------------------------------
                                     35 ; Home
                                     36 ;--------------------------------------------------------
                                     37 	.area HOME
                                     38 	.area HOME
                                     39 ;--------------------------------------------------------
                                     40 ; code
                                     41 ;--------------------------------------------------------
                                     42 	.area CODE
                                     43 ;	/home/grytole/dev/git/stm8builder/stm8builder/stdperiph_driver/src/stm8s_tim1.tim1_etrclockmode1config.c: 61: void TIM1_ETRClockMode1Config(TIM1_ExtTRGPSC_TypeDef TIM1_ExtTRGPrescaler,
                                     44 ;	-----------------------------------------
                                     45 ;	 function TIM1_ETRClockMode1Config
                                     46 ;	-----------------------------------------
      000000                         47 _TIM1_ETRClockMode1Config:
                                     48 ;	/home/grytole/dev/git/stm8builder/stm8builder/stdperiph_driver/src/stm8s_tim1.tim1_etrclockmode1config.c: 66: assert_param(IS_TIM1_EXT_PRESCALER_OK(TIM1_ExtTRGPrescaler));
      000000 0D 03            [ 1]   49 	tnz	(0x03, sp)
      000002 27 23            [ 1]   50 	jreq	00104$
      000004 7B 03            [ 1]   51 	ld	a, (0x03, sp)
      000006 A1 10            [ 1]   52 	cp	a, #0x10
      000008 27 1D            [ 1]   53 	jreq	00104$
      00000A 7B 03            [ 1]   54 	ld	a, (0x03, sp)
      00000C A1 20            [ 1]   55 	cp	a, #0x20
      00000E 27 17            [ 1]   56 	jreq	00104$
      000010 7B 03            [ 1]   57 	ld	a, (0x03, sp)
      000012 A1 30            [ 1]   58 	cp	a, #0x30
      000014 27 11            [ 1]   59 	jreq	00104$
      000016 90 AEr00r5D      [ 2]   60 	ldw	y, #___str_0+0
      00001A 4B 42            [ 1]   61 	push	#0x42
      00001C 5F               [ 1]   62 	clrw	x
      00001D 89               [ 2]   63 	pushw	x
      00001E 4B 00            [ 1]   64 	push	#0x00
      000020 90 89            [ 2]   65 	pushw	y
      000022 CDr00r00         [ 4]   66 	call	_assert_failed
      000025 5B 06            [ 2]   67 	addw	sp, #6
      000027                         68 00104$:
                                     69 ;	/home/grytole/dev/git/stm8builder/stm8builder/stdperiph_driver/src/stm8s_tim1.tim1_etrclockmode1config.c: 67: assert_param(IS_TIM1_EXT_POLARITY_OK(TIM1_ExtTRGPolarity));
      000027 7B 04            [ 1]   70 	ld	a, (0x04, sp)
      000029 A1 80            [ 1]   71 	cp	a, #0x80
      00002B 27 15            [ 1]   72 	jreq	00115$
      00002D 0D 04            [ 1]   73 	tnz	(0x04, sp)
      00002F 27 11            [ 1]   74 	jreq	00115$
      000031 90 AEr00r5D      [ 2]   75 	ldw	y, #___str_0+0
      000035 4B 43            [ 1]   76 	push	#0x43
      000037 5F               [ 1]   77 	clrw	x
      000038 89               [ 2]   78 	pushw	x
      000039 4B 00            [ 1]   79 	push	#0x00
      00003B 90 89            [ 2]   80 	pushw	y
      00003D CDr00r00         [ 4]   81 	call	_assert_failed
      000040 5B 06            [ 2]   82 	addw	sp, #6
      000042                         83 00115$:
                                     84 ;	/home/grytole/dev/git/stm8builder/stm8builder/stdperiph_driver/src/stm8s_tim1.tim1_etrclockmode1config.c: 70: TIM1_ETRConfig(TIM1_ExtTRGPrescaler, TIM1_ExtTRGPolarity, ExtTRGFilter);
      000042 7B 05            [ 1]   85 	ld	a, (0x05, sp)
      000044 88               [ 1]   86 	push	a
      000045 7B 05            [ 1]   87 	ld	a, (0x05, sp)
      000047 88               [ 1]   88 	push	a
      000048 7B 05            [ 1]   89 	ld	a, (0x05, sp)
      00004A 88               [ 1]   90 	push	a
      00004B CDr00r00         [ 4]   91 	call	_TIM1_ETRConfig
      00004E 5B 03            [ 2]   92 	addw	sp, #3
                                     93 ;	/home/grytole/dev/git/stm8builder/stm8builder/stdperiph_driver/src/stm8s_tim1.tim1_etrclockmode1config.c: 73: TIM1->SMCR = (uint8_t)((uint8_t)(TIM1->SMCR & (uint8_t)(~(uint8_t)(TIM1_SMCR_SMS | TIM1_SMCR_TS )))
      000050 AE 52 52         [ 2]   94 	ldw	x, #0x5252
      000053 F6               [ 1]   95 	ld	a, (x)
      000054 A4 88            [ 1]   96 	and	a, #0x88
      000056 AA 77            [ 1]   97 	or	a, #0x77
      000058 AE 52 52         [ 2]   98 	ldw	x, #0x5252
      00005B F7               [ 1]   99 	ld	(x), a
      00005C 81               [ 4]  100 	ret
                                    101 	.area CODE
      00005D                        102 ___str_0:
      00005D 2F 68 6F 6D 65 2F 67   103 	.ascii "/home/grytole/dev/git/stm8builder/stm8builder/stdperiph_driv"
             72 79 74 6F 6C 65 2F
             64 65 76 2F 67 69 74
             2F 73 74 6D 38 62 75
             69 6C 64 65 72 2F 73
             74 6D 38 62 75 69 6C
             64 65 72 2F 73 74 64
             70 65 72 69 70 68 5F
             64 72 69 76
      000099 65 72 2F 73 72 63 2F   104 	.ascii "er/src/stm8s_tim1.tim1_etrclockmode1config.c"
             73 74 6D 38 73 5F 74
             69 6D 31 2E 74 69 6D
             31 5F 65 74 72 63 6C
             6F 63 6B 6D 6F 64 65
             31 63 6F 6E 66 69 67
             2E 63
      0000C5 00                     105 	.db 0x00
                                    106 	.area INITIALIZER
                                    107 	.area CABS (ABS)
