                                      1 ;--------------------------------------------------------
                                      2 ; File Created by SDCC : free open source ANSI-C Compiler
                                      3 ; Version 3.5.0 #9253 (Mar 24 2016) (Linux)
                                      4 ; This file was generated Tue Dec 12 21:28:12 2017
                                      5 ;--------------------------------------------------------
                                      6 	.module stm8s_adc1_adc1_getconversionvalue
                                      7 	.optsdcc -mstm8
                                      8 	
                                      9 ;--------------------------------------------------------
                                     10 ; Public variables in this module
                                     11 ;--------------------------------------------------------
                                     12 	.globl _ADC1_GetConversionValue
                                     13 ;--------------------------------------------------------
                                     14 ; ram data
                                     15 ;--------------------------------------------------------
                                     16 	.area DATA
                                     17 ;--------------------------------------------------------
                                     18 ; ram data
                                     19 ;--------------------------------------------------------
                                     20 	.area INITIALIZED
                                     21 ;--------------------------------------------------------
                                     22 ; absolute external ram data
                                     23 ;--------------------------------------------------------
                                     24 	.area DABS (ABS)
                                     25 ;--------------------------------------------------------
                                     26 ; global & static initialisations
                                     27 ;--------------------------------------------------------
                                     28 	.area HOME
                                     29 	.area GSINIT
                                     30 	.area GSFINAL
                                     31 	.area GSINIT
                                     32 ;--------------------------------------------------------
                                     33 ; Home
                                     34 ;--------------------------------------------------------
                                     35 	.area HOME
                                     36 	.area HOME
                                     37 ;--------------------------------------------------------
                                     38 ; code
                                     39 ;--------------------------------------------------------
                                     40 	.area CODE
                                     41 ;	/home/grytole/dev/git/stm8builder/stm8builder/stdperiph_driver/src/stm8s_adc1.adc1_getconversionvalue.c: 54: uint16_t ADC1_GetConversionValue(void)
                                     42 ;	-----------------------------------------
                                     43 ;	 function ADC1_GetConversionValue
                                     44 ;	-----------------------------------------
      000000                         45 _ADC1_GetConversionValue:
      000000 52 06            [ 2]   46 	sub	sp, #6
                                     47 ;	/home/grytole/dev/git/stm8builder/stm8builder/stdperiph_driver/src/stm8s_adc1.adc1_getconversionvalue.c: 59: if ((ADC1->CR2 & ADC1_CR2_ALIGN) != 0) /* Right alignment */
      000002 AE 54 02         [ 2]   48 	ldw	x, #0x5402
      000005 F6               [ 1]   49 	ld	a, (x)
      000006 A5 08            [ 1]   50 	bcp	a, #0x08
      000008 27 1D            [ 1]   51 	jreq	00102$
                                     52 ;	/home/grytole/dev/git/stm8builder/stm8builder/stdperiph_driver/src/stm8s_adc1.adc1_getconversionvalue.c: 62: templ = ADC1->DRL;
      00000A AE 54 05         [ 2]   53 	ldw	x, #0x5405
      00000D F6               [ 1]   54 	ld	a, (x)
      00000E 90 95            [ 1]   55 	ld	yh, a
                                     56 ;	/home/grytole/dev/git/stm8builder/stm8builder/stdperiph_driver/src/stm8s_adc1.adc1_getconversionvalue.c: 64: temph = ADC1->DRH;
      000010 AE 54 04         [ 2]   57 	ldw	x, #0x5404
      000013 F6               [ 1]   58 	ld	a, (x)
      000014 95               [ 1]   59 	ld	xh, a
      000015 4F               [ 1]   60 	clr	a
                                     61 ;	/home/grytole/dev/git/stm8builder/stm8builder/stdperiph_driver/src/stm8s_adc1.adc1_getconversionvalue.c: 66: temph = (uint16_t)(templ | (uint16_t)(temph << (uint8_t)8));
      000016 0F 04            [ 1]   62 	clr	(0x04, sp)
      000018 4F               [ 1]   63 	clr	a
      000019 89               [ 2]   64 	pushw	x
      00001A 1A 01            [ 1]   65 	or	a, (1, sp)
      00001C 85               [ 2]   66 	popw	x
      00001D 95               [ 1]   67 	ld	xh, a
      00001E 90 9E            [ 1]   68 	ld	a, yh
      000020 1A 04            [ 1]   69 	or	a, (0x04, sp)
      000022 97               [ 1]   70 	ld	xl, a
      000023 1F 01            [ 2]   71 	ldw	(0x01, sp), x
      000025 20 21            [ 2]   72 	jra	00103$
      000027                         73 00102$:
                                     74 ;	/home/grytole/dev/git/stm8builder/stm8builder/stdperiph_driver/src/stm8s_adc1.adc1_getconversionvalue.c: 71: temph = ADC1->DRH;
      000027 AE 54 04         [ 2]   75 	ldw	x, #0x5404
      00002A F6               [ 1]   76 	ld	a, (x)
      00002B 90 5F            [ 1]   77 	clrw	y
      00002D 90 97            [ 1]   78 	ld	yl, a
                                     79 ;	/home/grytole/dev/git/stm8builder/stm8builder/stdperiph_driver/src/stm8s_adc1.adc1_getconversionvalue.c: 73: templ = ADC1->DRL;
      00002F AE 54 05         [ 2]   80 	ldw	x, #0x5405
      000032 F6               [ 1]   81 	ld	a, (x)
                                     82 ;	/home/grytole/dev/git/stm8builder/stm8builder/stdperiph_driver/src/stm8s_adc1.adc1_getconversionvalue.c: 75: temph = (uint16_t)((uint16_t)((uint16_t)templ << 6) | (uint16_t)((uint16_t)temph << 8));
      000033 5F               [ 1]   83 	clrw	x
      000034 97               [ 1]   84 	ld	xl, a
      000035 58               [ 2]   85 	sllw	x
      000036 58               [ 2]   86 	sllw	x
      000037 58               [ 2]   87 	sllw	x
      000038 58               [ 2]   88 	sllw	x
      000039 58               [ 2]   89 	sllw	x
      00003A 58               [ 2]   90 	sllw	x
      00003B 1F 05            [ 2]   91 	ldw	(0x05, sp), x
      00003D 4F               [ 1]   92 	clr	a
      00003E 1A 06            [ 1]   93 	or	a, (0x06, sp)
      000040 97               [ 1]   94 	ld	xl, a
      000041 90 9F            [ 1]   95 	ld	a, yl
      000043 1A 05            [ 1]   96 	or	a, (0x05, sp)
      000045 95               [ 1]   97 	ld	xh, a
      000046 1F 01            [ 2]   98 	ldw	(0x01, sp), x
      000048                         99 00103$:
                                    100 ;	/home/grytole/dev/git/stm8builder/stm8builder/stdperiph_driver/src/stm8s_adc1.adc1_getconversionvalue.c: 78: return ((uint16_t)temph);
      000048 1E 01            [ 2]  101 	ldw	x, (0x01, sp)
      00004A 5B 06            [ 2]  102 	addw	sp, #6
      00004C 81               [ 4]  103 	ret
                                    104 	.area CODE
                                    105 	.area INITIALIZER
                                    106 	.area CABS (ABS)
