                                      1 ;--------------------------------------------------------
                                      2 ; File Created by SDCC : free open source ANSI-C Compiler
                                      3 ; Version 3.5.0 #9253 (Mar 24 2016) (Linux)
                                      4 ; This file was generated Tue Dec 12 21:28:02 2017
                                      5 ;--------------------------------------------------------
                                      6 	.module stm8s_itc_itc_deinit
                                      7 	.optsdcc -mstm8
                                      8 	
                                      9 ;--------------------------------------------------------
                                     10 ; Public variables in this module
                                     11 ;--------------------------------------------------------
                                     12 	.globl _ITC_DeInit
                                     13 ;--------------------------------------------------------
                                     14 ; ram data
                                     15 ;--------------------------------------------------------
                                     16 	.area DATA
                                     17 ;--------------------------------------------------------
                                     18 ; ram data
                                     19 ;--------------------------------------------------------
                                     20 	.area INITIALIZED
                                     21 ;--------------------------------------------------------
                                     22 ; absolute external ram data
                                     23 ;--------------------------------------------------------
                                     24 	.area DABS (ABS)
                                     25 ;--------------------------------------------------------
                                     26 ; global & static initialisations
                                     27 ;--------------------------------------------------------
                                     28 	.area HOME
                                     29 	.area GSINIT
                                     30 	.area GSFINAL
                                     31 	.area GSINIT
                                     32 ;--------------------------------------------------------
                                     33 ; Home
                                     34 ;--------------------------------------------------------
                                     35 	.area HOME
                                     36 	.area HOME
                                     37 ;--------------------------------------------------------
                                     38 ; code
                                     39 ;--------------------------------------------------------
                                     40 	.area CODE
                                     41 ;	/home/grytole/dev/git/stm8builder/stm8builder/stdperiph_driver/src/stm8s_itc.itc_deinit.c: 52: void ITC_DeInit(void)
                                     42 ;	-----------------------------------------
                                     43 ;	 function ITC_DeInit
                                     44 ;	-----------------------------------------
      000000                         45 _ITC_DeInit:
                                     46 ;	/home/grytole/dev/git/stm8builder/stm8builder/stdperiph_driver/src/stm8s_itc.itc_deinit.c: 54: ITC->ISPR1 = ITC_SPRX_RESET_VALUE;
      000000 35 FF 7F 70      [ 1]   47 	mov	0x7f70+0, #0xff
                                     48 ;	/home/grytole/dev/git/stm8builder/stm8builder/stdperiph_driver/src/stm8s_itc.itc_deinit.c: 55: ITC->ISPR2 = ITC_SPRX_RESET_VALUE;
      000004 35 FF 7F 71      [ 1]   49 	mov	0x7f71+0, #0xff
                                     50 ;	/home/grytole/dev/git/stm8builder/stm8builder/stdperiph_driver/src/stm8s_itc.itc_deinit.c: 56: ITC->ISPR3 = ITC_SPRX_RESET_VALUE;
      000008 35 FF 7F 72      [ 1]   51 	mov	0x7f72+0, #0xff
                                     52 ;	/home/grytole/dev/git/stm8builder/stm8builder/stdperiph_driver/src/stm8s_itc.itc_deinit.c: 57: ITC->ISPR4 = ITC_SPRX_RESET_VALUE;
      00000C 35 FF 7F 73      [ 1]   53 	mov	0x7f73+0, #0xff
                                     54 ;	/home/grytole/dev/git/stm8builder/stm8builder/stdperiph_driver/src/stm8s_itc.itc_deinit.c: 58: ITC->ISPR5 = ITC_SPRX_RESET_VALUE;
      000010 35 FF 7F 74      [ 1]   55 	mov	0x7f74+0, #0xff
                                     56 ;	/home/grytole/dev/git/stm8builder/stm8builder/stdperiph_driver/src/stm8s_itc.itc_deinit.c: 59: ITC->ISPR6 = ITC_SPRX_RESET_VALUE;
      000014 35 FF 7F 75      [ 1]   57 	mov	0x7f75+0, #0xff
                                     58 ;	/home/grytole/dev/git/stm8builder/stm8builder/stdperiph_driver/src/stm8s_itc.itc_deinit.c: 60: ITC->ISPR7 = ITC_SPRX_RESET_VALUE;
      000018 35 FF 7F 76      [ 1]   59 	mov	0x7f76+0, #0xff
                                     60 ;	/home/grytole/dev/git/stm8builder/stm8builder/stdperiph_driver/src/stm8s_itc.itc_deinit.c: 61: ITC->ISPR8 = ITC_SPRX_RESET_VALUE;
      00001C 35 FF 7F 77      [ 1]   61 	mov	0x7f77+0, #0xff
      000020 81               [ 4]   62 	ret
                                     63 	.area CODE
                                     64 	.area INITIALIZER
                                     65 	.area CABS (ABS)
