                                      1 ;--------------------------------------------------------
                                      2 ; File Created by SDCC : free open source ANSI-C Compiler
                                      3 ; Version 3.5.0 #9253 (Mar 24 2016) (Linux)
                                      4 ; This file was generated Tue Dec 12 21:27:57 2017
                                      5 ;--------------------------------------------------------
                                      6 	.module stm8s_exti_exti_setextintsensitivity
                                      7 	.optsdcc -mstm8
                                      8 	
                                      9 ;--------------------------------------------------------
                                     10 ; Public variables in this module
                                     11 ;--------------------------------------------------------
                                     12 	.globl _assert_failed
                                     13 	.globl _EXTI_SetExtIntSensitivity
                                     14 ;--------------------------------------------------------
                                     15 ; ram data
                                     16 ;--------------------------------------------------------
                                     17 	.area DATA
                                     18 ;--------------------------------------------------------
                                     19 ; ram data
                                     20 ;--------------------------------------------------------
                                     21 	.area INITIALIZED
                                     22 ;--------------------------------------------------------
                                     23 ; absolute external ram data
                                     24 ;--------------------------------------------------------
                                     25 	.area DABS (ABS)
                                     26 ;--------------------------------------------------------
                                     27 ; global & static initialisations
                                     28 ;--------------------------------------------------------
                                     29 	.area HOME
                                     30 	.area GSINIT
                                     31 	.area GSFINAL
                                     32 	.area GSINIT
                                     33 ;--------------------------------------------------------
                                     34 ; Home
                                     35 ;--------------------------------------------------------
                                     36 	.area HOME
                                     37 	.area HOME
                                     38 ;--------------------------------------------------------
                                     39 ; code
                                     40 ;--------------------------------------------------------
                                     41 	.area CODE
                                     42 ;	/home/grytole/dev/git/stm8builder/stm8builder/stdperiph_driver/src/stm8s_exti.exti_setextintsensitivity.c: 59: void EXTI_SetExtIntSensitivity(EXTI_Port_TypeDef Port, EXTI_Sensitivity_TypeDef SensitivityValue)
                                     43 ;	-----------------------------------------
                                     44 ;	 function EXTI_SetExtIntSensitivity
                                     45 ;	-----------------------------------------
      000000                         46 _EXTI_SetExtIntSensitivity:
      000000 52 03            [ 2]   47 	sub	sp, #3
                                     48 ;	/home/grytole/dev/git/stm8builder/stm8builder/stdperiph_driver/src/stm8s_exti.exti_setextintsensitivity.c: 62: assert_param(IS_EXTI_PORT_OK(Port));
      000002 0D 06            [ 1]   49 	tnz	(0x06, sp)
      000004 27 29            [ 1]   50 	jreq	00111$
      000006 7B 06            [ 1]   51 	ld	a, (0x06, sp)
      000008 A1 01            [ 1]   52 	cp	a, #0x01
      00000A 27 23            [ 1]   53 	jreq	00111$
      00000C 7B 06            [ 1]   54 	ld	a, (0x06, sp)
      00000E A1 02            [ 1]   55 	cp	a, #0x02
      000010 27 1D            [ 1]   56 	jreq	00111$
      000012 7B 06            [ 1]   57 	ld	a, (0x06, sp)
      000014 A1 03            [ 1]   58 	cp	a, #0x03
      000016 27 17            [ 1]   59 	jreq	00111$
      000018 7B 06            [ 1]   60 	ld	a, (0x06, sp)
      00001A A1 04            [ 1]   61 	cp	a, #0x04
      00001C 27 11            [ 1]   62 	jreq	00111$
      00001E 90 AEr00rE8      [ 2]   63 	ldw	y, #___str_0+0
      000022 4B 3E            [ 1]   64 	push	#0x3e
      000024 5F               [ 1]   65 	clrw	x
      000025 89               [ 2]   66 	pushw	x
      000026 4B 00            [ 1]   67 	push	#0x00
      000028 90 89            [ 2]   68 	pushw	y
      00002A CDr00r00         [ 4]   69 	call	_assert_failed
      00002D 5B 06            [ 2]   70 	addw	sp, #6
      00002F                         71 00111$:
                                     72 ;	/home/grytole/dev/git/stm8builder/stm8builder/stdperiph_driver/src/stm8s_exti.exti_setextintsensitivity.c: 63: assert_param(IS_EXTI_SENSITIVITY_OK(SensitivityValue));
      00002F 0D 07            [ 1]   73 	tnz	(0x07, sp)
      000031 27 23            [ 1]   74 	jreq	00125$
      000033 7B 07            [ 1]   75 	ld	a, (0x07, sp)
      000035 A1 01            [ 1]   76 	cp	a, #0x01
      000037 27 1D            [ 1]   77 	jreq	00125$
      000039 7B 07            [ 1]   78 	ld	a, (0x07, sp)
      00003B A1 02            [ 1]   79 	cp	a, #0x02
      00003D 27 17            [ 1]   80 	jreq	00125$
      00003F 7B 07            [ 1]   81 	ld	a, (0x07, sp)
      000041 A1 03            [ 1]   82 	cp	a, #0x03
      000043 27 11            [ 1]   83 	jreq	00125$
      000045 90 AEr00rE8      [ 2]   84 	ldw	y, #___str_0+0
      000049 4B 3F            [ 1]   85 	push	#0x3f
      00004B 5F               [ 1]   86 	clrw	x
      00004C 89               [ 2]   87 	pushw	x
      00004D 4B 00            [ 1]   88 	push	#0x00
      00004F 90 89            [ 2]   89 	pushw	y
      000051 CDr00r00         [ 4]   90 	call	_assert_failed
      000054 5B 06            [ 2]   91 	addw	sp, #6
      000056                         92 00125$:
                                     93 ;	/home/grytole/dev/git/stm8builder/stm8builder/stdperiph_driver/src/stm8s_exti.exti_setextintsensitivity.c: 66: switch (Port)
      000056 7B 06            [ 1]   94 	ld	a, (0x06, sp)
      000058 A1 04            [ 1]   95 	cp	a, #0x04
      00005A 23 03            [ 2]   96 	jrule	00198$
      00005C CCr00rE5         [ 2]   97 	jp	00108$
      00005F                         98 00198$:
      00005F 5F               [ 1]   99 	clrw	x
      000060 7B 06            [ 1]  100 	ld	a, (0x06, sp)
      000062 97               [ 1]  101 	ld	xl, a
      000063 58               [ 2]  102 	sllw	x
      000064 DEu00u68         [ 2]  103 	ldw	x, (#00199$, x)
      000067 FC               [ 2]  104 	jp	(x)
      000068                        105 00199$:
      000068r00r72                  106 	.dw	#00101$
      00006Ar00r85                  107 	.dw	#00102$
      00006Cr00r9E                  108 	.dw	#00103$
      00006Er00rB8                  109 	.dw	#00104$
      000070r00rD4                  110 	.dw	#00105$
                                    111 ;	/home/grytole/dev/git/stm8builder/stm8builder/stdperiph_driver/src/stm8s_exti.exti_setextintsensitivity.c: 68: case EXTI_PORT_GPIOA:
      000072                        112 00101$:
                                    113 ;	/home/grytole/dev/git/stm8builder/stm8builder/stdperiph_driver/src/stm8s_exti.exti_setextintsensitivity.c: 69: EXTI->CR1 &= (uint8_t)(~EXTI_CR1_PAIS);
      000072 AE 50 A0         [ 2]  114 	ldw	x, #0x50a0
      000075 F6               [ 1]  115 	ld	a, (x)
      000076 A4 FC            [ 1]  116 	and	a, #0xfc
      000078 F7               [ 1]  117 	ld	(x), a
                                    118 ;	/home/grytole/dev/git/stm8builder/stm8builder/stdperiph_driver/src/stm8s_exti.exti_setextintsensitivity.c: 70: EXTI->CR1 |= (uint8_t)(SensitivityValue);
      000079 AE 50 A0         [ 2]  119 	ldw	x, #0x50a0
      00007C F6               [ 1]  120 	ld	a, (x)
      00007D 1A 07            [ 1]  121 	or	a, (0x07, sp)
      00007F AE 50 A0         [ 2]  122 	ldw	x, #0x50a0
      000082 F7               [ 1]  123 	ld	(x), a
                                    124 ;	/home/grytole/dev/git/stm8builder/stm8builder/stdperiph_driver/src/stm8s_exti.exti_setextintsensitivity.c: 71: break;
      000083 20 60            [ 2]  125 	jra	00108$
                                    126 ;	/home/grytole/dev/git/stm8builder/stm8builder/stdperiph_driver/src/stm8s_exti.exti_setextintsensitivity.c: 72: case EXTI_PORT_GPIOB:
      000085                        127 00102$:
                                    128 ;	/home/grytole/dev/git/stm8builder/stm8builder/stdperiph_driver/src/stm8s_exti.exti_setextintsensitivity.c: 73: EXTI->CR1 &= (uint8_t)(~EXTI_CR1_PBIS);
      000085 AE 50 A0         [ 2]  129 	ldw	x, #0x50a0
      000088 F6               [ 1]  130 	ld	a, (x)
      000089 A4 F3            [ 1]  131 	and	a, #0xf3
      00008B F7               [ 1]  132 	ld	(x), a
                                    133 ;	/home/grytole/dev/git/stm8builder/stm8builder/stdperiph_driver/src/stm8s_exti.exti_setextintsensitivity.c: 74: EXTI->CR1 |= (uint8_t)((uint8_t)(SensitivityValue) << 2);
      00008C AE 50 A0         [ 2]  134 	ldw	x, #0x50a0
      00008F F6               [ 1]  135 	ld	a, (x)
      000090 6B 01            [ 1]  136 	ld	(0x01, sp), a
      000092 7B 07            [ 1]  137 	ld	a, (0x07, sp)
      000094 48               [ 1]  138 	sll	a
      000095 48               [ 1]  139 	sll	a
      000096 1A 01            [ 1]  140 	or	a, (0x01, sp)
      000098 AE 50 A0         [ 2]  141 	ldw	x, #0x50a0
      00009B F7               [ 1]  142 	ld	(x), a
                                    143 ;	/home/grytole/dev/git/stm8builder/stm8builder/stdperiph_driver/src/stm8s_exti.exti_setextintsensitivity.c: 75: break;
      00009C 20 47            [ 2]  144 	jra	00108$
                                    145 ;	/home/grytole/dev/git/stm8builder/stm8builder/stdperiph_driver/src/stm8s_exti.exti_setextintsensitivity.c: 76: case EXTI_PORT_GPIOC:
      00009E                        146 00103$:
                                    147 ;	/home/grytole/dev/git/stm8builder/stm8builder/stdperiph_driver/src/stm8s_exti.exti_setextintsensitivity.c: 77: EXTI->CR1 &= (uint8_t)(~EXTI_CR1_PCIS);
      00009E AE 50 A0         [ 2]  148 	ldw	x, #0x50a0
      0000A1 F6               [ 1]  149 	ld	a, (x)
      0000A2 A4 CF            [ 1]  150 	and	a, #0xcf
      0000A4 F7               [ 1]  151 	ld	(x), a
                                    152 ;	/home/grytole/dev/git/stm8builder/stm8builder/stdperiph_driver/src/stm8s_exti.exti_setextintsensitivity.c: 78: EXTI->CR1 |= (uint8_t)((uint8_t)(SensitivityValue) << 4);
      0000A5 AE 50 A0         [ 2]  153 	ldw	x, #0x50a0
      0000A8 F6               [ 1]  154 	ld	a, (x)
      0000A9 6B 03            [ 1]  155 	ld	(0x03, sp), a
      0000AB 7B 07            [ 1]  156 	ld	a, (0x07, sp)
      0000AD 4E               [ 1]  157 	swap	a
      0000AE A4 F0            [ 1]  158 	and	a, #0xf0
      0000B0 1A 03            [ 1]  159 	or	a, (0x03, sp)
      0000B2 AE 50 A0         [ 2]  160 	ldw	x, #0x50a0
      0000B5 F7               [ 1]  161 	ld	(x), a
                                    162 ;	/home/grytole/dev/git/stm8builder/stm8builder/stdperiph_driver/src/stm8s_exti.exti_setextintsensitivity.c: 79: break;
      0000B6 20 2D            [ 2]  163 	jra	00108$
                                    164 ;	/home/grytole/dev/git/stm8builder/stm8builder/stdperiph_driver/src/stm8s_exti.exti_setextintsensitivity.c: 80: case EXTI_PORT_GPIOD:
      0000B8                        165 00104$:
                                    166 ;	/home/grytole/dev/git/stm8builder/stm8builder/stdperiph_driver/src/stm8s_exti.exti_setextintsensitivity.c: 81: EXTI->CR1 &= (uint8_t)(~EXTI_CR1_PDIS);
      0000B8 AE 50 A0         [ 2]  167 	ldw	x, #0x50a0
      0000BB F6               [ 1]  168 	ld	a, (x)
      0000BC A4 3F            [ 1]  169 	and	a, #0x3f
      0000BE F7               [ 1]  170 	ld	(x), a
                                    171 ;	/home/grytole/dev/git/stm8builder/stm8builder/stdperiph_driver/src/stm8s_exti.exti_setextintsensitivity.c: 82: EXTI->CR1 |= (uint8_t)((uint8_t)(SensitivityValue) << 6);
      0000BF AE 50 A0         [ 2]  172 	ldw	x, #0x50a0
      0000C2 F6               [ 1]  173 	ld	a, (x)
      0000C3 6B 02            [ 1]  174 	ld	(0x02, sp), a
      0000C5 7B 07            [ 1]  175 	ld	a, (0x07, sp)
      0000C7 4E               [ 1]  176 	swap	a
      0000C8 A4 F0            [ 1]  177 	and	a, #0xf0
      0000CA 48               [ 1]  178 	sll	a
      0000CB 48               [ 1]  179 	sll	a
      0000CC 1A 02            [ 1]  180 	or	a, (0x02, sp)
      0000CE AE 50 A0         [ 2]  181 	ldw	x, #0x50a0
      0000D1 F7               [ 1]  182 	ld	(x), a
                                    183 ;	/home/grytole/dev/git/stm8builder/stm8builder/stdperiph_driver/src/stm8s_exti.exti_setextintsensitivity.c: 83: break;
      0000D2 20 11            [ 2]  184 	jra	00108$
                                    185 ;	/home/grytole/dev/git/stm8builder/stm8builder/stdperiph_driver/src/stm8s_exti.exti_setextintsensitivity.c: 84: case EXTI_PORT_GPIOE:
      0000D4                        186 00105$:
                                    187 ;	/home/grytole/dev/git/stm8builder/stm8builder/stdperiph_driver/src/stm8s_exti.exti_setextintsensitivity.c: 85: EXTI->CR2 &= (uint8_t)(~EXTI_CR2_PEIS);
      0000D4 AE 50 A1         [ 2]  188 	ldw	x, #0x50a1
      0000D7 F6               [ 1]  189 	ld	a, (x)
      0000D8 A4 FC            [ 1]  190 	and	a, #0xfc
      0000DA F7               [ 1]  191 	ld	(x), a
                                    192 ;	/home/grytole/dev/git/stm8builder/stm8builder/stdperiph_driver/src/stm8s_exti.exti_setextintsensitivity.c: 86: EXTI->CR2 |= (uint8_t)(SensitivityValue);
      0000DB AE 50 A1         [ 2]  193 	ldw	x, #0x50a1
      0000DE F6               [ 1]  194 	ld	a, (x)
      0000DF 1A 07            [ 1]  195 	or	a, (0x07, sp)
      0000E1 AE 50 A1         [ 2]  196 	ldw	x, #0x50a1
      0000E4 F7               [ 1]  197 	ld	(x), a
                                    198 ;	/home/grytole/dev/git/stm8builder/stm8builder/stdperiph_driver/src/stm8s_exti.exti_setextintsensitivity.c: 90: }
      0000E5                        199 00108$:
      0000E5 5B 03            [ 2]  200 	addw	sp, #3
      0000E7 81               [ 4]  201 	ret
                                    202 	.area CODE
      0000E8                        203 ___str_0:
      0000E8 2F 68 6F 6D 65 2F 67   204 	.ascii "/home/grytole/dev/git/stm8builder/stm8builder/stdperiph_driv"
             72 79 74 6F 6C 65 2F
             64 65 76 2F 67 69 74
             2F 73 74 6D 38 62 75
             69 6C 64 65 72 2F 73
             74 6D 38 62 75 69 6C
             64 65 72 2F 73 74 64
             70 65 72 69 70 68 5F
             64 72 69 76
      000124 65 72 2F 73 72 63 2F   205 	.ascii "er/src/stm8s_exti.exti_setextintsensitivity.c"
             73 74 6D 38 73 5F 65
             78 74 69 2E 65 78 74
             69 5F 73 65 74 65 78
             74 69 6E 74 73 65 6E
             73 69 74 69 76 69 74
             79 2E 63
      000151 00                     206 	.db 0x00
                                    207 	.area INITIALIZER
                                    208 	.area CABS (ABS)
