                                      1 ;--------------------------------------------------------
                                      2 ; File Created by SDCC : free open source ANSI-C Compiler
                                      3 ; Version 3.5.0 #9253 (Mar 24 2016) (Linux)
                                      4 ; This file was generated Tue Dec 12 21:27:55 2017
                                      5 ;--------------------------------------------------------
                                      6 	.module stm8s_beep_beep_cmd
                                      7 	.optsdcc -mstm8
                                      8 	
                                      9 ;--------------------------------------------------------
                                     10 ; Public variables in this module
                                     11 ;--------------------------------------------------------
                                     12 	.globl _BEEP_Cmd
                                     13 ;--------------------------------------------------------
                                     14 ; ram data
                                     15 ;--------------------------------------------------------
                                     16 	.area DATA
                                     17 ;--------------------------------------------------------
                                     18 ; ram data
                                     19 ;--------------------------------------------------------
                                     20 	.area INITIALIZED
                                     21 ;--------------------------------------------------------
                                     22 ; absolute external ram data
                                     23 ;--------------------------------------------------------
                                     24 	.area DABS (ABS)
                                     25 ;--------------------------------------------------------
                                     26 ; global & static initialisations
                                     27 ;--------------------------------------------------------
                                     28 	.area HOME
                                     29 	.area GSINIT
                                     30 	.area GSFINAL
                                     31 	.area GSINIT
                                     32 ;--------------------------------------------------------
                                     33 ; Home
                                     34 ;--------------------------------------------------------
                                     35 	.area HOME
                                     36 	.area HOME
                                     37 ;--------------------------------------------------------
                                     38 ; code
                                     39 ;--------------------------------------------------------
                                     40 	.area CODE
                                     41 ;	/home/grytole/dev/git/stm8builder/stm8builder/stdperiph_driver/src/stm8s_beep.beep_cmd.c: 55: void BEEP_Cmd(FunctionalState NewState)
                                     42 ;	-----------------------------------------
                                     43 ;	 function BEEP_Cmd
                                     44 ;	-----------------------------------------
      000000                         45 _BEEP_Cmd:
                                     46 ;	/home/grytole/dev/git/stm8builder/stm8builder/stdperiph_driver/src/stm8s_beep.beep_cmd.c: 57: if (NewState != DISABLE)
      000000 0D 03            [ 1]   47 	tnz	(0x03, sp)
      000002 27 09            [ 1]   48 	jreq	00102$
                                     49 ;	/home/grytole/dev/git/stm8builder/stm8builder/stdperiph_driver/src/stm8s_beep.beep_cmd.c: 60: BEEP->CSR |= BEEP_CSR_BEEPEN;
      000004 AE 50 F3         [ 2]   50 	ldw	x, #0x50f3
      000007 F6               [ 1]   51 	ld	a, (x)
      000008 AA 20            [ 1]   52 	or	a, #0x20
      00000A F7               [ 1]   53 	ld	(x), a
      00000B 20 07            [ 2]   54 	jra	00104$
      00000D                         55 00102$:
                                     56 ;	/home/grytole/dev/git/stm8builder/stm8builder/stdperiph_driver/src/stm8s_beep.beep_cmd.c: 65: BEEP->CSR &= (uint8_t)(~BEEP_CSR_BEEPEN);
      00000D AE 50 F3         [ 2]   57 	ldw	x, #0x50f3
      000010 F6               [ 1]   58 	ld	a, (x)
      000011 A4 DF            [ 1]   59 	and	a, #0xdf
      000013 F7               [ 1]   60 	ld	(x), a
      000014                         61 00104$:
      000014 81               [ 4]   62 	ret
                                     63 	.area CODE
                                     64 	.area INITIALIZER
                                     65 	.area CABS (ABS)
