                                      1 ;--------------------------------------------------------
                                      2 ; File Created by SDCC : free open source ANSI-C Compiler
                                      3 ; Version 3.5.0 #9253 (Mar 24 2016) (Linux)
                                      4 ; This file was generated Tue Dec 12 21:27:55 2017
                                      5 ;--------------------------------------------------------
                                      6 	.module stm8s_beep_beep_init
                                      7 	.optsdcc -mstm8
                                      8 	
                                      9 ;--------------------------------------------------------
                                     10 ; Public variables in this module
                                     11 ;--------------------------------------------------------
                                     12 	.globl _assert_failed
                                     13 	.globl _BEEP_Init
                                     14 ;--------------------------------------------------------
                                     15 ; ram data
                                     16 ;--------------------------------------------------------
                                     17 	.area DATA
                                     18 ;--------------------------------------------------------
                                     19 ; ram data
                                     20 ;--------------------------------------------------------
                                     21 	.area INITIALIZED
                                     22 ;--------------------------------------------------------
                                     23 ; absolute external ram data
                                     24 ;--------------------------------------------------------
                                     25 	.area DABS (ABS)
                                     26 ;--------------------------------------------------------
                                     27 ; global & static initialisations
                                     28 ;--------------------------------------------------------
                                     29 	.area HOME
                                     30 	.area GSINIT
                                     31 	.area GSFINAL
                                     32 	.area GSINIT
                                     33 ;--------------------------------------------------------
                                     34 ; Home
                                     35 ;--------------------------------------------------------
                                     36 	.area HOME
                                     37 	.area HOME
                                     38 ;--------------------------------------------------------
                                     39 ; code
                                     40 ;--------------------------------------------------------
                                     41 	.area CODE
                                     42 ;	/home/grytole/dev/git/stm8builder/stm8builder/stdperiph_driver/src/stm8s_beep.beep_init.c: 56: void BEEP_Init(BEEP_Frequency_TypeDef BEEP_Frequency)
                                     43 ;	-----------------------------------------
                                     44 ;	 function BEEP_Init
                                     45 ;	-----------------------------------------
      000000                         46 _BEEP_Init:
                                     47 ;	/home/grytole/dev/git/stm8builder/stm8builder/stdperiph_driver/src/stm8s_beep.beep_init.c: 59: assert_param(IS_BEEP_FREQUENCY_OK(BEEP_Frequency));
      000000 0D 03            [ 1]   48 	tnz	(0x03, sp)
      000002 27 1D            [ 1]   49 	jreq	00106$
      000004 7B 03            [ 1]   50 	ld	a, (0x03, sp)
      000006 A1 40            [ 1]   51 	cp	a, #0x40
      000008 27 17            [ 1]   52 	jreq	00106$
      00000A 7B 03            [ 1]   53 	ld	a, (0x03, sp)
      00000C A1 80            [ 1]   54 	cp	a, #0x80
      00000E 27 11            [ 1]   55 	jreq	00106$
      000010 90 AEr00r4B      [ 2]   56 	ldw	y, #___str_0+0
      000014 4B 3B            [ 1]   57 	push	#0x3b
      000016 5F               [ 1]   58 	clrw	x
      000017 89               [ 2]   59 	pushw	x
      000018 4B 00            [ 1]   60 	push	#0x00
      00001A 90 89            [ 2]   61 	pushw	y
      00001C CDr00r00         [ 4]   62 	call	_assert_failed
      00001F 5B 06            [ 2]   63 	addw	sp, #6
      000021                         64 00106$:
                                     65 ;	/home/grytole/dev/git/stm8builder/stm8builder/stdperiph_driver/src/stm8s_beep.beep_init.c: 62: if ((BEEP->CSR & BEEP_CSR_BEEPDIV) == BEEP_CSR_BEEPDIV)
      000021 AE 50 F3         [ 2]   66 	ldw	x, #0x50f3
      000024 F6               [ 1]   67 	ld	a, (x)
      000025 A4 1F            [ 1]   68 	and	a, #0x1f
      000027 A1 1F            [ 1]   69 	cp	a, #0x1f
      000029 26 0E            [ 1]   70 	jrne	00102$
                                     71 ;	/home/grytole/dev/git/stm8builder/stm8builder/stdperiph_driver/src/stm8s_beep.beep_init.c: 64: BEEP->CSR &= (uint8_t)(~BEEP_CSR_BEEPDIV); /* Clear bits */
      00002B AE 50 F3         [ 2]   72 	ldw	x, #0x50f3
      00002E F6               [ 1]   73 	ld	a, (x)
      00002F A4 E0            [ 1]   74 	and	a, #0xe0
      000031 F7               [ 1]   75 	ld	(x), a
                                     76 ;	/home/grytole/dev/git/stm8builder/stm8builder/stdperiph_driver/src/stm8s_beep.beep_init.c: 65: BEEP->CSR |= BEEP_CALIBRATION_DEFAULT;
      000032 AE 50 F3         [ 2]   77 	ldw	x, #0x50f3
      000035 F6               [ 1]   78 	ld	a, (x)
      000036 AA 0B            [ 1]   79 	or	a, #0x0b
      000038 F7               [ 1]   80 	ld	(x), a
      000039                         81 00102$:
                                     82 ;	/home/grytole/dev/git/stm8builder/stm8builder/stdperiph_driver/src/stm8s_beep.beep_init.c: 69: BEEP->CSR &= (uint8_t)(~BEEP_CSR_BEEPSEL);
      000039 AE 50 F3         [ 2]   83 	ldw	x, #0x50f3
      00003C F6               [ 1]   84 	ld	a, (x)
      00003D A4 3F            [ 1]   85 	and	a, #0x3f
      00003F F7               [ 1]   86 	ld	(x), a
                                     87 ;	/home/grytole/dev/git/stm8builder/stm8builder/stdperiph_driver/src/stm8s_beep.beep_init.c: 70: BEEP->CSR |= (uint8_t)(BEEP_Frequency);
      000040 AE 50 F3         [ 2]   88 	ldw	x, #0x50f3
      000043 F6               [ 1]   89 	ld	a, (x)
      000044 1A 03            [ 1]   90 	or	a, (0x03, sp)
      000046 AE 50 F3         [ 2]   91 	ldw	x, #0x50f3
      000049 F7               [ 1]   92 	ld	(x), a
      00004A 81               [ 4]   93 	ret
                                     94 	.area CODE
      00004B                         95 ___str_0:
      00004B 2F 68 6F 6D 65 2F 67    96 	.ascii "/home/grytole/dev/git/stm8builder/stm8builder/stdperiph_driv"
             72 79 74 6F 6C 65 2F
             64 65 76 2F 67 69 74
             2F 73 74 6D 38 62 75
             69 6C 64 65 72 2F 73
             74 6D 38 62 75 69 6C
             64 65 72 2F 73 74 64
             70 65 72 69 70 68 5F
             64 72 69 76
      000087 65 72 2F 73 72 63 2F    97 	.ascii "er/src/stm8s_beep.beep_init.c"
             73 74 6D 38 73 5F 62
             65 65 70 2E 62 65 65
             70 5F 69 6E 69 74 2E
             63
      0000A4 00                      98 	.db 0x00
                                     99 	.area INITIALIZER
                                    100 	.area CABS (ABS)
