                                      1 ;--------------------------------------------------------
                                      2 ; File Created by SDCC : free open source ANSI-C Compiler
                                      3 ; Version 3.5.0 #9253 (Mar 24 2016) (Linux)
                                      4 ; This file was generated Tue Dec 12 21:28:07 2017
                                      5 ;--------------------------------------------------------
                                      6 	.module stm8s_tim1_tim1_getflagstatus
                                      7 	.optsdcc -mstm8
                                      8 	
                                      9 ;--------------------------------------------------------
                                     10 ; Public variables in this module
                                     11 ;--------------------------------------------------------
                                     12 	.globl _assert_failed
                                     13 	.globl _TIM1_GetFlagStatus
                                     14 ;--------------------------------------------------------
                                     15 ; ram data
                                     16 ;--------------------------------------------------------
                                     17 	.area DATA
                                     18 ;--------------------------------------------------------
                                     19 ; ram data
                                     20 ;--------------------------------------------------------
                                     21 	.area INITIALIZED
                                     22 ;--------------------------------------------------------
                                     23 ; absolute external ram data
                                     24 ;--------------------------------------------------------
                                     25 	.area DABS (ABS)
                                     26 ;--------------------------------------------------------
                                     27 ; global & static initialisations
                                     28 ;--------------------------------------------------------
                                     29 	.area HOME
                                     30 	.area GSINIT
                                     31 	.area GSFINAL
                                     32 	.area GSINIT
                                     33 ;--------------------------------------------------------
                                     34 ; Home
                                     35 ;--------------------------------------------------------
                                     36 	.area HOME
                                     37 	.area HOME
                                     38 ;--------------------------------------------------------
                                     39 ; code
                                     40 ;--------------------------------------------------------
                                     41 	.area CODE
                                     42 ;	/home/grytole/dev/git/stm8builder/stm8builder/stdperiph_driver/src/stm8s_tim1.tim1_getflagstatus.c: 63: FlagStatus TIM1_GetFlagStatus(TIM1_FLAG_TypeDef TIM1_FLAG)
                                     43 ;	-----------------------------------------
                                     44 ;	 function TIM1_GetFlagStatus
                                     45 ;	-----------------------------------------
      000000                         46 _TIM1_GetFlagStatus:
      000000 52 05            [ 2]   47 	sub	sp, #5
                                     48 ;	/home/grytole/dev/git/stm8builder/stm8builder/stdperiph_driver/src/stm8s_tim1.tim1_getflagstatus.c: 69: assert_param(IS_TIM1_GET_FLAG_OK(TIM1_FLAG));
      000002 1E 08            [ 2]   49 	ldw	x, (0x08, sp)
      000004 A3 00 01         [ 2]   50 	cpw	x, #0x0001
      000007 27 5E            [ 1]   51 	jreq	00107$
      000009 1E 08            [ 2]   52 	ldw	x, (0x08, sp)
      00000B A3 00 02         [ 2]   53 	cpw	x, #0x0002
      00000E 27 57            [ 1]   54 	jreq	00107$
      000010 1E 08            [ 2]   55 	ldw	x, (0x08, sp)
      000012 A3 00 04         [ 2]   56 	cpw	x, #0x0004
      000015 27 50            [ 1]   57 	jreq	00107$
      000017 1E 08            [ 2]   58 	ldw	x, (0x08, sp)
      000019 A3 00 08         [ 2]   59 	cpw	x, #0x0008
      00001C 27 49            [ 1]   60 	jreq	00107$
      00001E 1E 08            [ 2]   61 	ldw	x, (0x08, sp)
      000020 A3 00 10         [ 2]   62 	cpw	x, #0x0010
      000023 27 42            [ 1]   63 	jreq	00107$
      000025 1E 08            [ 2]   64 	ldw	x, (0x08, sp)
      000027 A3 00 20         [ 2]   65 	cpw	x, #0x0020
      00002A 27 3B            [ 1]   66 	jreq	00107$
      00002C 1E 08            [ 2]   67 	ldw	x, (0x08, sp)
      00002E A3 00 40         [ 2]   68 	cpw	x, #0x0040
      000031 27 34            [ 1]   69 	jreq	00107$
      000033 1E 08            [ 2]   70 	ldw	x, (0x08, sp)
      000035 A3 00 80         [ 2]   71 	cpw	x, #0x0080
      000038 27 2D            [ 1]   72 	jreq	00107$
      00003A 1E 08            [ 2]   73 	ldw	x, (0x08, sp)
      00003C A3 02 00         [ 2]   74 	cpw	x, #0x0200
      00003F 27 26            [ 1]   75 	jreq	00107$
      000041 1E 08            [ 2]   76 	ldw	x, (0x08, sp)
      000043 A3 04 00         [ 2]   77 	cpw	x, #0x0400
      000046 27 1F            [ 1]   78 	jreq	00107$
      000048 1E 08            [ 2]   79 	ldw	x, (0x08, sp)
      00004A A3 08 00         [ 2]   80 	cpw	x, #0x0800
      00004D 27 18            [ 1]   81 	jreq	00107$
      00004F 1E 08            [ 2]   82 	ldw	x, (0x08, sp)
      000051 A3 10 00         [ 2]   83 	cpw	x, #0x1000
      000054 27 11            [ 1]   84 	jreq	00107$
      000056 90 AEr00r8B      [ 2]   85 	ldw	y, #___str_0+0
      00005A 4B 45            [ 1]   86 	push	#0x45
      00005C 5F               [ 1]   87 	clrw	x
      00005D 89               [ 2]   88 	pushw	x
      00005E 4B 00            [ 1]   89 	push	#0x00
      000060 90 89            [ 2]   90 	pushw	y
      000062 CDr00r00         [ 4]   91 	call	_assert_failed
      000065 5B 06            [ 2]   92 	addw	sp, #6
      000067                         93 00107$:
                                     94 ;	/home/grytole/dev/git/stm8builder/stm8builder/stdperiph_driver/src/stm8s_tim1.tim1_getflagstatus.c: 71: tim1_flag_l = (uint8_t)(TIM1->SR1 & (uint8_t)TIM1_FLAG);
      000067 AE 52 55         [ 2]   95 	ldw	x, #0x5255
      00006A F6               [ 1]   96 	ld	a, (x)
      00006B 6B 03            [ 1]   97 	ld	(0x03, sp), a
      00006D 7B 09            [ 1]   98 	ld	a, (0x09, sp)
      00006F 14 03            [ 1]   99 	and	a, (0x03, sp)
      000071 6B 02            [ 1]  100 	ld	(0x02, sp), a
                                    101 ;	/home/grytole/dev/git/stm8builder/stm8builder/stdperiph_driver/src/stm8s_tim1.tim1_getflagstatus.c: 72: tim1_flag_h = (uint8_t)((uint16_t)TIM1_FLAG >> 8);
      000073 7B 08            [ 1]  102 	ld	a, (0x08, sp)
      000075 0F 04            [ 1]  103 	clr	(0x04, sp)
      000077 6B 01            [ 1]  104 	ld	(0x01, sp), a
                                    105 ;	/home/grytole/dev/git/stm8builder/stm8builder/stdperiph_driver/src/stm8s_tim1.tim1_getflagstatus.c: 74: if ((tim1_flag_l | (uint8_t)(TIM1->SR2 & tim1_flag_h)) != 0)
      000079 AE 52 56         [ 2]  106 	ldw	x, #0x5256
      00007C F6               [ 1]  107 	ld	a, (x)
      00007D 14 01            [ 1]  108 	and	a, (0x01, sp)
      00007F 1A 02            [ 1]  109 	or	a, (0x02, sp)
      000081 4D               [ 1]  110 	tnz	a
      000082 27 03            [ 1]  111 	jreq	00102$
                                    112 ;	/home/grytole/dev/git/stm8builder/stm8builder/stdperiph_driver/src/stm8s_tim1.tim1_getflagstatus.c: 76: bitstatus = SET;
      000084 A6 01            [ 1]  113 	ld	a, #0x01
                                    114 ;	/home/grytole/dev/git/stm8builder/stm8builder/stdperiph_driver/src/stm8s_tim1.tim1_getflagstatus.c: 80: bitstatus = RESET;
      000086 21                     115 	.byte 0x21
      000087                        116 00102$:
      000087 4F               [ 1]  117 	clr	a
      000088                        118 00103$:
                                    119 ;	/home/grytole/dev/git/stm8builder/stm8builder/stdperiph_driver/src/stm8s_tim1.tim1_getflagstatus.c: 82: return (FlagStatus)(bitstatus);
      000088 5B 05            [ 2]  120 	addw	sp, #5
      00008A 81               [ 4]  121 	ret
                                    122 	.area CODE
      00008B                        123 ___str_0:
      00008B 2F 68 6F 6D 65 2F 67   124 	.ascii "/home/grytole/dev/git/stm8builder/stm8builder/stdperiph_driv"
             72 79 74 6F 6C 65 2F
             64 65 76 2F 67 69 74
             2F 73 74 6D 38 62 75
             69 6C 64 65 72 2F 73
             74 6D 38 62 75 69 6C
             64 65 72 2F 73 74 64
             70 65 72 69 70 68 5F
             64 72 69 76
      0000C7 65 72 2F 73 72 63 2F   125 	.ascii "er/src/stm8s_tim1.tim1_getflagstatus.c"
             73 74 6D 38 73 5F 74
             69 6D 31 2E 74 69 6D
             31 5F 67 65 74 66 6C
             61 67 73 74 61 74 75
             73 2E 63
      0000ED 00                     126 	.db 0x00
                                    127 	.area INITIALIZER
                                    128 	.area CABS (ABS)
