                                      1 ;--------------------------------------------------------
                                      2 ; File Created by SDCC : free open source ANSI-C Compiler
                                      3 ; Version 3.5.0 #9253 (Mar 24 2016) (Linux)
                                      4 ; This file was generated Tue Dec 12 21:28:11 2017
                                      5 ;--------------------------------------------------------
                                      6 	.module stm8s_wwdg_wwdg_swreset
                                      7 	.optsdcc -mstm8
                                      8 	
                                      9 ;--------------------------------------------------------
                                     10 ; Public variables in this module
                                     11 ;--------------------------------------------------------
                                     12 	.globl _WWDG_SWReset
                                     13 ;--------------------------------------------------------
                                     14 ; ram data
                                     15 ;--------------------------------------------------------
                                     16 	.area DATA
                                     17 ;--------------------------------------------------------
                                     18 ; ram data
                                     19 ;--------------------------------------------------------
                                     20 	.area INITIALIZED
                                     21 ;--------------------------------------------------------
                                     22 ; absolute external ram data
                                     23 ;--------------------------------------------------------
                                     24 	.area DABS (ABS)
                                     25 ;--------------------------------------------------------
                                     26 ; global & static initialisations
                                     27 ;--------------------------------------------------------
                                     28 	.area HOME
                                     29 	.area GSINIT
                                     30 	.area GSFINAL
                                     31 	.area GSINIT
                                     32 ;--------------------------------------------------------
                                     33 ; Home
                                     34 ;--------------------------------------------------------
                                     35 	.area HOME
                                     36 	.area HOME
                                     37 ;--------------------------------------------------------
                                     38 ; code
                                     39 ;--------------------------------------------------------
                                     40 	.area CODE
                                     41 ;	/home/grytole/dev/git/stm8builder/stm8builder/stdperiph_driver/src/stm8s_wwdg.wwdg_swreset.c: 49: void WWDG_SWReset(void)
                                     42 ;	-----------------------------------------
                                     43 ;	 function WWDG_SWReset
                                     44 ;	-----------------------------------------
      000000                         45 _WWDG_SWReset:
                                     46 ;	/home/grytole/dev/git/stm8builder/stm8builder/stdperiph_driver/src/stm8s_wwdg.wwdg_swreset.c: 51: WWDG->CR = WWDG_CR_WDGA; /* Activate WWDG, with clearing T6 */
      000000 35 80 50 D1      [ 1]   47 	mov	0x50d1+0, #0x80
      000004 81               [ 4]   48 	ret
                                     49 	.area CODE
                                     50 	.area INITIALIZER
                                     51 	.area CABS (ABS)
