                                      1 ;--------------------------------------------------------
                                      2 ; File Created by SDCC : free open source ANSI-C Compiler
                                      3 ; Version 3.5.0 #9253 (Mar 24 2016) (Linux)
                                      4 ; This file was generated Tue Dec 12 21:28:18 2017
                                      5 ;--------------------------------------------------------
                                      6 	.module stm8s_uart1_uart1_receivedata9
                                      7 	.optsdcc -mstm8
                                      8 	
                                      9 ;--------------------------------------------------------
                                     10 ; Public variables in this module
                                     11 ;--------------------------------------------------------
                                     12 	.globl _UART1_ReceiveData9
                                     13 ;--------------------------------------------------------
                                     14 ; ram data
                                     15 ;--------------------------------------------------------
                                     16 	.area DATA
                                     17 ;--------------------------------------------------------
                                     18 ; ram data
                                     19 ;--------------------------------------------------------
                                     20 	.area INITIALIZED
                                     21 ;--------------------------------------------------------
                                     22 ; absolute external ram data
                                     23 ;--------------------------------------------------------
                                     24 	.area DABS (ABS)
                                     25 ;--------------------------------------------------------
                                     26 ; global & static initialisations
                                     27 ;--------------------------------------------------------
                                     28 	.area HOME
                                     29 	.area GSINIT
                                     30 	.area GSFINAL
                                     31 	.area GSINIT
                                     32 ;--------------------------------------------------------
                                     33 ; Home
                                     34 ;--------------------------------------------------------
                                     35 	.area HOME
                                     36 	.area HOME
                                     37 ;--------------------------------------------------------
                                     38 ; code
                                     39 ;--------------------------------------------------------
                                     40 	.area CODE
                                     41 ;	/home/grytole/dev/git/stm8builder/stm8builder/stdperiph_driver/src/stm8s_uart1.uart1_receivedata9.c: 53: uint16_t UART1_ReceiveData9(void)
                                     42 ;	-----------------------------------------
                                     43 ;	 function UART1_ReceiveData9
                                     44 ;	-----------------------------------------
      000000                         45 _UART1_ReceiveData9:
      000000 52 04            [ 2]   46 	sub	sp, #4
                                     47 ;	/home/grytole/dev/git/stm8builder/stm8builder/stdperiph_driver/src/stm8s_uart1.uart1_receivedata9.c: 57: temp = (uint16_t)(((uint16_t)( (uint16_t)UART1->CR1 & (uint16_t)UART1_CR1_R8)) << 1);
      000002 AE 52 34         [ 2]   48 	ldw	x, #0x5234
      000005 F6               [ 1]   49 	ld	a, (x)
      000006 0F 03            [ 1]   50 	clr	(0x03, sp)
      000008 A4 80            [ 1]   51 	and	a, #0x80
      00000A 97               [ 1]   52 	ld	xl, a
      00000B 4F               [ 1]   53 	clr	a
      00000C 95               [ 1]   54 	ld	xh, a
      00000D 58               [ 2]   55 	sllw	x
      00000E 1F 01            [ 2]   56 	ldw	(0x01, sp), x
                                     57 ;	/home/grytole/dev/git/stm8builder/stm8builder/stdperiph_driver/src/stm8s_uart1.uart1_receivedata9.c: 58: return (uint16_t)( (((uint16_t) UART1->DR) | temp ) & ((uint16_t)0x01FF));
      000010 AE 52 31         [ 2]   58 	ldw	x, #0x5231
      000013 F6               [ 1]   59 	ld	a, (x)
      000014 5F               [ 1]   60 	clrw	x
      000015 97               [ 1]   61 	ld	xl, a
      000016 1A 02            [ 1]   62 	or	a, (0x02, sp)
      000018 02               [ 1]   63 	rlwa	x
      000019 1A 01            [ 1]   64 	or	a, (0x01, sp)
      00001B A4 01            [ 1]   65 	and	a, #0x01
      00001D 95               [ 1]   66 	ld	xh, a
      00001E 5B 04            [ 2]   67 	addw	sp, #4
      000020 81               [ 4]   68 	ret
                                     69 	.area CODE
                                     70 	.area INITIALIZER
                                     71 	.area CABS (ABS)
