                                      1 ;--------------------------------------------------------
                                      2 ; File Created by SDCC : free open source ANSI-C Compiler
                                      3 ; Version 3.5.0 #9253 (Mar 24 2016) (Linux)
                                      4 ; This file was generated Tue Dec 12 21:28:16 2017
                                      5 ;--------------------------------------------------------
                                      6 	.module stm8s_uart1_uart1_itconfig
                                      7 	.optsdcc -mstm8
                                      8 	
                                      9 ;--------------------------------------------------------
                                     10 ; Public variables in this module
                                     11 ;--------------------------------------------------------
                                     12 	.globl _assert_failed
                                     13 	.globl _UART1_ITConfig
                                     14 ;--------------------------------------------------------
                                     15 ; ram data
                                     16 ;--------------------------------------------------------
                                     17 	.area DATA
                                     18 ;--------------------------------------------------------
                                     19 ; ram data
                                     20 ;--------------------------------------------------------
                                     21 	.area INITIALIZED
                                     22 ;--------------------------------------------------------
                                     23 ; absolute external ram data
                                     24 ;--------------------------------------------------------
                                     25 	.area DABS (ABS)
                                     26 ;--------------------------------------------------------
                                     27 ; global & static initialisations
                                     28 ;--------------------------------------------------------
                                     29 	.area HOME
                                     30 	.area GSINIT
                                     31 	.area GSFINAL
                                     32 	.area GSINIT
                                     33 ;--------------------------------------------------------
                                     34 ; Home
                                     35 ;--------------------------------------------------------
                                     36 	.area HOME
                                     37 	.area HOME
                                     38 ;--------------------------------------------------------
                                     39 ; code
                                     40 ;--------------------------------------------------------
                                     41 	.area CODE
                                     42 ;	/home/grytole/dev/git/stm8builder/stm8builder/stdperiph_driver/src/stm8s_uart1.uart1_itconfig.c: 61: void UART1_ITConfig(UART1_IT_TypeDef UART1_IT, FunctionalState NewState)
                                     43 ;	-----------------------------------------
                                     44 ;	 function UART1_ITConfig
                                     45 ;	-----------------------------------------
      000000                         46 _UART1_ITConfig:
      000000 52 03            [ 2]   47 	sub	sp, #3
                                     48 ;	/home/grytole/dev/git/stm8builder/stm8builder/stdperiph_driver/src/stm8s_uart1.uart1_itconfig.c: 66: assert_param(IS_UART1_CONFIG_IT_OK(UART1_IT));
      000002 1E 06            [ 2]   49 	ldw	x, (0x06, sp)
      000004 A3 01 00         [ 2]   50 	cpw	x, #0x0100
      000007 27 34            [ 1]   51 	jreq	00119$
      000009 1E 06            [ 2]   52 	ldw	x, (0x06, sp)
      00000B A3 02 77         [ 2]   53 	cpw	x, #0x0277
      00000E 27 2D            [ 1]   54 	jreq	00119$
      000010 1E 06            [ 2]   55 	ldw	x, (0x06, sp)
      000012 A3 02 66         [ 2]   56 	cpw	x, #0x0266
      000015 27 26            [ 1]   57 	jreq	00119$
      000017 1E 06            [ 2]   58 	ldw	x, (0x06, sp)
      000019 A3 02 05         [ 2]   59 	cpw	x, #0x0205
      00001C 27 1F            [ 1]   60 	jreq	00119$
      00001E 1E 06            [ 2]   61 	ldw	x, (0x06, sp)
      000020 A3 02 44         [ 2]   62 	cpw	x, #0x0244
      000023 27 18            [ 1]   63 	jreq	00119$
      000025 1E 06            [ 2]   64 	ldw	x, (0x06, sp)
      000027 A3 03 46         [ 2]   65 	cpw	x, #0x0346
      00002A 27 11            [ 1]   66 	jreq	00119$
      00002C 90 AEr00rE8      [ 2]   67 	ldw	y, #___str_0+0
      000030 4B 42            [ 1]   68 	push	#0x42
      000032 5F               [ 1]   69 	clrw	x
      000033 89               [ 2]   70 	pushw	x
      000034 4B 00            [ 1]   71 	push	#0x00
      000036 90 89            [ 2]   72 	pushw	y
      000038 CDr00r00         [ 4]   73 	call	_assert_failed
      00003B 5B 06            [ 2]   74 	addw	sp, #6
      00003D                         75 00119$:
                                     76 ;	/home/grytole/dev/git/stm8builder/stm8builder/stdperiph_driver/src/stm8s_uart1.uart1_itconfig.c: 67: assert_param(IS_FUNCTIONALSTATE_OK(NewState));
      00003D 0D 08            [ 1]   77 	tnz	(0x08, sp)
      00003F 27 17            [ 1]   78 	jreq	00136$
      000041 7B 08            [ 1]   79 	ld	a, (0x08, sp)
      000043 A1 01            [ 1]   80 	cp	a, #0x01
      000045 27 11            [ 1]   81 	jreq	00136$
      000047 90 AEr00rE8      [ 2]   82 	ldw	y, #___str_0+0
      00004B 4B 43            [ 1]   83 	push	#0x43
      00004D 5F               [ 1]   84 	clrw	x
      00004E 89               [ 2]   85 	pushw	x
      00004F 4B 00            [ 1]   86 	push	#0x00
      000051 90 89            [ 2]   87 	pushw	y
      000053 CDr00r00         [ 4]   88 	call	_assert_failed
      000056 5B 06            [ 2]   89 	addw	sp, #6
      000058                         90 00136$:
                                     91 ;	/home/grytole/dev/git/stm8builder/stm8builder/stdperiph_driver/src/stm8s_uart1.uart1_itconfig.c: 70: uartreg = (uint8_t)((uint16_t)UART1_IT >> 0x08);
      000058 7B 06            [ 1]   92 	ld	a, (0x06, sp)
      00005A 95               [ 1]   93 	ld	xh, a
      00005B 4F               [ 1]   94 	clr	a
                                     95 ;	/home/grytole/dev/git/stm8builder/stm8builder/stdperiph_driver/src/stm8s_uart1.uart1_itconfig.c: 72: itpos = (uint8_t)((uint8_t)1 << (uint8_t)((uint8_t)UART1_IT & (uint8_t)0x0F));
      00005C 7B 07            [ 1]   96 	ld	a, (0x07, sp)
      00005E A4 0F            [ 1]   97 	and	a, #0x0f
      000060 97               [ 1]   98 	ld	xl, a
      000061 A6 01            [ 1]   99 	ld	a, #0x01
      000063 88               [ 1]  100 	push	a
      000064 9F               [ 1]  101 	ld	a, xl
      000065 4D               [ 1]  102 	tnz	a
      000066 27 05            [ 1]  103 	jreq	00215$
      000068                        104 00214$:
      000068 08 01            [ 1]  105 	sll	(1, sp)
      00006A 4A               [ 1]  106 	dec	a
      00006B 26 FB            [ 1]  107 	jrne	00214$
      00006D                        108 00215$:
      00006D 84               [ 1]  109 	pop	a
      00006E 6B 01            [ 1]  110 	ld	(0x01, sp), a
                                    111 ;	/home/grytole/dev/git/stm8builder/stm8builder/stdperiph_driver/src/stm8s_uart1.uart1_itconfig.c: 77: if (uartreg == 0x01)
      000070 9E               [ 1]  112 	ld	a, xh
      000071 A1 01            [ 1]  113 	cp	a, #0x01
      000073 26 06            [ 1]  114 	jrne	00217$
      000075 A6 01            [ 1]  115 	ld	a, #0x01
      000077 6B 03            [ 1]  116 	ld	(0x03, sp), a
      000079 20 02            [ 2]  117 	jra	00218$
      00007B                        118 00217$:
      00007B 0F 03            [ 1]  119 	clr	(0x03, sp)
      00007D                        120 00218$:
                                    121 ;	/home/grytole/dev/git/stm8builder/stm8builder/stdperiph_driver/src/stm8s_uart1.uart1_itconfig.c: 81: else if (uartreg == 0x02)
      00007D 9E               [ 1]  122 	ld	a, xh
      00007E A1 02            [ 1]  123 	cp	a, #0x02
      000080 26 03            [ 1]  124 	jrne	00220$
      000082 A6 01            [ 1]  125 	ld	a, #0x01
      000084 21                     126 	.byte 0x21
      000085                        127 00220$:
      000085 4F               [ 1]  128 	clr	a
      000086                        129 00221$:
                                    130 ;	/home/grytole/dev/git/stm8builder/stm8builder/stdperiph_driver/src/stm8s_uart1.uart1_itconfig.c: 74: if (NewState != DISABLE)
      000086 0D 08            [ 1]  131 	tnz	(0x08, sp)
      000088 27 2B            [ 1]  132 	jreq	00114$
                                    133 ;	/home/grytole/dev/git/stm8builder/stm8builder/stdperiph_driver/src/stm8s_uart1.uart1_itconfig.c: 77: if (uartreg == 0x01)
      00008A 0D 03            [ 1]  134 	tnz	(0x03, sp)
      00008C 27 0C            [ 1]  135 	jreq	00105$
                                    136 ;	/home/grytole/dev/git/stm8builder/stm8builder/stdperiph_driver/src/stm8s_uart1.uart1_itconfig.c: 79: UART1->CR1 |= itpos;
      00008E AE 52 34         [ 2]  137 	ldw	x, #0x5234
      000091 F6               [ 1]  138 	ld	a, (x)
      000092 1A 01            [ 1]  139 	or	a, (0x01, sp)
      000094 AE 52 34         [ 2]  140 	ldw	x, #0x5234
      000097 F7               [ 1]  141 	ld	(x), a
      000098 20 4B            [ 2]  142 	jra	00116$
      00009A                        143 00105$:
                                    144 ;	/home/grytole/dev/git/stm8builder/stm8builder/stdperiph_driver/src/stm8s_uart1.uart1_itconfig.c: 81: else if (uartreg == 0x02)
      00009A 4D               [ 1]  145 	tnz	a
      00009B 27 0C            [ 1]  146 	jreq	00102$
                                    147 ;	/home/grytole/dev/git/stm8builder/stm8builder/stdperiph_driver/src/stm8s_uart1.uart1_itconfig.c: 83: UART1->CR2 |= itpos;
      00009D AE 52 35         [ 2]  148 	ldw	x, #0x5235
      0000A0 F6               [ 1]  149 	ld	a, (x)
      0000A1 1A 01            [ 1]  150 	or	a, (0x01, sp)
      0000A3 AE 52 35         [ 2]  151 	ldw	x, #0x5235
      0000A6 F7               [ 1]  152 	ld	(x), a
      0000A7 20 3C            [ 2]  153 	jra	00116$
      0000A9                        154 00102$:
                                    155 ;	/home/grytole/dev/git/stm8builder/stm8builder/stdperiph_driver/src/stm8s_uart1.uart1_itconfig.c: 87: UART1->CR4 |= itpos;
      0000A9 AE 52 37         [ 2]  156 	ldw	x, #0x5237
      0000AC F6               [ 1]  157 	ld	a, (x)
      0000AD 1A 01            [ 1]  158 	or	a, (0x01, sp)
      0000AF AE 52 37         [ 2]  159 	ldw	x, #0x5237
      0000B2 F7               [ 1]  160 	ld	(x), a
      0000B3 20 30            [ 2]  161 	jra	00116$
      0000B5                        162 00114$:
                                    163 ;	/home/grytole/dev/git/stm8builder/stm8builder/stdperiph_driver/src/stm8s_uart1.uart1_itconfig.c: 95: UART1->CR1 &= (uint8_t)(~itpos);
      0000B5 88               [ 1]  164 	push	a
      0000B6 7B 02            [ 1]  165 	ld	a, (0x02, sp)
      0000B8 43               [ 1]  166 	cpl	a
      0000B9 6B 03            [ 1]  167 	ld	(0x03, sp), a
      0000BB 84               [ 1]  168 	pop	a
                                    169 ;	/home/grytole/dev/git/stm8builder/stm8builder/stdperiph_driver/src/stm8s_uart1.uart1_itconfig.c: 93: if (uartreg == 0x01)
      0000BC 0D 03            [ 1]  170 	tnz	(0x03, sp)
      0000BE 27 0C            [ 1]  171 	jreq	00111$
                                    172 ;	/home/grytole/dev/git/stm8builder/stm8builder/stdperiph_driver/src/stm8s_uart1.uart1_itconfig.c: 95: UART1->CR1 &= (uint8_t)(~itpos);
      0000C0 AE 52 34         [ 2]  173 	ldw	x, #0x5234
      0000C3 F6               [ 1]  174 	ld	a, (x)
      0000C4 14 02            [ 1]  175 	and	a, (0x02, sp)
      0000C6 AE 52 34         [ 2]  176 	ldw	x, #0x5234
      0000C9 F7               [ 1]  177 	ld	(x), a
      0000CA 20 19            [ 2]  178 	jra	00116$
      0000CC                        179 00111$:
                                    180 ;	/home/grytole/dev/git/stm8builder/stm8builder/stdperiph_driver/src/stm8s_uart1.uart1_itconfig.c: 97: else if (uartreg == 0x02)
      0000CC 4D               [ 1]  181 	tnz	a
      0000CD 27 0C            [ 1]  182 	jreq	00108$
                                    183 ;	/home/grytole/dev/git/stm8builder/stm8builder/stdperiph_driver/src/stm8s_uart1.uart1_itconfig.c: 99: UART1->CR2 &= (uint8_t)(~itpos);
      0000CF AE 52 35         [ 2]  184 	ldw	x, #0x5235
      0000D2 F6               [ 1]  185 	ld	a, (x)
      0000D3 14 02            [ 1]  186 	and	a, (0x02, sp)
      0000D5 AE 52 35         [ 2]  187 	ldw	x, #0x5235
      0000D8 F7               [ 1]  188 	ld	(x), a
      0000D9 20 0A            [ 2]  189 	jra	00116$
      0000DB                        190 00108$:
                                    191 ;	/home/grytole/dev/git/stm8builder/stm8builder/stdperiph_driver/src/stm8s_uart1.uart1_itconfig.c: 103: UART1->CR4 &= (uint8_t)(~itpos);
      0000DB AE 52 37         [ 2]  192 	ldw	x, #0x5237
      0000DE F6               [ 1]  193 	ld	a, (x)
      0000DF 14 02            [ 1]  194 	and	a, (0x02, sp)
      0000E1 AE 52 37         [ 2]  195 	ldw	x, #0x5237
      0000E4 F7               [ 1]  196 	ld	(x), a
      0000E5                        197 00116$:
      0000E5 5B 03            [ 2]  198 	addw	sp, #3
      0000E7 81               [ 4]  199 	ret
                                    200 	.area CODE
      0000E8                        201 ___str_0:
      0000E8 2F 68 6F 6D 65 2F 67   202 	.ascii "/home/grytole/dev/git/stm8builder/stm8builder/stdperiph_driv"
             72 79 74 6F 6C 65 2F
             64 65 76 2F 67 69 74
             2F 73 74 6D 38 62 75
             69 6C 64 65 72 2F 73
             74 6D 38 62 75 69 6C
             64 65 72 2F 73 74 64
             70 65 72 69 70 68 5F
             64 72 69 76
      000124 65 72 2F 73 72 63 2F   203 	.ascii "er/src/stm8s_uart1.uart1_itconfig.c"
             73 74 6D 38 73 5F 75
             61 72 74 31 2E 75 61
             72 74 31 5F 69 74 63
             6F 6E 66 69 67 2E 63
      000147 00                     204 	.db 0x00
                                    205 	.area INITIALIZER
                                    206 	.area CABS (ABS)
