                                      1 ;--------------------------------------------------------
                                      2 ; File Created by SDCC : free open source ANSI-C Compiler
                                      3 ; Version 3.5.0 #9253 (Mar 24 2016) (Linux)
                                      4 ; This file was generated Tue Dec 12 21:28:15 2017
                                      5 ;--------------------------------------------------------
                                      6 	.module stm8s_tim4_tim4_getitstatus
                                      7 	.optsdcc -mstm8
                                      8 	
                                      9 ;--------------------------------------------------------
                                     10 ; Public variables in this module
                                     11 ;--------------------------------------------------------
                                     12 	.globl _assert_failed
                                     13 	.globl _TIM4_GetITStatus
                                     14 ;--------------------------------------------------------
                                     15 ; ram data
                                     16 ;--------------------------------------------------------
                                     17 	.area DATA
                                     18 ;--------------------------------------------------------
                                     19 ; ram data
                                     20 ;--------------------------------------------------------
                                     21 	.area INITIALIZED
                                     22 ;--------------------------------------------------------
                                     23 ; absolute external ram data
                                     24 ;--------------------------------------------------------
                                     25 	.area DABS (ABS)
                                     26 ;--------------------------------------------------------
                                     27 ; global & static initialisations
                                     28 ;--------------------------------------------------------
                                     29 	.area HOME
                                     30 	.area GSINIT
                                     31 	.area GSFINAL
                                     32 	.area GSINIT
                                     33 ;--------------------------------------------------------
                                     34 ; Home
                                     35 ;--------------------------------------------------------
                                     36 	.area HOME
                                     37 	.area HOME
                                     38 ;--------------------------------------------------------
                                     39 ; code
                                     40 ;--------------------------------------------------------
                                     41 	.area CODE
                                     42 ;	/home/grytole/dev/git/stm8builder/stm8builder/stdperiph_driver/src/stm8s_tim4.tim4_getitstatus.c: 51: ITStatus TIM4_GetITStatus(TIM4_IT_TypeDef TIM4_IT)
                                     43 ;	-----------------------------------------
                                     44 ;	 function TIM4_GetITStatus
                                     45 ;	-----------------------------------------
      000000                         46 _TIM4_GetITStatus:
      000000 88               [ 1]   47 	push	a
                                     48 ;	/home/grytole/dev/git/stm8builder/stm8builder/stdperiph_driver/src/stm8s_tim4.tim4_getitstatus.c: 58: assert_param(IS_TIM4_IT_OK(TIM4_IT));
      000001 7B 04            [ 1]   49 	ld	a, (0x04, sp)
      000003 A1 01            [ 1]   50 	cp	a, #0x01
      000005 27 11            [ 1]   51 	jreq	00108$
      000007 90 AEr00r34      [ 2]   52 	ldw	y, #___str_0+0
      00000B 4B 3A            [ 1]   53 	push	#0x3a
      00000D 5F               [ 1]   54 	clrw	x
      00000E 89               [ 2]   55 	pushw	x
      00000F 4B 00            [ 1]   56 	push	#0x00
      000011 90 89            [ 2]   57 	pushw	y
      000013 CDr00r00         [ 4]   58 	call	_assert_failed
      000016 5B 06            [ 2]   59 	addw	sp, #6
      000018                         60 00108$:
                                     61 ;	/home/grytole/dev/git/stm8builder/stm8builder/stdperiph_driver/src/stm8s_tim4.tim4_getitstatus.c: 60: itstatus = (uint8_t)(TIM4->SR1 & (uint8_t)TIM4_IT);
      000018 AE 53 44         [ 2]   62 	ldw	x, #0x5344
      00001B F6               [ 1]   63 	ld	a, (x)
      00001C 14 04            [ 1]   64 	and	a, (0x04, sp)
      00001E 6B 01            [ 1]   65 	ld	(0x01, sp), a
                                     66 ;	/home/grytole/dev/git/stm8builder/stm8builder/stdperiph_driver/src/stm8s_tim4.tim4_getitstatus.c: 62: itenable = (uint8_t)(TIM4->IER & (uint8_t)TIM4_IT);
      000020 AE 53 43         [ 2]   67 	ldw	x, #0x5343
      000023 F6               [ 1]   68 	ld	a, (x)
      000024 14 04            [ 1]   69 	and	a, (0x04, sp)
                                     70 ;	/home/grytole/dev/git/stm8builder/stm8builder/stdperiph_driver/src/stm8s_tim4.tim4_getitstatus.c: 64: if ((itstatus != (uint8_t)RESET ) && (itenable != (uint8_t)RESET ))
      000026 0D 01            [ 1]   71 	tnz	(0x01, sp)
      000028 27 06            [ 1]   72 	jreq	00102$
      00002A 4D               [ 1]   73 	tnz	a
      00002B 27 03            [ 1]   74 	jreq	00102$
                                     75 ;	/home/grytole/dev/git/stm8builder/stm8builder/stdperiph_driver/src/stm8s_tim4.tim4_getitstatus.c: 66: bitstatus = (ITStatus)SET;
      00002D A6 01            [ 1]   76 	ld	a, #0x01
                                     77 ;	/home/grytole/dev/git/stm8builder/stm8builder/stdperiph_driver/src/stm8s_tim4.tim4_getitstatus.c: 70: bitstatus = (ITStatus)RESET;
      00002F 21                      78 	.byte 0x21
      000030                         79 00102$:
      000030 4F               [ 1]   80 	clr	a
      000031                         81 00103$:
                                     82 ;	/home/grytole/dev/git/stm8builder/stm8builder/stdperiph_driver/src/stm8s_tim4.tim4_getitstatus.c: 72: return ((ITStatus)bitstatus);
      000031 5B 01            [ 2]   83 	addw	sp, #1
      000033 81               [ 4]   84 	ret
                                     85 	.area CODE
      000034                         86 ___str_0:
      000034 2F 68 6F 6D 65 2F 67    87 	.ascii "/home/grytole/dev/git/stm8builder/stm8builder/stdperiph_driv"
             72 79 74 6F 6C 65 2F
             64 65 76 2F 67 69 74
             2F 73 74 6D 38 62 75
             69 6C 64 65 72 2F 73
             74 6D 38 62 75 69 6C
             64 65 72 2F 73 74 64
             70 65 72 69 70 68 5F
             64 72 69 76
      000070 65 72 2F 73 72 63 2F    88 	.ascii "er/src/stm8s_tim4.tim4_getitstatus.c"
             73 74 6D 38 73 5F 74
             69 6D 34 2E 74 69 6D
             34 5F 67 65 74 69 74
             73 74 61 74 75 73 2E
             63
      000094 00                      89 	.db 0x00
                                     90 	.area INITIALIZER
                                     91 	.area CABS (ABS)
