                                      1 ;--------------------------------------------------------
                                      2 ; File Created by SDCC : free open source ANSI-C Compiler
                                      3 ; Version 3.5.0 #9253 (Mar 24 2016) (Linux)
                                      4 ; This file was generated Tue Dec 12 21:28:13 2017
                                      5 ;--------------------------------------------------------
                                      6 	.module stm8s_adc1_adc1_setlowthreshold
                                      7 	.optsdcc -mstm8
                                      8 	
                                      9 ;--------------------------------------------------------
                                     10 ; Public variables in this module
                                     11 ;--------------------------------------------------------
                                     12 	.globl _ADC1_SetLowThreshold
                                     13 ;--------------------------------------------------------
                                     14 ; ram data
                                     15 ;--------------------------------------------------------
                                     16 	.area DATA
                                     17 ;--------------------------------------------------------
                                     18 ; ram data
                                     19 ;--------------------------------------------------------
                                     20 	.area INITIALIZED
                                     21 ;--------------------------------------------------------
                                     22 ; absolute external ram data
                                     23 ;--------------------------------------------------------
                                     24 	.area DABS (ABS)
                                     25 ;--------------------------------------------------------
                                     26 ; global & static initialisations
                                     27 ;--------------------------------------------------------
                                     28 	.area HOME
                                     29 	.area GSINIT
                                     30 	.area GSFINAL
                                     31 	.area GSINIT
                                     32 ;--------------------------------------------------------
                                     33 ; Home
                                     34 ;--------------------------------------------------------
                                     35 	.area HOME
                                     36 	.area HOME
                                     37 ;--------------------------------------------------------
                                     38 ; code
                                     39 ;--------------------------------------------------------
                                     40 	.area CODE
                                     41 ;	/home/grytole/dev/git/stm8builder/stm8builder/stdperiph_driver/src/stm8s_adc1.adc1_setlowthreshold.c: 53: void ADC1_SetLowThreshold(uint16_t Threshold)
                                     42 ;	-----------------------------------------
                                     43 ;	 function ADC1_SetLowThreshold
                                     44 ;	-----------------------------------------
      000000                         45 _ADC1_SetLowThreshold:
                                     46 ;	/home/grytole/dev/git/stm8builder/stm8builder/stdperiph_driver/src/stm8s_adc1.adc1_setlowthreshold.c: 55: ADC1->LTRL = (uint8_t)Threshold;
      000000 7B 04            [ 1]   47 	ld	a, (0x04, sp)
      000002 AE 54 0B         [ 2]   48 	ldw	x, #0x540b
      000005 F7               [ 1]   49 	ld	(x), a
                                     50 ;	/home/grytole/dev/git/stm8builder/stm8builder/stdperiph_driver/src/stm8s_adc1.adc1_setlowthreshold.c: 56: ADC1->LTRH = (uint8_t)(Threshold >> (uint8_t)2);
      000006 1E 03            [ 2]   51 	ldw	x, (0x03, sp)
      000008 54               [ 2]   52 	srlw	x
      000009 54               [ 2]   53 	srlw	x
      00000A 9F               [ 1]   54 	ld	a, xl
      00000B AE 54 0A         [ 2]   55 	ldw	x, #0x540a
      00000E F7               [ 1]   56 	ld	(x), a
      00000F 81               [ 4]   57 	ret
                                     58 	.area CODE
                                     59 	.area INITIALIZER
                                     60 	.area CABS (ABS)
