                                      1 ;--------------------------------------------------------
                                      2 ; File Created by SDCC : free open source ANSI-C Compiler
                                      3 ; Version 3.5.0 #9253 (Mar 24 2016) (Linux)
                                      4 ; This file was generated Tue Dec 12 21:27:55 2017
                                      5 ;--------------------------------------------------------
                                      6 	.module stm8s_clk_clk_getsysclksource
                                      7 	.optsdcc -mstm8
                                      8 	
                                      9 ;--------------------------------------------------------
                                     10 ; Public variables in this module
                                     11 ;--------------------------------------------------------
                                     12 	.globl _CLK_GetSYSCLKSource
                                     13 ;--------------------------------------------------------
                                     14 ; ram data
                                     15 ;--------------------------------------------------------
                                     16 	.area DATA
                                     17 ;--------------------------------------------------------
                                     18 ; ram data
                                     19 ;--------------------------------------------------------
                                     20 	.area INITIALIZED
                                     21 ;--------------------------------------------------------
                                     22 ; absolute external ram data
                                     23 ;--------------------------------------------------------
                                     24 	.area DABS (ABS)
                                     25 ;--------------------------------------------------------
                                     26 ; global & static initialisations
                                     27 ;--------------------------------------------------------
                                     28 	.area HOME
                                     29 	.area GSINIT
                                     30 	.area GSFINAL
                                     31 	.area GSINIT
                                     32 ;--------------------------------------------------------
                                     33 ; Home
                                     34 ;--------------------------------------------------------
                                     35 	.area HOME
                                     36 	.area HOME
                                     37 ;--------------------------------------------------------
                                     38 ; code
                                     39 ;--------------------------------------------------------
                                     40 	.area CODE
                                     41 ;	/home/grytole/dev/git/stm8builder/stm8builder/stdperiph_driver/src/stm8s_clk.clk_getsysclksource.c: 54: CLK_Source_TypeDef CLK_GetSYSCLKSource(void)
                                     42 ;	-----------------------------------------
                                     43 ;	 function CLK_GetSYSCLKSource
                                     44 ;	-----------------------------------------
      000000                         45 _CLK_GetSYSCLKSource:
                                     46 ;	/home/grytole/dev/git/stm8builder/stm8builder/stdperiph_driver/src/stm8s_clk.clk_getsysclksource.c: 56: return((CLK_Source_TypeDef)CLK->CMSR);
      000000 AE 50 C3         [ 2]   47 	ldw	x, #0x50c3
      000003 F6               [ 1]   48 	ld	a, (x)
      000004 81               [ 4]   49 	ret
                                     50 	.area CODE
                                     51 	.area INITIALIZER
                                     52 	.area CABS (ABS)
