                                      1 ;--------------------------------------------------------
                                      2 ; File Created by SDCC : free open source ANSI-C Compiler
                                      3 ; Version 3.5.0 #9253 (Mar 24 2016) (Linux)
                                      4 ; This file was generated Tue Dec 12 21:28:04 2017
                                      5 ;--------------------------------------------------------
                                      6 	.module stm8s_spi_spi_init
                                      7 	.optsdcc -mstm8
                                      8 	
                                      9 ;--------------------------------------------------------
                                     10 ; Public variables in this module
                                     11 ;--------------------------------------------------------
                                     12 	.globl _assert_failed
                                     13 	.globl _SPI_Init
                                     14 ;--------------------------------------------------------
                                     15 ; ram data
                                     16 ;--------------------------------------------------------
                                     17 	.area DATA
                                     18 ;--------------------------------------------------------
                                     19 ; ram data
                                     20 ;--------------------------------------------------------
                                     21 	.area INITIALIZED
                                     22 ;--------------------------------------------------------
                                     23 ; absolute external ram data
                                     24 ;--------------------------------------------------------
                                     25 	.area DABS (ABS)
                                     26 ;--------------------------------------------------------
                                     27 ; global & static initialisations
                                     28 ;--------------------------------------------------------
                                     29 	.area HOME
                                     30 	.area GSINIT
                                     31 	.area GSFINAL
                                     32 	.area GSINIT
                                     33 ;--------------------------------------------------------
                                     34 ; Home
                                     35 ;--------------------------------------------------------
                                     36 	.area HOME
                                     37 	.area HOME
                                     38 ;--------------------------------------------------------
                                     39 ; code
                                     40 ;--------------------------------------------------------
                                     41 	.area CODE
                                     42 ;	/home/grytole/dev/git/stm8builder/stm8builder/stdperiph_driver/src/stm8s_spi.spi_init.c: 64: void SPI_Init(SPI_FirstBit_TypeDef FirstBit, SPI_BaudRatePrescaler_TypeDef BaudRatePrescaler, SPI_Mode_TypeDef Mode, SPI_ClockPolarity_TypeDef ClockPolarity, SPI_ClockPhase_TypeDef ClockPhase, SPI_DataDirection_TypeDef Data_Direction, SPI_NSS_TypeDef Slave_Management, uint8_t CRCPolynomial)
                                     43 ;	-----------------------------------------
                                     44 ;	 function SPI_Init
                                     45 ;	-----------------------------------------
      000000                         46 _SPI_Init:
      000000 89               [ 2]   47 	pushw	x
                                     48 ;	/home/grytole/dev/git/stm8builder/stm8builder/stdperiph_driver/src/stm8s_spi.spi_init.c: 67: assert_param(IS_SPI_FIRSTBIT_OK(FirstBit));
      000001 0D 05            [ 1]   49 	tnz	(0x05, sp)
      000003 27 17            [ 1]   50 	jreq	00107$
      000005 7B 05            [ 1]   51 	ld	a, (0x05, sp)
      000007 A1 80            [ 1]   52 	cp	a, #0x80
      000009 27 11            [ 1]   53 	jreq	00107$
      00000B 90 AEr01r47      [ 2]   54 	ldw	y, #___str_0+0
      00000F 4B 43            [ 1]   55 	push	#0x43
      000011 5F               [ 1]   56 	clrw	x
      000012 89               [ 2]   57 	pushw	x
      000013 4B 00            [ 1]   58 	push	#0x00
      000015 90 89            [ 2]   59 	pushw	y
      000017 CDr00r00         [ 4]   60 	call	_assert_failed
      00001A 5B 06            [ 2]   61 	addw	sp, #6
      00001C                         62 00107$:
                                     63 ;	/home/grytole/dev/git/stm8builder/stm8builder/stdperiph_driver/src/stm8s_spi.spi_init.c: 68: assert_param(IS_SPI_BAUDRATE_PRESCALER_OK(BaudRatePrescaler));
      00001C 0D 06            [ 1]   64 	tnz	(0x06, sp)
      00001E 27 3B            [ 1]   65 	jreq	00112$
      000020 7B 06            [ 1]   66 	ld	a, (0x06, sp)
      000022 A1 08            [ 1]   67 	cp	a, #0x08
      000024 27 35            [ 1]   68 	jreq	00112$
      000026 7B 06            [ 1]   69 	ld	a, (0x06, sp)
      000028 A1 10            [ 1]   70 	cp	a, #0x10
      00002A 27 2F            [ 1]   71 	jreq	00112$
      00002C 7B 06            [ 1]   72 	ld	a, (0x06, sp)
      00002E A1 18            [ 1]   73 	cp	a, #0x18
      000030 27 29            [ 1]   74 	jreq	00112$
      000032 7B 06            [ 1]   75 	ld	a, (0x06, sp)
      000034 A1 20            [ 1]   76 	cp	a, #0x20
      000036 27 23            [ 1]   77 	jreq	00112$
      000038 7B 06            [ 1]   78 	ld	a, (0x06, sp)
      00003A A1 28            [ 1]   79 	cp	a, #0x28
      00003C 27 1D            [ 1]   80 	jreq	00112$
      00003E 7B 06            [ 1]   81 	ld	a, (0x06, sp)
      000040 A1 30            [ 1]   82 	cp	a, #0x30
      000042 27 17            [ 1]   83 	jreq	00112$
      000044 7B 06            [ 1]   84 	ld	a, (0x06, sp)
      000046 A1 38            [ 1]   85 	cp	a, #0x38
      000048 27 11            [ 1]   86 	jreq	00112$
      00004A 90 AEr01r47      [ 2]   87 	ldw	y, #___str_0+0
      00004E 4B 44            [ 1]   88 	push	#0x44
      000050 5F               [ 1]   89 	clrw	x
      000051 89               [ 2]   90 	pushw	x
      000052 4B 00            [ 1]   91 	push	#0x00
      000054 90 89            [ 2]   92 	pushw	y
      000056 CDr00r00         [ 4]   93 	call	_assert_failed
      000059 5B 06            [ 2]   94 	addw	sp, #6
      00005B                         95 00112$:
                                     96 ;	/home/grytole/dev/git/stm8builder/stm8builder/stdperiph_driver/src/stm8s_spi.spi_init.c: 69: assert_param(IS_SPI_MODE_OK(Mode));
      00005B 7B 07            [ 1]   97 	ld	a, (0x07, sp)
      00005D A1 04            [ 1]   98 	cp	a, #0x04
      00005F 26 06            [ 1]   99 	jrne	00290$
      000061 A6 01            [ 1]  100 	ld	a, #0x01
      000063 6B 01            [ 1]  101 	ld	(0x01, sp), a
      000065 20 02            [ 2]  102 	jra	00291$
      000067                        103 00290$:
      000067 0F 01            [ 1]  104 	clr	(0x01, sp)
      000069                        105 00291$:
      000069 0D 01            [ 1]  106 	tnz	(0x01, sp)
      00006B 26 15            [ 1]  107 	jrne	00135$
      00006D 0D 07            [ 1]  108 	tnz	(0x07, sp)
      00006F 27 11            [ 1]  109 	jreq	00135$
      000071 90 AEr01r47      [ 2]  110 	ldw	y, #___str_0+0
      000075 4B 45            [ 1]  111 	push	#0x45
      000077 5F               [ 1]  112 	clrw	x
      000078 89               [ 2]  113 	pushw	x
      000079 4B 00            [ 1]  114 	push	#0x00
      00007B 90 89            [ 2]  115 	pushw	y
      00007D CDr00r00         [ 4]  116 	call	_assert_failed
      000080 5B 06            [ 2]  117 	addw	sp, #6
      000082                        118 00135$:
                                    119 ;	/home/grytole/dev/git/stm8builder/stm8builder/stdperiph_driver/src/stm8s_spi.spi_init.c: 70: assert_param(IS_SPI_POLARITY_OK(ClockPolarity));
      000082 0D 08            [ 1]  120 	tnz	(0x08, sp)
      000084 27 17            [ 1]  121 	jreq	00140$
      000086 7B 08            [ 1]  122 	ld	a, (0x08, sp)
      000088 A1 02            [ 1]  123 	cp	a, #0x02
      00008A 27 11            [ 1]  124 	jreq	00140$
      00008C 90 AEr01r47      [ 2]  125 	ldw	y, #___str_0+0
      000090 4B 46            [ 1]  126 	push	#0x46
      000092 5F               [ 1]  127 	clrw	x
      000093 89               [ 2]  128 	pushw	x
      000094 4B 00            [ 1]  129 	push	#0x00
      000096 90 89            [ 2]  130 	pushw	y
      000098 CDr00r00         [ 4]  131 	call	_assert_failed
      00009B 5B 06            [ 2]  132 	addw	sp, #6
      00009D                        133 00140$:
                                    134 ;	/home/grytole/dev/git/stm8builder/stm8builder/stdperiph_driver/src/stm8s_spi.spi_init.c: 71: assert_param(IS_SPI_PHASE_OK(ClockPhase));
      00009D 0D 09            [ 1]  135 	tnz	(0x09, sp)
      00009F 27 17            [ 1]  136 	jreq	00145$
      0000A1 7B 09            [ 1]  137 	ld	a, (0x09, sp)
      0000A3 A1 01            [ 1]  138 	cp	a, #0x01
      0000A5 27 11            [ 1]  139 	jreq	00145$
      0000A7 90 AEr01r47      [ 2]  140 	ldw	y, #___str_0+0
      0000AB 4B 47            [ 1]  141 	push	#0x47
      0000AD 5F               [ 1]  142 	clrw	x
      0000AE 89               [ 2]  143 	pushw	x
      0000AF 4B 00            [ 1]  144 	push	#0x00
      0000B1 90 89            [ 2]  145 	pushw	y
      0000B3 CDr00r00         [ 4]  146 	call	_assert_failed
      0000B6 5B 06            [ 2]  147 	addw	sp, #6
      0000B8                        148 00145$:
                                    149 ;	/home/grytole/dev/git/stm8builder/stm8builder/stdperiph_driver/src/stm8s_spi.spi_init.c: 72: assert_param(IS_SPI_DATA_DIRECTION_OK(Data_Direction));
      0000B8 0D 0A            [ 1]  150 	tnz	(0x0a, sp)
      0000BA 27 23            [ 1]  151 	jreq	00150$
      0000BC 7B 0A            [ 1]  152 	ld	a, (0x0a, sp)
      0000BE A1 04            [ 1]  153 	cp	a, #0x04
      0000C0 27 1D            [ 1]  154 	jreq	00150$
      0000C2 7B 0A            [ 1]  155 	ld	a, (0x0a, sp)
      0000C4 A1 80            [ 1]  156 	cp	a, #0x80
      0000C6 27 17            [ 1]  157 	jreq	00150$
      0000C8 7B 0A            [ 1]  158 	ld	a, (0x0a, sp)
      0000CA A1 C0            [ 1]  159 	cp	a, #0xc0
      0000CC 27 11            [ 1]  160 	jreq	00150$
      0000CE 90 AEr01r47      [ 2]  161 	ldw	y, #___str_0+0
      0000D2 4B 48            [ 1]  162 	push	#0x48
      0000D4 5F               [ 1]  163 	clrw	x
      0000D5 89               [ 2]  164 	pushw	x
      0000D6 4B 00            [ 1]  165 	push	#0x00
      0000D8 90 89            [ 2]  166 	pushw	y
      0000DA CDr00r00         [ 4]  167 	call	_assert_failed
      0000DD 5B 06            [ 2]  168 	addw	sp, #6
      0000DF                        169 00150$:
                                    170 ;	/home/grytole/dev/git/stm8builder/stm8builder/stdperiph_driver/src/stm8s_spi.spi_init.c: 73: assert_param(IS_SPI_SLAVEMANAGEMENT_OK(Slave_Management));
      0000DF 7B 0B            [ 1]  171 	ld	a, (0x0b, sp)
      0000E1 A1 02            [ 1]  172 	cp	a, #0x02
      0000E3 27 15            [ 1]  173 	jreq	00161$
      0000E5 0D 0B            [ 1]  174 	tnz	(0x0b, sp)
      0000E7 27 11            [ 1]  175 	jreq	00161$
      0000E9 90 AEr01r47      [ 2]  176 	ldw	y, #___str_0+0
      0000ED 4B 49            [ 1]  177 	push	#0x49
      0000EF 5F               [ 1]  178 	clrw	x
      0000F0 89               [ 2]  179 	pushw	x
      0000F1 4B 00            [ 1]  180 	push	#0x00
      0000F3 90 89            [ 2]  181 	pushw	y
      0000F5 CDr00r00         [ 4]  182 	call	_assert_failed
      0000F8 5B 06            [ 2]  183 	addw	sp, #6
      0000FA                        184 00161$:
                                    185 ;	/home/grytole/dev/git/stm8builder/stm8builder/stdperiph_driver/src/stm8s_spi.spi_init.c: 74: assert_param(IS_SPI_CRC_POLYNOMIAL_OK(CRCPolynomial));
      0000FA 0D 0C            [ 1]  186 	tnz	(0x0c, sp)
      0000FC 26 11            [ 1]  187 	jrne	00166$
      0000FE 90 AEr01r47      [ 2]  188 	ldw	y, #___str_0+0
      000102 4B 4A            [ 1]  189 	push	#0x4a
      000104 5F               [ 1]  190 	clrw	x
      000105 89               [ 2]  191 	pushw	x
      000106 4B 00            [ 1]  192 	push	#0x00
      000108 90 89            [ 2]  193 	pushw	y
      00010A CDr00r00         [ 4]  194 	call	_assert_failed
      00010D 5B 06            [ 2]  195 	addw	sp, #6
      00010F                        196 00166$:
                                    197 ;	/home/grytole/dev/git/stm8builder/stm8builder/stdperiph_driver/src/stm8s_spi.spi_init.c: 77: SPI->CR1 = (uint8_t)((uint8_t)((uint8_t)FirstBit | BaudRatePrescaler) |
      00010F 7B 05            [ 1]  198 	ld	a, (0x05, sp)
      000111 1A 06            [ 1]  199 	or	a, (0x06, sp)
      000113 6B 02            [ 1]  200 	ld	(0x02, sp), a
                                    201 ;	/home/grytole/dev/git/stm8builder/stm8builder/stdperiph_driver/src/stm8s_spi.spi_init.c: 78: (uint8_t)((uint8_t)ClockPolarity | ClockPhase));
      000115 7B 08            [ 1]  202 	ld	a, (0x08, sp)
      000117 1A 09            [ 1]  203 	or	a, (0x09, sp)
      000119 1A 02            [ 1]  204 	or	a, (0x02, sp)
      00011B AE 52 00         [ 2]  205 	ldw	x, #0x5200
      00011E F7               [ 1]  206 	ld	(x), a
                                    207 ;	/home/grytole/dev/git/stm8builder/stm8builder/stdperiph_driver/src/stm8s_spi.spi_init.c: 81: SPI->CR2 = (uint8_t)((uint8_t)(Data_Direction) | (uint8_t)(Slave_Management));
      00011F 7B 0A            [ 1]  208 	ld	a, (0x0a, sp)
      000121 1A 0B            [ 1]  209 	or	a, (0x0b, sp)
      000123 AE 52 01         [ 2]  210 	ldw	x, #0x5201
      000126 F7               [ 1]  211 	ld	(x), a
                                    212 ;	/home/grytole/dev/git/stm8builder/stm8builder/stdperiph_driver/src/stm8s_spi.spi_init.c: 83: if (Mode == SPI_MODE_MASTER)
      000127 0D 01            [ 1]  213 	tnz	(0x01, sp)
      000129 27 06            [ 1]  214 	jreq	00102$
                                    215 ;	/home/grytole/dev/git/stm8builder/stm8builder/stdperiph_driver/src/stm8s_spi.spi_init.c: 85: SPI->CR2 |= (uint8_t)SPI_CR2_SSI;
      00012B 72 10 52 01      [ 1]  216 	bset	0x5201, #0
      00012F 20 04            [ 2]  217 	jra	00103$
      000131                        218 00102$:
                                    219 ;	/home/grytole/dev/git/stm8builder/stm8builder/stdperiph_driver/src/stm8s_spi.spi_init.c: 89: SPI->CR2 &= (uint8_t)~(SPI_CR2_SSI);
      000131 72 11 52 01      [ 1]  220 	bres	0x5201, #0
      000135                        221 00103$:
                                    222 ;	/home/grytole/dev/git/stm8builder/stm8builder/stdperiph_driver/src/stm8s_spi.spi_init.c: 93: SPI->CR1 |= (uint8_t)(Mode);
      000135 AE 52 00         [ 2]  223 	ldw	x, #0x5200
      000138 F6               [ 1]  224 	ld	a, (x)
      000139 1A 07            [ 1]  225 	or	a, (0x07, sp)
      00013B AE 52 00         [ 2]  226 	ldw	x, #0x5200
      00013E F7               [ 1]  227 	ld	(x), a
                                    228 ;	/home/grytole/dev/git/stm8builder/stm8builder/stdperiph_driver/src/stm8s_spi.spi_init.c: 96: SPI->CRCPR = (uint8_t)CRCPolynomial;
      00013F AE 52 05         [ 2]  229 	ldw	x, #0x5205
      000142 7B 0C            [ 1]  230 	ld	a, (0x0c, sp)
      000144 F7               [ 1]  231 	ld	(x), a
      000145 85               [ 2]  232 	popw	x
      000146 81               [ 4]  233 	ret
                                    234 	.area CODE
      000147                        235 ___str_0:
      000147 2F 68 6F 6D 65 2F 67   236 	.ascii "/home/grytole/dev/git/stm8builder/stm8builder/stdperiph_driv"
             72 79 74 6F 6C 65 2F
             64 65 76 2F 67 69 74
             2F 73 74 6D 38 62 75
             69 6C 64 65 72 2F 73
             74 6D 38 62 75 69 6C
             64 65 72 2F 73 74 64
             70 65 72 69 70 68 5F
             64 72 69 76
      000183 65 72 2F 73 72 63 2F   237 	.ascii "er/src/stm8s_spi.spi_init.c"
             73 74 6D 38 73 5F 73
             70 69 2E 73 70 69 5F
             69 6E 69 74 2E 63
      00019E 00                     238 	.db 0x00
                                    239 	.area INITIALIZER
                                    240 	.area CABS (ABS)
