                                      1 ;--------------------------------------------------------
                                      2 ; File Created by SDCC : free open source ANSI-C Compiler
                                      3 ; Version 3.5.0 #9253 (Mar 24 2016) (Linux)
                                      4 ; This file was generated Tue Dec 12 21:28:05 2017
                                      5 ;--------------------------------------------------------
                                      6 	.module stm8s_spi_spi_getitstatus
                                      7 	.optsdcc -mstm8
                                      8 	
                                      9 ;--------------------------------------------------------
                                     10 ; Public variables in this module
                                     11 ;--------------------------------------------------------
                                     12 	.globl _assert_failed
                                     13 	.globl _SPI_GetITStatus
                                     14 ;--------------------------------------------------------
                                     15 ; ram data
                                     16 ;--------------------------------------------------------
                                     17 	.area DATA
                                     18 ;--------------------------------------------------------
                                     19 ; ram data
                                     20 ;--------------------------------------------------------
                                     21 	.area INITIALIZED
                                     22 ;--------------------------------------------------------
                                     23 ; absolute external ram data
                                     24 ;--------------------------------------------------------
                                     25 	.area DABS (ABS)
                                     26 ;--------------------------------------------------------
                                     27 ; global & static initialisations
                                     28 ;--------------------------------------------------------
                                     29 	.area HOME
                                     30 	.area GSINIT
                                     31 	.area GSFINAL
                                     32 	.area GSINIT
                                     33 ;--------------------------------------------------------
                                     34 ; Home
                                     35 ;--------------------------------------------------------
                                     36 	.area HOME
                                     37 	.area HOME
                                     38 ;--------------------------------------------------------
                                     39 ; code
                                     40 ;--------------------------------------------------------
                                     41 	.area CODE
                                     42 ;	/home/grytole/dev/git/stm8builder/stm8builder/stdperiph_driver/src/stm8s_spi.spi_getitstatus.c: 58: ITStatus SPI_GetITStatus(SPI_IT_TypeDef SPI_IT)
                                     43 ;	-----------------------------------------
                                     44 ;	 function SPI_GetITStatus
                                     45 ;	-----------------------------------------
      000000                         46 _SPI_GetITStatus:
      000000 52 03            [ 2]   47 	sub	sp, #3
                                     48 ;	/home/grytole/dev/git/stm8builder/stm8builder/stdperiph_driver/src/stm8s_spi.spi_getitstatus.c: 65: assert_param(IS_SPI_GET_IT_OK(SPI_IT));
      000002 7B 06            [ 1]   49 	ld	a, (0x06, sp)
      000004 A1 65            [ 1]   50 	cp	a, #0x65
      000006 27 2F            [ 1]   51 	jreq	00108$
      000008 7B 06            [ 1]   52 	ld	a, (0x06, sp)
      00000A A1 55            [ 1]   53 	cp	a, #0x55
      00000C 27 29            [ 1]   54 	jreq	00108$
      00000E 7B 06            [ 1]   55 	ld	a, (0x06, sp)
      000010 A1 45            [ 1]   56 	cp	a, #0x45
      000012 27 23            [ 1]   57 	jreq	00108$
      000014 7B 06            [ 1]   58 	ld	a, (0x06, sp)
      000016 A1 34            [ 1]   59 	cp	a, #0x34
      000018 27 1D            [ 1]   60 	jreq	00108$
      00001A 7B 06            [ 1]   61 	ld	a, (0x06, sp)
      00001C A1 17            [ 1]   62 	cp	a, #0x17
      00001E 27 17            [ 1]   63 	jreq	00108$
      000020 7B 06            [ 1]   64 	ld	a, (0x06, sp)
      000022 A1 06            [ 1]   65 	cp	a, #0x06
      000024 27 11            [ 1]   66 	jreq	00108$
      000026 90 AEr00r7C      [ 2]   67 	ldw	y, #___str_0+0
      00002A 4B 41            [ 1]   68 	push	#0x41
      00002C 5F               [ 1]   69 	clrw	x
      00002D 89               [ 2]   70 	pushw	x
      00002E 4B 00            [ 1]   71 	push	#0x00
      000030 90 89            [ 2]   72 	pushw	y
      000032 CDr00r00         [ 4]   73 	call	_assert_failed
      000035 5B 06            [ 2]   74 	addw	sp, #6
      000037                         75 00108$:
                                     76 ;	/home/grytole/dev/git/stm8builder/stm8builder/stdperiph_driver/src/stm8s_spi.spi_getitstatus.c: 67: itpos = (uint8_t)((uint8_t)1 << ((uint8_t)SPI_IT & (uint8_t)0x0F));
      000037 7B 06            [ 1]   77 	ld	a, (0x06, sp)
      000039 A4 0F            [ 1]   78 	and	a, #0x0f
      00003B 95               [ 1]   79 	ld	xh, a
      00003C A6 01            [ 1]   80 	ld	a, #0x01
      00003E 88               [ 1]   81 	push	a
      00003F 9E               [ 1]   82 	ld	a, xh
      000040 4D               [ 1]   83 	tnz	a
      000041 27 05            [ 1]   84 	jreq	00175$
      000043                         85 00174$:
      000043 08 01            [ 1]   86 	sll	(1, sp)
      000045 4A               [ 1]   87 	dec	a
      000046 26 FB            [ 1]   88 	jrne	00174$
      000048                         89 00175$:
      000048 84               [ 1]   90 	pop	a
      000049 6B 03            [ 1]   91 	ld	(0x03, sp), a
                                     92 ;	/home/grytole/dev/git/stm8builder/stm8builder/stdperiph_driver/src/stm8s_spi.spi_getitstatus.c: 70: itmask1 = (uint8_t)((uint8_t)SPI_IT >> (uint8_t)4);
      00004B 7B 06            [ 1]   93 	ld	a, (0x06, sp)
      00004D 4E               [ 1]   94 	swap	a
      00004E A4 0F            [ 1]   95 	and	a, #0x0f
      000050 95               [ 1]   96 	ld	xh, a
                                     97 ;	/home/grytole/dev/git/stm8builder/stm8builder/stdperiph_driver/src/stm8s_spi.spi_getitstatus.c: 72: itmask2 = (uint8_t)((uint8_t)1 << itmask1);
      000051 A6 01            [ 1]   98 	ld	a, #0x01
      000053 88               [ 1]   99 	push	a
      000054 9E               [ 1]  100 	ld	a, xh
      000055 4D               [ 1]  101 	tnz	a
      000056 27 05            [ 1]  102 	jreq	00177$
      000058                        103 00176$:
      000058 08 01            [ 1]  104 	sll	(1, sp)
      00005A 4A               [ 1]  105 	dec	a
      00005B 26 FB            [ 1]  106 	jrne	00176$
      00005D                        107 00177$:
      00005D 84               [ 1]  108 	pop	a
      00005E 6B 02            [ 1]  109 	ld	(0x02, sp), a
                                    110 ;	/home/grytole/dev/git/stm8builder/stm8builder/stdperiph_driver/src/stm8s_spi.spi_getitstatus.c: 74: enablestatus = (uint8_t)((uint8_t)SPI->SR & itmask2);
      000060 AE 52 03         [ 2]  111 	ldw	x, #0x5203
      000063 F6               [ 1]  112 	ld	a, (x)
      000064 14 02            [ 1]  113 	and	a, (0x02, sp)
      000066 6B 01            [ 1]  114 	ld	(0x01, sp), a
                                    115 ;	/home/grytole/dev/git/stm8builder/stm8builder/stdperiph_driver/src/stm8s_spi.spi_getitstatus.c: 76: if (((SPI->ICR & itpos) != RESET) && enablestatus)
      000068 AE 52 02         [ 2]  116 	ldw	x, #0x5202
      00006B F6               [ 1]  117 	ld	a, (x)
      00006C 14 03            [ 1]  118 	and	a, (0x03, sp)
      00006E 4D               [ 1]  119 	tnz	a
      00006F 27 07            [ 1]  120 	jreq	00102$
      000071 0D 01            [ 1]  121 	tnz	(0x01, sp)
      000073 27 03            [ 1]  122 	jreq	00102$
                                    123 ;	/home/grytole/dev/git/stm8builder/stm8builder/stdperiph_driver/src/stm8s_spi.spi_getitstatus.c: 79: pendingbitstatus = SET;
      000075 A6 01            [ 1]  124 	ld	a, #0x01
                                    125 ;	/home/grytole/dev/git/stm8builder/stm8builder/stdperiph_driver/src/stm8s_spi.spi_getitstatus.c: 84: pendingbitstatus = RESET;
      000077 21                     126 	.byte 0x21
      000078                        127 00102$:
      000078 4F               [ 1]  128 	clr	a
      000079                        129 00103$:
                                    130 ;	/home/grytole/dev/git/stm8builder/stm8builder/stdperiph_driver/src/stm8s_spi.spi_getitstatus.c: 87: return  pendingbitstatus;
      000079 5B 03            [ 2]  131 	addw	sp, #3
      00007B 81               [ 4]  132 	ret
                                    133 	.area CODE
      00007C                        134 ___str_0:
      00007C 2F 68 6F 6D 65 2F 67   135 	.ascii "/home/grytole/dev/git/stm8builder/stm8builder/stdperiph_driv"
             72 79 74 6F 6C 65 2F
             64 65 76 2F 67 69 74
             2F 73 74 6D 38 62 75
             69 6C 64 65 72 2F 73
             74 6D 38 62 75 69 6C
             64 65 72 2F 73 74 64
             70 65 72 69 70 68 5F
             64 72 69 76
      0000B8 65 72 2F 73 72 63 2F   136 	.ascii "er/src/stm8s_spi.spi_getitstatus.c"
             73 74 6D 38 73 5F 73
             70 69 2E 73 70 69 5F
             67 65 74 69 74 73 74
             61 74 75 73 2E 63
      0000DA 00                     137 	.db 0x00
                                    138 	.area INITIALIZER
                                    139 	.area CABS (ABS)
