                                      1 ;--------------------------------------------------------
                                      2 ; File Created by SDCC : free open source ANSI-C Compiler
                                      3 ; Version 3.5.0 #9253 (Mar 24 2016) (Linux)
                                      4 ; This file was generated Tue Dec 12 21:28:09 2017
                                      5 ;--------------------------------------------------------
                                      6 	.module stm8s_tim1_tim1_timebaseinit
                                      7 	.optsdcc -mstm8
                                      8 	
                                      9 ;--------------------------------------------------------
                                     10 ; Public variables in this module
                                     11 ;--------------------------------------------------------
                                     12 	.globl _assert_failed
                                     13 	.globl _TIM1_TimeBaseInit
                                     14 ;--------------------------------------------------------
                                     15 ; ram data
                                     16 ;--------------------------------------------------------
                                     17 	.area DATA
                                     18 ;--------------------------------------------------------
                                     19 ; ram data
                                     20 ;--------------------------------------------------------
                                     21 	.area INITIALIZED
                                     22 ;--------------------------------------------------------
                                     23 ; absolute external ram data
                                     24 ;--------------------------------------------------------
                                     25 	.area DABS (ABS)
                                     26 ;--------------------------------------------------------
                                     27 ; global & static initialisations
                                     28 ;--------------------------------------------------------
                                     29 	.area HOME
                                     30 	.area GSINIT
                                     31 	.area GSFINAL
                                     32 	.area GSINIT
                                     33 ;--------------------------------------------------------
                                     34 ; Home
                                     35 ;--------------------------------------------------------
                                     36 	.area HOME
                                     37 	.area HOME
                                     38 ;--------------------------------------------------------
                                     39 ; code
                                     40 ;--------------------------------------------------------
                                     41 	.area CODE
                                     42 ;	/home/grytole/dev/git/stm8builder/stm8builder/stdperiph_driver/src/stm8s_tim1.tim1_timebaseinit.c: 53: void TIM1_TimeBaseInit(uint16_t TIM1_Prescaler,
                                     43 ;	-----------------------------------------
                                     44 ;	 function TIM1_TimeBaseInit
                                     45 ;	-----------------------------------------
      000000                         46 _TIM1_TimeBaseInit:
      000000 52 04            [ 2]   47 	sub	sp, #4
                                     48 ;	/home/grytole/dev/git/stm8builder/stm8builder/stdperiph_driver/src/stm8s_tim1.tim1_timebaseinit.c: 59: assert_param(IS_TIM1_COUNTER_MODE_OK(TIM1_CounterMode));
      000002 0D 09            [ 1]   49 	tnz	(0x09, sp)
      000004 27 29            [ 1]   50 	jreq	00104$
      000006 7B 09            [ 1]   51 	ld	a, (0x09, sp)
      000008 A1 10            [ 1]   52 	cp	a, #0x10
      00000A 27 23            [ 1]   53 	jreq	00104$
      00000C 7B 09            [ 1]   54 	ld	a, (0x09, sp)
      00000E A1 20            [ 1]   55 	cp	a, #0x20
      000010 27 1D            [ 1]   56 	jreq	00104$
      000012 7B 09            [ 1]   57 	ld	a, (0x09, sp)
      000014 A1 40            [ 1]   58 	cp	a, #0x40
      000016 27 17            [ 1]   59 	jreq	00104$
      000018 7B 09            [ 1]   60 	ld	a, (0x09, sp)
      00001A A1 60            [ 1]   61 	cp	a, #0x60
      00001C 27 11            [ 1]   62 	jreq	00104$
      00001E 90 AEr00r60      [ 2]   63 	ldw	y, #___str_0+0
      000022 4B 3B            [ 1]   64 	push	#0x3b
      000024 5F               [ 1]   65 	clrw	x
      000025 89               [ 2]   66 	pushw	x
      000026 4B 00            [ 1]   67 	push	#0x00
      000028 90 89            [ 2]   68 	pushw	y
      00002A CDr00r00         [ 4]   69 	call	_assert_failed
      00002D 5B 06            [ 2]   70 	addw	sp, #6
      00002F                         71 00104$:
                                     72 ;	/home/grytole/dev/git/stm8builder/stm8builder/stdperiph_driver/src/stm8s_tim1.tim1_timebaseinit.c: 62: TIM1->ARRH = (uint8_t)(TIM1_Period >> 8);
      00002F 7B 0A            [ 1]   73 	ld	a, (0x0a, sp)
      000031 0F 01            [ 1]   74 	clr	(0x01, sp)
      000033 AE 52 62         [ 2]   75 	ldw	x, #0x5262
      000036 F7               [ 1]   76 	ld	(x), a
                                     77 ;	/home/grytole/dev/git/stm8builder/stm8builder/stdperiph_driver/src/stm8s_tim1.tim1_timebaseinit.c: 63: TIM1->ARRL = (uint8_t)(TIM1_Period);
      000037 7B 0B            [ 1]   78 	ld	a, (0x0b, sp)
      000039 AE 52 63         [ 2]   79 	ldw	x, #0x5263
      00003C F7               [ 1]   80 	ld	(x), a
                                     81 ;	/home/grytole/dev/git/stm8builder/stm8builder/stdperiph_driver/src/stm8s_tim1.tim1_timebaseinit.c: 66: TIM1->PSCRH = (uint8_t)(TIM1_Prescaler >> 8);
      00003D 7B 07            [ 1]   82 	ld	a, (0x07, sp)
      00003F 0F 03            [ 1]   83 	clr	(0x03, sp)
      000041 AE 52 60         [ 2]   84 	ldw	x, #0x5260
      000044 F7               [ 1]   85 	ld	(x), a
                                     86 ;	/home/grytole/dev/git/stm8builder/stm8builder/stdperiph_driver/src/stm8s_tim1.tim1_timebaseinit.c: 67: TIM1->PSCRL = (uint8_t)(TIM1_Prescaler);
      000045 7B 08            [ 1]   87 	ld	a, (0x08, sp)
      000047 AE 52 61         [ 2]   88 	ldw	x, #0x5261
      00004A F7               [ 1]   89 	ld	(x), a
                                     90 ;	/home/grytole/dev/git/stm8builder/stm8builder/stdperiph_driver/src/stm8s_tim1.tim1_timebaseinit.c: 70: TIM1->CR1 = (uint8_t)((uint8_t)(TIM1->CR1 & (uint8_t)(~(TIM1_CR1_CMS | TIM1_CR1_DIR)))
      00004B AE 52 50         [ 2]   91 	ldw	x, #0x5250
      00004E F6               [ 1]   92 	ld	a, (x)
      00004F A4 8F            [ 1]   93 	and	a, #0x8f
                                     94 ;	/home/grytole/dev/git/stm8builder/stm8builder/stdperiph_driver/src/stm8s_tim1.tim1_timebaseinit.c: 71: | (uint8_t)(TIM1_CounterMode));
      000051 1A 09            [ 1]   95 	or	a, (0x09, sp)
      000053 AE 52 50         [ 2]   96 	ldw	x, #0x5250
      000056 F7               [ 1]   97 	ld	(x), a
                                     98 ;	/home/grytole/dev/git/stm8builder/stm8builder/stdperiph_driver/src/stm8s_tim1.tim1_timebaseinit.c: 74: TIM1->RCR = TIM1_RepetitionCounter;
      000057 AE 52 64         [ 2]   99 	ldw	x, #0x5264
      00005A 7B 0C            [ 1]  100 	ld	a, (0x0c, sp)
      00005C F7               [ 1]  101 	ld	(x), a
      00005D 5B 04            [ 2]  102 	addw	sp, #4
      00005F 81               [ 4]  103 	ret
                                    104 	.area CODE
      000060                        105 ___str_0:
      000060 2F 68 6F 6D 65 2F 67   106 	.ascii "/home/grytole/dev/git/stm8builder/stm8builder/stdperiph_driv"
             72 79 74 6F 6C 65 2F
             64 65 76 2F 67 69 74
             2F 73 74 6D 38 62 75
             69 6C 64 65 72 2F 73
             74 6D 38 62 75 69 6C
             64 65 72 2F 73 74 64
             70 65 72 69 70 68 5F
             64 72 69 76
      00009C 65 72 2F 73 72 63 2F   107 	.ascii "er/src/stm8s_tim1.tim1_timebaseinit.c"
             73 74 6D 38 73 5F 74
             69 6D 31 2E 74 69 6D
             31 5F 74 69 6D 65 62
             61 73 65 69 6E 69 74
             2E 63
      0000C1 00                     108 	.db 0x00
                                    109 	.area INITIALIZER
                                    110 	.area CABS (ABS)
