                                      1 ;--------------------------------------------------------
                                      2 ; File Created by SDCC : free open source ANSI-C Compiler
                                      3 ; Version 3.5.0 #9253 (Mar 24 2016) (Linux)
                                      4 ; This file was generated Tue Dec 12 21:28:10 2017
                                      5 ;--------------------------------------------------------
                                      6 	.module stm8s_tim1___ti3_config
                                      7 	.optsdcc -mstm8
                                      8 	
                                      9 ;--------------------------------------------------------
                                     10 ; Public variables in this module
                                     11 ;--------------------------------------------------------
                                     12 	.globl _TI3_Config
                                     13 ;--------------------------------------------------------
                                     14 ; ram data
                                     15 ;--------------------------------------------------------
                                     16 	.area DATA
                                     17 ;--------------------------------------------------------
                                     18 ; ram data
                                     19 ;--------------------------------------------------------
                                     20 	.area INITIALIZED
                                     21 ;--------------------------------------------------------
                                     22 ; absolute external ram data
                                     23 ;--------------------------------------------------------
                                     24 	.area DABS (ABS)
                                     25 ;--------------------------------------------------------
                                     26 ; global & static initialisations
                                     27 ;--------------------------------------------------------
                                     28 	.area HOME
                                     29 	.area GSINIT
                                     30 	.area GSFINAL
                                     31 	.area GSINIT
                                     32 ;--------------------------------------------------------
                                     33 ; Home
                                     34 ;--------------------------------------------------------
                                     35 	.area HOME
                                     36 	.area HOME
                                     37 ;--------------------------------------------------------
                                     38 ; code
                                     39 ;--------------------------------------------------------
                                     40 	.area CODE
                                     41 ;	/home/grytole/dev/git/stm8builder/stm8builder/stdperiph_driver/src/stm8s_tim1.__ti3_config.c: 61: void TI3_Config(uint8_t TIM1_ICPolarity,
                                     42 ;	-----------------------------------------
                                     43 ;	 function TI3_Config
                                     44 ;	-----------------------------------------
      000000                         45 _TI3_Config:
      000000 88               [ 1]   46 	push	a
                                     47 ;	/home/grytole/dev/git/stm8builder/stm8builder/stdperiph_driver/src/stm8s_tim1.__ti3_config.c: 66: TIM1->CCER2 &=  (uint8_t)(~TIM1_CCER2_CC3E);
      000001 72 11 52 5D      [ 1]   48 	bres	0x525d, #0
                                     49 ;	/home/grytole/dev/git/stm8builder/stm8builder/stdperiph_driver/src/stm8s_tim1.__ti3_config.c: 69: TIM1->CCMR3 = (uint8_t)((uint8_t)(TIM1->CCMR3 & (uint8_t)(~(uint8_t)( TIM1_CCMR_CCxS | TIM1_CCMR_ICxF))) 
      000005 AE 52 5A         [ 2]   50 	ldw	x, #0x525a
      000008 F6               [ 1]   51 	ld	a, (x)
      000009 A4 0C            [ 1]   52 	and	a, #0x0c
      00000B 6B 01            [ 1]   53 	ld	(0x01, sp), a
                                     54 ;	/home/grytole/dev/git/stm8builder/stm8builder/stdperiph_driver/src/stm8s_tim1.__ti3_config.c: 70: | (uint8_t)(( (TIM1_ICSelection)) | ((uint8_t)( TIM1_ICFilter << 4))));
      00000D 7B 06            [ 1]   55 	ld	a, (0x06, sp)
      00000F 4E               [ 1]   56 	swap	a
      000010 A4 F0            [ 1]   57 	and	a, #0xf0
      000012 1A 05            [ 1]   58 	or	a, (0x05, sp)
      000014 1A 01            [ 1]   59 	or	a, (0x01, sp)
      000016 AE 52 5A         [ 2]   60 	ldw	x, #0x525a
      000019 F7               [ 1]   61 	ld	(x), a
                                     62 ;	/home/grytole/dev/git/stm8builder/stm8builder/stdperiph_driver/src/stm8s_tim1.__ti3_config.c: 73: if (TIM1_ICPolarity != TIM1_ICPOLARITY_RISING)
      00001A 0D 04            [ 1]   63 	tnz	(0x04, sp)
      00001C 27 09            [ 1]   64 	jreq	00102$
                                     65 ;	/home/grytole/dev/git/stm8builder/stm8builder/stdperiph_driver/src/stm8s_tim1.__ti3_config.c: 75: TIM1->CCER2 |= TIM1_CCER2_CC3P;
      00001E AE 52 5D         [ 2]   66 	ldw	x, #0x525d
      000021 F6               [ 1]   67 	ld	a, (x)
      000022 AA 02            [ 1]   68 	or	a, #0x02
      000024 F7               [ 1]   69 	ld	(x), a
      000025 20 07            [ 2]   70 	jra	00103$
      000027                         71 00102$:
                                     72 ;	/home/grytole/dev/git/stm8builder/stm8builder/stdperiph_driver/src/stm8s_tim1.__ti3_config.c: 79: TIM1->CCER2 &= (uint8_t)(~TIM1_CCER2_CC3P);
      000027 AE 52 5D         [ 2]   73 	ldw	x, #0x525d
      00002A F6               [ 1]   74 	ld	a, (x)
      00002B A4 FD            [ 1]   75 	and	a, #0xfd
      00002D F7               [ 1]   76 	ld	(x), a
      00002E                         77 00103$:
                                     78 ;	/home/grytole/dev/git/stm8builder/stm8builder/stdperiph_driver/src/stm8s_tim1.__ti3_config.c: 82: TIM1->CCER2 |=  TIM1_CCER2_CC3E;
      00002E 72 10 52 5D      [ 1]   79 	bset	0x525d, #0
      000032 84               [ 1]   80 	pop	a
      000033 81               [ 4]   81 	ret
                                     82 	.area CODE
                                     83 	.area INITIALIZER
                                     84 	.area CABS (ABS)
