                                      1 ;--------------------------------------------------------
                                      2 ; File Created by SDCC : free open source ANSI-C Compiler
                                      3 ; Version 3.5.0 #9253 (Mar 24 2016) (Linux)
                                      4 ; This file was generated Tue Dec 12 21:27:56 2017
                                      5 ;--------------------------------------------------------
                                      6 	.module stm8s_clk_clk_itconfig
                                      7 	.optsdcc -mstm8
                                      8 	
                                      9 ;--------------------------------------------------------
                                     10 ; Public variables in this module
                                     11 ;--------------------------------------------------------
                                     12 	.globl _assert_failed
                                     13 	.globl _CLK_ITConfig
                                     14 ;--------------------------------------------------------
                                     15 ; ram data
                                     16 ;--------------------------------------------------------
                                     17 	.area DATA
                                     18 ;--------------------------------------------------------
                                     19 ; ram data
                                     20 ;--------------------------------------------------------
                                     21 	.area INITIALIZED
                                     22 ;--------------------------------------------------------
                                     23 ; absolute external ram data
                                     24 ;--------------------------------------------------------
                                     25 	.area DABS (ABS)
                                     26 ;--------------------------------------------------------
                                     27 ; global & static initialisations
                                     28 ;--------------------------------------------------------
                                     29 	.area HOME
                                     30 	.area GSINIT
                                     31 	.area GSFINAL
                                     32 	.area GSINIT
                                     33 ;--------------------------------------------------------
                                     34 ; Home
                                     35 ;--------------------------------------------------------
                                     36 	.area HOME
                                     37 	.area HOME
                                     38 ;--------------------------------------------------------
                                     39 ; code
                                     40 ;--------------------------------------------------------
                                     41 	.area CODE
                                     42 ;	/home/grytole/dev/git/stm8builder/stm8builder/stdperiph_driver/src/stm8s_clk.clk_itconfig.c: 56: void CLK_ITConfig(CLK_IT_TypeDef CLK_IT, FunctionalState NewState)
                                     43 ;	-----------------------------------------
                                     44 ;	 function CLK_ITConfig
                                     45 ;	-----------------------------------------
      000000                         46 _CLK_ITConfig:
      000000 89               [ 2]   47 	pushw	x
                                     48 ;	/home/grytole/dev/git/stm8builder/stm8builder/stdperiph_driver/src/stm8s_clk.clk_itconfig.c: 59: assert_param(IS_FUNCTIONALSTATE_OK(NewState));
      000001 0D 06            [ 1]   49 	tnz	(0x06, sp)
      000003 27 17            [ 1]   50 	jreq	00115$
      000005 7B 06            [ 1]   51 	ld	a, (0x06, sp)
      000007 A1 01            [ 1]   52 	cp	a, #0x01
      000009 27 11            [ 1]   53 	jreq	00115$
      00000B 90 AEr00r89      [ 2]   54 	ldw	y, #___str_0+0
      00000F 4B 3B            [ 1]   55 	push	#0x3b
      000011 5F               [ 1]   56 	clrw	x
      000012 89               [ 2]   57 	pushw	x
      000013 4B 00            [ 1]   58 	push	#0x00
      000015 90 89            [ 2]   59 	pushw	y
      000017 CDr00r00         [ 4]   60 	call	_assert_failed
      00001A 5B 06            [ 2]   61 	addw	sp, #6
      00001C                         62 00115$:
                                     63 ;	/home/grytole/dev/git/stm8builder/stm8builder/stdperiph_driver/src/stm8s_clk.clk_itconfig.c: 60: assert_param(IS_CLK_IT_OK(CLK_IT));
      00001C 7B 05            [ 1]   64 	ld	a, (0x05, sp)
      00001E A1 0C            [ 1]   65 	cp	a, #0x0c
      000020 26 06            [ 1]   66 	jrne	00165$
      000022 A6 01            [ 1]   67 	ld	a, #0x01
      000024 6B 01            [ 1]   68 	ld	(0x01, sp), a
      000026 20 02            [ 2]   69 	jra	00166$
      000028                         70 00165$:
      000028 0F 01            [ 1]   71 	clr	(0x01, sp)
      00002A                         72 00166$:
      00002A 7B 05            [ 1]   73 	ld	a, (0x05, sp)
      00002C A1 1C            [ 1]   74 	cp	a, #0x1c
      00002E 26 06            [ 1]   75 	jrne	00168$
      000030 A6 01            [ 1]   76 	ld	a, #0x01
      000032 6B 02            [ 1]   77 	ld	(0x02, sp), a
      000034 20 02            [ 2]   78 	jra	00169$
      000036                         79 00168$:
      000036 0F 02            [ 1]   80 	clr	(0x02, sp)
      000038                         81 00169$:
      000038 0D 01            [ 1]   82 	tnz	(0x01, sp)
      00003A 26 15            [ 1]   83 	jrne	00120$
      00003C 0D 02            [ 1]   84 	tnz	(0x02, sp)
      00003E 26 11            [ 1]   85 	jrne	00120$
      000040 90 AEr00r89      [ 2]   86 	ldw	y, #___str_0+0
      000044 4B 3C            [ 1]   87 	push	#0x3c
      000046 5F               [ 1]   88 	clrw	x
      000047 89               [ 2]   89 	pushw	x
      000048 4B 00            [ 1]   90 	push	#0x00
      00004A 90 89            [ 2]   91 	pushw	y
      00004C CDr00r00         [ 4]   92 	call	_assert_failed
      00004F 5B 06            [ 2]   93 	addw	sp, #6
      000051                         94 00120$:
                                     95 ;	/home/grytole/dev/git/stm8builder/stm8builder/stdperiph_driver/src/stm8s_clk.clk_itconfig.c: 62: if (NewState != DISABLE)
      000051 0D 06            [ 1]   96 	tnz	(0x06, sp)
      000053 27 1A            [ 1]   97 	jreq	00110$
                                     98 ;	/home/grytole/dev/git/stm8builder/stm8builder/stdperiph_driver/src/stm8s_clk.clk_itconfig.c: 64: switch (CLK_IT)
      000055 0D 01            [ 1]   99 	tnz	(0x01, sp)
      000057 26 0D            [ 1]  100 	jrne	00102$
      000059 0D 02            [ 1]  101 	tnz	(0x02, sp)
      00005B 27 2A            [ 1]  102 	jreq	00112$
                                    103 ;	/home/grytole/dev/git/stm8builder/stm8builder/stdperiph_driver/src/stm8s_clk.clk_itconfig.c: 67: CLK->SWCR |= CLK_SWCR_SWIEN;
      00005D AE 50 C5         [ 2]  104 	ldw	x, #0x50c5
      000060 F6               [ 1]  105 	ld	a, (x)
      000061 AA 04            [ 1]  106 	or	a, #0x04
      000063 F7               [ 1]  107 	ld	(x), a
                                    108 ;	/home/grytole/dev/git/stm8builder/stm8builder/stdperiph_driver/src/stm8s_clk.clk_itconfig.c: 68: break;
      000064 20 21            [ 2]  109 	jra	00112$
                                    110 ;	/home/grytole/dev/git/stm8builder/stm8builder/stdperiph_driver/src/stm8s_clk.clk_itconfig.c: 69: case CLK_IT_CSSD: /* Enable the clock security system detection interrupt */
      000066                        111 00102$:
                                    112 ;	/home/grytole/dev/git/stm8builder/stm8builder/stdperiph_driver/src/stm8s_clk.clk_itconfig.c: 70: CLK->CSSR |= CLK_CSSR_CSSDIE;
      000066 AE 50 C8         [ 2]  113 	ldw	x, #0x50c8
      000069 F6               [ 1]  114 	ld	a, (x)
      00006A AA 04            [ 1]  115 	or	a, #0x04
      00006C F7               [ 1]  116 	ld	(x), a
                                    117 ;	/home/grytole/dev/git/stm8builder/stm8builder/stdperiph_driver/src/stm8s_clk.clk_itconfig.c: 71: break;
      00006D 20 18            [ 2]  118 	jra	00112$
                                    119 ;	/home/grytole/dev/git/stm8builder/stm8builder/stdperiph_driver/src/stm8s_clk.clk_itconfig.c: 74: }
      00006F                        120 00110$:
                                    121 ;	/home/grytole/dev/git/stm8builder/stm8builder/stdperiph_driver/src/stm8s_clk.clk_itconfig.c: 78: switch (CLK_IT)
      00006F 0D 01            [ 1]  122 	tnz	(0x01, sp)
      000071 26 0D            [ 1]  123 	jrne	00106$
      000073 0D 02            [ 1]  124 	tnz	(0x02, sp)
      000075 27 10            [ 1]  125 	jreq	00112$
                                    126 ;	/home/grytole/dev/git/stm8builder/stm8builder/stdperiph_driver/src/stm8s_clk.clk_itconfig.c: 81: CLK->SWCR  &= (uint8_t)(~CLK_SWCR_SWIEN);
      000077 AE 50 C5         [ 2]  127 	ldw	x, #0x50c5
      00007A F6               [ 1]  128 	ld	a, (x)
      00007B A4 FB            [ 1]  129 	and	a, #0xfb
      00007D F7               [ 1]  130 	ld	(x), a
                                    131 ;	/home/grytole/dev/git/stm8builder/stm8builder/stdperiph_driver/src/stm8s_clk.clk_itconfig.c: 82: break;
      00007E 20 07            [ 2]  132 	jra	00112$
                                    133 ;	/home/grytole/dev/git/stm8builder/stm8builder/stdperiph_driver/src/stm8s_clk.clk_itconfig.c: 83: case CLK_IT_CSSD: /* Disable the clock security system detection interrupt */
      000080                        134 00106$:
                                    135 ;	/home/grytole/dev/git/stm8builder/stm8builder/stdperiph_driver/src/stm8s_clk.clk_itconfig.c: 84: CLK->CSSR &= (uint8_t)(~CLK_CSSR_CSSDIE);
      000080 AE 50 C8         [ 2]  136 	ldw	x, #0x50c8
      000083 F6               [ 1]  137 	ld	a, (x)
      000084 A4 FB            [ 1]  138 	and	a, #0xfb
      000086 F7               [ 1]  139 	ld	(x), a
                                    140 ;	/home/grytole/dev/git/stm8builder/stm8builder/stdperiph_driver/src/stm8s_clk.clk_itconfig.c: 88: }
      000087                        141 00112$:
      000087 85               [ 2]  142 	popw	x
      000088 81               [ 4]  143 	ret
                                    144 	.area CODE
      000089                        145 ___str_0:
      000089 2F 68 6F 6D 65 2F 67   146 	.ascii "/home/grytole/dev/git/stm8builder/stm8builder/stdperiph_driv"
             72 79 74 6F 6C 65 2F
             64 65 76 2F 67 69 74
             2F 73 74 6D 38 62 75
             69 6C 64 65 72 2F 73
             74 6D 38 62 75 69 6C
             64 65 72 2F 73 74 64
             70 65 72 69 70 68 5F
             64 72 69 76
      0000C5 65 72 2F 73 72 63 2F   147 	.ascii "er/src/stm8s_clk.clk_itconfig.c"
             73 74 6D 38 73 5F 63
             6C 6B 2E 63 6C 6B 5F
             69 74 63 6F 6E 66 69
             67 2E 63
      0000E4 00                     148 	.db 0x00
                                    149 	.area INITIALIZER
                                    150 	.area CABS (ABS)
