                                      1 ;--------------------------------------------------------
                                      2 ; File Created by SDCC : free open source ANSI-C Compiler
                                      3 ; Version 3.5.0 #9253 (Mar 24 2016) (Linux)
                                      4 ; This file was generated Tue Dec 12 21:28:05 2017
                                      5 ;--------------------------------------------------------
                                      6 	.module stm8s_spi_spi_getflagstatus
                                      7 	.optsdcc -mstm8
                                      8 	
                                      9 ;--------------------------------------------------------
                                     10 ; Public variables in this module
                                     11 ;--------------------------------------------------------
                                     12 	.globl _assert_failed
                                     13 	.globl _SPI_GetFlagStatus
                                     14 ;--------------------------------------------------------
                                     15 ; ram data
                                     16 ;--------------------------------------------------------
                                     17 	.area DATA
                                     18 ;--------------------------------------------------------
                                     19 ; ram data
                                     20 ;--------------------------------------------------------
                                     21 	.area INITIALIZED
                                     22 ;--------------------------------------------------------
                                     23 ; absolute external ram data
                                     24 ;--------------------------------------------------------
                                     25 	.area DABS (ABS)
                                     26 ;--------------------------------------------------------
                                     27 ; global & static initialisations
                                     28 ;--------------------------------------------------------
                                     29 	.area HOME
                                     30 	.area GSINIT
                                     31 	.area GSFINAL
                                     32 	.area GSINIT
                                     33 ;--------------------------------------------------------
                                     34 ; Home
                                     35 ;--------------------------------------------------------
                                     36 	.area HOME
                                     37 	.area HOME
                                     38 ;--------------------------------------------------------
                                     39 ; code
                                     40 ;--------------------------------------------------------
                                     41 	.area CODE
                                     42 ;	/home/grytole/dev/git/stm8builder/stm8builder/stdperiph_driver/src/stm8s_spi.spi_getflagstatus.c: 53: FlagStatus SPI_GetFlagStatus(SPI_Flag_TypeDef SPI_FLAG)
                                     43 ;	-----------------------------------------
                                     44 ;	 function SPI_GetFlagStatus
                                     45 ;	-----------------------------------------
      000000                         46 _SPI_GetFlagStatus:
                                     47 ;	/home/grytole/dev/git/stm8builder/stm8builder/stdperiph_driver/src/stm8s_spi.spi_getflagstatus.c: 57: assert_param(IS_SPI_FLAGS_OK(SPI_FLAG));
      000000 7B 03            [ 1]   48 	ld	a, (0x03, sp)
      000002 A1 40            [ 1]   49 	cp	a, #0x40
      000004 27 35            [ 1]   50 	jreq	00107$
      000006 7B 03            [ 1]   51 	ld	a, (0x03, sp)
      000008 A1 20            [ 1]   52 	cp	a, #0x20
      00000A 27 2F            [ 1]   53 	jreq	00107$
      00000C 7B 03            [ 1]   54 	ld	a, (0x03, sp)
      00000E A1 10            [ 1]   55 	cp	a, #0x10
      000010 27 29            [ 1]   56 	jreq	00107$
      000012 7B 03            [ 1]   57 	ld	a, (0x03, sp)
      000014 A1 08            [ 1]   58 	cp	a, #0x08
      000016 27 23            [ 1]   59 	jreq	00107$
      000018 7B 03            [ 1]   60 	ld	a, (0x03, sp)
      00001A A1 02            [ 1]   61 	cp	a, #0x02
      00001C 27 1D            [ 1]   62 	jreq	00107$
      00001E 7B 03            [ 1]   63 	ld	a, (0x03, sp)
      000020 A1 01            [ 1]   64 	cp	a, #0x01
      000022 27 17            [ 1]   65 	jreq	00107$
      000024 7B 03            [ 1]   66 	ld	a, (0x03, sp)
      000026 A1 80            [ 1]   67 	cp	a, #0x80
      000028 27 11            [ 1]   68 	jreq	00107$
      00002A 90 AEr00r49      [ 2]   69 	ldw	y, #___str_0+0
      00002E 4B 39            [ 1]   70 	push	#0x39
      000030 5F               [ 1]   71 	clrw	x
      000031 89               [ 2]   72 	pushw	x
      000032 4B 00            [ 1]   73 	push	#0x00
      000034 90 89            [ 2]   74 	pushw	y
      000036 CDr00r00         [ 4]   75 	call	_assert_failed
      000039 5B 06            [ 2]   76 	addw	sp, #6
      00003B                         77 00107$:
                                     78 ;	/home/grytole/dev/git/stm8builder/stm8builder/stdperiph_driver/src/stm8s_spi.spi_getflagstatus.c: 60: if ((SPI->SR & (uint8_t)SPI_FLAG) != (uint8_t)RESET)
      00003B AE 52 03         [ 2]   79 	ldw	x, #0x5203
      00003E F6               [ 1]   80 	ld	a, (x)
      00003F 14 03            [ 1]   81 	and	a, (0x03, sp)
      000041 4D               [ 1]   82 	tnz	a
      000042 27 03            [ 1]   83 	jreq	00102$
                                     84 ;	/home/grytole/dev/git/stm8builder/stm8builder/stdperiph_driver/src/stm8s_spi.spi_getflagstatus.c: 62: status = SET; /* SPI_FLAG is set */
      000044 A6 01            [ 1]   85 	ld	a, #0x01
                                     86 ;	/home/grytole/dev/git/stm8builder/stm8builder/stdperiph_driver/src/stm8s_spi.spi_getflagstatus.c: 66: status = RESET; /* SPI_FLAG is reset*/
      000046 21                      87 	.byte 0x21
      000047                         88 00102$:
      000047 4F               [ 1]   89 	clr	a
      000048                         90 00103$:
                                     91 ;	/home/grytole/dev/git/stm8builder/stm8builder/stdperiph_driver/src/stm8s_spi.spi_getflagstatus.c: 70: return status;
      000048 81               [ 4]   92 	ret
                                     93 	.area CODE
      000049                         94 ___str_0:
      000049 2F 68 6F 6D 65 2F 67    95 	.ascii "/home/grytole/dev/git/stm8builder/stm8builder/stdperiph_driv"
             72 79 74 6F 6C 65 2F
             64 65 76 2F 67 69 74
             2F 73 74 6D 38 62 75
             69 6C 64 65 72 2F 73
             74 6D 38 62 75 69 6C
             64 65 72 2F 73 74 64
             70 65 72 69 70 68 5F
             64 72 69 76
      000085 65 72 2F 73 72 63 2F    96 	.ascii "er/src/stm8s_spi.spi_getflagstatus.c"
             73 74 6D 38 73 5F 73
             70 69 2E 73 70 69 5F
             67 65 74 66 6C 61 67
             73 74 61 74 75 73 2E
             63
      0000A9 00                      97 	.db 0x00
                                     98 	.area INITIALIZER
                                     99 	.area CABS (ABS)
