                                      1 ;--------------------------------------------------------
                                      2 ; File Created by SDCC : free open source ANSI-C Compiler
                                      3 ; Version 3.5.0 #9253 (Mar 24 2016) (Linux)
                                      4 ; This file was generated Tue Dec 12 21:28:15 2017
                                      5 ;--------------------------------------------------------
                                      6 	.module stm8s_tim4_tim4_itconfig
                                      7 	.optsdcc -mstm8
                                      8 	
                                      9 ;--------------------------------------------------------
                                     10 ; Public variables in this module
                                     11 ;--------------------------------------------------------
                                     12 	.globl _assert_failed
                                     13 	.globl _TIM4_ITConfig
                                     14 ;--------------------------------------------------------
                                     15 ; ram data
                                     16 ;--------------------------------------------------------
                                     17 	.area DATA
                                     18 ;--------------------------------------------------------
                                     19 ; ram data
                                     20 ;--------------------------------------------------------
                                     21 	.area INITIALIZED
                                     22 ;--------------------------------------------------------
                                     23 ; absolute external ram data
                                     24 ;--------------------------------------------------------
                                     25 	.area DABS (ABS)
                                     26 ;--------------------------------------------------------
                                     27 ; global & static initialisations
                                     28 ;--------------------------------------------------------
                                     29 	.area HOME
                                     30 	.area GSINIT
                                     31 	.area GSFINAL
                                     32 	.area GSINIT
                                     33 ;--------------------------------------------------------
                                     34 ; Home
                                     35 ;--------------------------------------------------------
                                     36 	.area HOME
                                     37 	.area HOME
                                     38 ;--------------------------------------------------------
                                     39 ; code
                                     40 ;--------------------------------------------------------
                                     41 	.area CODE
                                     42 ;	/home/grytole/dev/git/stm8builder/stm8builder/stdperiph_driver/src/stm8s_tim4.tim4_itconfig.c: 54: void TIM4_ITConfig(TIM4_IT_TypeDef TIM4_IT, FunctionalState NewState)
                                     43 ;	-----------------------------------------
                                     44 ;	 function TIM4_ITConfig
                                     45 ;	-----------------------------------------
      000000                         46 _TIM4_ITConfig:
      000000 88               [ 1]   47 	push	a
                                     48 ;	/home/grytole/dev/git/stm8builder/stm8builder/stdperiph_driver/src/stm8s_tim4.tim4_itconfig.c: 57: assert_param(IS_TIM4_IT_OK(TIM4_IT));
      000001 7B 04            [ 1]   49 	ld	a, (0x04, sp)
      000003 A1 01            [ 1]   50 	cp	a, #0x01
      000005 27 11            [ 1]   51 	jreq	00107$
      000007 90 AEr00r54      [ 2]   52 	ldw	y, #___str_0+0
      00000B 4B 39            [ 1]   53 	push	#0x39
      00000D 5F               [ 1]   54 	clrw	x
      00000E 89               [ 2]   55 	pushw	x
      00000F 4B 00            [ 1]   56 	push	#0x00
      000011 90 89            [ 2]   57 	pushw	y
      000013 CDr00r00         [ 4]   58 	call	_assert_failed
      000016 5B 06            [ 2]   59 	addw	sp, #6
      000018                         60 00107$:
                                     61 ;	/home/grytole/dev/git/stm8builder/stm8builder/stdperiph_driver/src/stm8s_tim4.tim4_itconfig.c: 58: assert_param(IS_FUNCTIONALSTATE_OK(NewState));
      000018 0D 05            [ 1]   62 	tnz	(0x05, sp)
      00001A 27 17            [ 1]   63 	jreq	00109$
      00001C 7B 05            [ 1]   64 	ld	a, (0x05, sp)
      00001E A1 01            [ 1]   65 	cp	a, #0x01
      000020 27 11            [ 1]   66 	jreq	00109$
      000022 90 AEr00r54      [ 2]   67 	ldw	y, #___str_0+0
      000026 4B 3A            [ 1]   68 	push	#0x3a
      000028 5F               [ 1]   69 	clrw	x
      000029 89               [ 2]   70 	pushw	x
      00002A 4B 00            [ 1]   71 	push	#0x00
      00002C 90 89            [ 2]   72 	pushw	y
      00002E CDr00r00         [ 4]   73 	call	_assert_failed
      000031 5B 06            [ 2]   74 	addw	sp, #6
      000033                         75 00109$:
                                     76 ;	/home/grytole/dev/git/stm8builder/stm8builder/stdperiph_driver/src/stm8s_tim4.tim4_itconfig.c: 60: if (NewState != DISABLE)
      000033 0D 05            [ 1]   77 	tnz	(0x05, sp)
      000035 27 0C            [ 1]   78 	jreq	00102$
                                     79 ;	/home/grytole/dev/git/stm8builder/stm8builder/stdperiph_driver/src/stm8s_tim4.tim4_itconfig.c: 63: TIM4->IER |= (uint8_t)TIM4_IT;
      000037 AE 53 43         [ 2]   80 	ldw	x, #0x5343
      00003A F6               [ 1]   81 	ld	a, (x)
      00003B 1A 04            [ 1]   82 	or	a, (0x04, sp)
      00003D AE 53 43         [ 2]   83 	ldw	x, #0x5343
      000040 F7               [ 1]   84 	ld	(x), a
      000041 20 0F            [ 2]   85 	jra	00104$
      000043                         86 00102$:
                                     87 ;	/home/grytole/dev/git/stm8builder/stm8builder/stdperiph_driver/src/stm8s_tim4.tim4_itconfig.c: 68: TIM4->IER &= (uint8_t)(~TIM4_IT);
      000043 AE 53 43         [ 2]   88 	ldw	x, #0x5343
      000046 F6               [ 1]   89 	ld	a, (x)
      000047 6B 01            [ 1]   90 	ld	(0x01, sp), a
      000049 7B 04            [ 1]   91 	ld	a, (0x04, sp)
      00004B 43               [ 1]   92 	cpl	a
      00004C 14 01            [ 1]   93 	and	a, (0x01, sp)
      00004E AE 53 43         [ 2]   94 	ldw	x, #0x5343
      000051 F7               [ 1]   95 	ld	(x), a
      000052                         96 00104$:
      000052 84               [ 1]   97 	pop	a
      000053 81               [ 4]   98 	ret
                                     99 	.area CODE
      000054                        100 ___str_0:
      000054 2F 68 6F 6D 65 2F 67   101 	.ascii "/home/grytole/dev/git/stm8builder/stm8builder/stdperiph_driv"
             72 79 74 6F 6C 65 2F
             64 65 76 2F 67 69 74
             2F 73 74 6D 38 62 75
             69 6C 64 65 72 2F 73
             74 6D 38 62 75 69 6C
             64 65 72 2F 73 74 64
             70 65 72 69 70 68 5F
             64 72 69 76
      000090 65 72 2F 73 72 63 2F   102 	.ascii "er/src/stm8s_tim4.tim4_itconfig.c"
             73 74 6D 38 73 5F 74
             69 6D 34 2E 74 69 6D
             34 5F 69 74 63 6F 6E
             66 69 67 2E 63
      0000B1 00                     103 	.db 0x00
                                    104 	.area INITIALIZER
                                    105 	.area CABS (ABS)
