                                      1 ;--------------------------------------------------------
                                      2 ; File Created by SDCC : free open source ANSI-C Compiler
                                      3 ; Version 3.5.0 #9253 (Mar 24 2016) (Linux)
                                      4 ; This file was generated Tue Dec 12 21:28:15 2017
                                      5 ;--------------------------------------------------------
                                      6 	.module stm8s_tim4_tim4_deinit
                                      7 	.optsdcc -mstm8
                                      8 	
                                      9 ;--------------------------------------------------------
                                     10 ; Public variables in this module
                                     11 ;--------------------------------------------------------
                                     12 	.globl _TIM4_DeInit
                                     13 ;--------------------------------------------------------
                                     14 ; ram data
                                     15 ;--------------------------------------------------------
                                     16 	.area DATA
                                     17 ;--------------------------------------------------------
                                     18 ; ram data
                                     19 ;--------------------------------------------------------
                                     20 	.area INITIALIZED
                                     21 ;--------------------------------------------------------
                                     22 ; absolute external ram data
                                     23 ;--------------------------------------------------------
                                     24 	.area DABS (ABS)
                                     25 ;--------------------------------------------------------
                                     26 ; global & static initialisations
                                     27 ;--------------------------------------------------------
                                     28 	.area HOME
                                     29 	.area GSINIT
                                     30 	.area GSFINAL
                                     31 	.area GSINIT
                                     32 ;--------------------------------------------------------
                                     33 ; Home
                                     34 ;--------------------------------------------------------
                                     35 	.area HOME
                                     36 	.area HOME
                                     37 ;--------------------------------------------------------
                                     38 ; code
                                     39 ;--------------------------------------------------------
                                     40 	.area CODE
                                     41 ;	/home/grytole/dev/git/stm8builder/stm8builder/stdperiph_driver/src/stm8s_tim4.tim4_deinit.c: 49: void TIM4_DeInit(void)
                                     42 ;	-----------------------------------------
                                     43 ;	 function TIM4_DeInit
                                     44 ;	-----------------------------------------
      000000                         45 _TIM4_DeInit:
                                     46 ;	/home/grytole/dev/git/stm8builder/stm8builder/stdperiph_driver/src/stm8s_tim4.tim4_deinit.c: 51: TIM4->CR1 = TIM4_CR1_RESET_VALUE;
      000000 35 00 53 40      [ 1]   47 	mov	0x5340+0, #0x00
                                     48 ;	/home/grytole/dev/git/stm8builder/stm8builder/stdperiph_driver/src/stm8s_tim4.tim4_deinit.c: 52: TIM4->IER = TIM4_IER_RESET_VALUE;
      000004 35 00 53 43      [ 1]   49 	mov	0x5343+0, #0x00
                                     50 ;	/home/grytole/dev/git/stm8builder/stm8builder/stdperiph_driver/src/stm8s_tim4.tim4_deinit.c: 53: TIM4->CNTR = TIM4_CNTR_RESET_VALUE;
      000008 35 00 53 46      [ 1]   51 	mov	0x5346+0, #0x00
                                     52 ;	/home/grytole/dev/git/stm8builder/stm8builder/stdperiph_driver/src/stm8s_tim4.tim4_deinit.c: 54: TIM4->PSCR = TIM4_PSCR_RESET_VALUE;
      00000C 35 00 53 47      [ 1]   53 	mov	0x5347+0, #0x00
                                     54 ;	/home/grytole/dev/git/stm8builder/stm8builder/stdperiph_driver/src/stm8s_tim4.tim4_deinit.c: 55: TIM4->ARR = TIM4_ARR_RESET_VALUE;
      000010 35 FF 53 48      [ 1]   55 	mov	0x5348+0, #0xff
                                     56 ;	/home/grytole/dev/git/stm8builder/stm8builder/stdperiph_driver/src/stm8s_tim4.tim4_deinit.c: 56: TIM4->SR1 = TIM4_SR1_RESET_VALUE;
      000014 35 00 53 44      [ 1]   57 	mov	0x5344+0, #0x00
      000018 81               [ 4]   58 	ret
                                     59 	.area CODE
                                     60 	.area INITIALIZER
                                     61 	.area CABS (ABS)
