                                      1 ;--------------------------------------------------------
                                      2 ; File Created by SDCC : free open source ANSI-C Compiler
                                      3 ; Version 3.5.0 #9253 (Mar 24 2016) (Linux)
                                      4 ; This file was generated Tue Dec 12 21:27:57 2017
                                      5 ;--------------------------------------------------------
                                      6 	.module stm8s_exti_exti_gettlisensitivity
                                      7 	.optsdcc -mstm8
                                      8 	
                                      9 ;--------------------------------------------------------
                                     10 ; Public variables in this module
                                     11 ;--------------------------------------------------------
                                     12 	.globl _EXTI_GetTLISensitivity
                                     13 ;--------------------------------------------------------
                                     14 ; ram data
                                     15 ;--------------------------------------------------------
                                     16 	.area DATA
                                     17 ;--------------------------------------------------------
                                     18 ; ram data
                                     19 ;--------------------------------------------------------
                                     20 	.area INITIALIZED
                                     21 ;--------------------------------------------------------
                                     22 ; absolute external ram data
                                     23 ;--------------------------------------------------------
                                     24 	.area DABS (ABS)
                                     25 ;--------------------------------------------------------
                                     26 ; global & static initialisations
                                     27 ;--------------------------------------------------------
                                     28 	.area HOME
                                     29 	.area GSINIT
                                     30 	.area GSFINAL
                                     31 	.area GSINIT
                                     32 ;--------------------------------------------------------
                                     33 ; Home
                                     34 ;--------------------------------------------------------
                                     35 	.area HOME
                                     36 	.area HOME
                                     37 ;--------------------------------------------------------
                                     38 ; code
                                     39 ;--------------------------------------------------------
                                     40 	.area CODE
                                     41 ;	/home/grytole/dev/git/stm8builder/stm8builder/stdperiph_driver/src/stm8s_exti.exti_gettlisensitivity.c: 53: EXTI_TLISensitivity_TypeDef EXTI_GetTLISensitivity(void)
                                     42 ;	-----------------------------------------
                                     43 ;	 function EXTI_GetTLISensitivity
                                     44 ;	-----------------------------------------
      000000                         45 _EXTI_GetTLISensitivity:
                                     46 ;	/home/grytole/dev/git/stm8builder/stm8builder/stdperiph_driver/src/stm8s_exti.exti_gettlisensitivity.c: 58: value = (uint8_t)(EXTI->CR2 & EXTI_CR2_TLIS);
      000000 AE 50 A1         [ 2]   47 	ldw	x, #0x50a1
      000003 F6               [ 1]   48 	ld	a, (x)
      000004 A4 04            [ 1]   49 	and	a, #0x04
                                     50 ;	/home/grytole/dev/git/stm8builder/stm8builder/stdperiph_driver/src/stm8s_exti.exti_gettlisensitivity.c: 60: return((EXTI_TLISensitivity_TypeDef)value);
      000006 81               [ 4]   51 	ret
                                     52 	.area CODE
                                     53 	.area INITIALIZER
                                     54 	.area CABS (ABS)
