                                      1 ;--------------------------------------------------------
                                      2 ; File Created by SDCC : free open source ANSI-C Compiler
                                      3 ; Version 3.5.0 #9253 (Mar 24 2016) (Linux)
                                      4 ; This file was generated Tue Dec 12 21:28:05 2017
                                      5 ;--------------------------------------------------------
                                      6 	.module stm8s_tim1_tim1_ccxncmd
                                      7 	.optsdcc -mstm8
                                      8 	
                                      9 ;--------------------------------------------------------
                                     10 ; Public variables in this module
                                     11 ;--------------------------------------------------------
                                     12 	.globl _assert_failed
                                     13 	.globl _TIM1_CCxNCmd
                                     14 ;--------------------------------------------------------
                                     15 ; ram data
                                     16 ;--------------------------------------------------------
                                     17 	.area DATA
                                     18 ;--------------------------------------------------------
                                     19 ; ram data
                                     20 ;--------------------------------------------------------
                                     21 	.area INITIALIZED
                                     22 ;--------------------------------------------------------
                                     23 ; absolute external ram data
                                     24 ;--------------------------------------------------------
                                     25 	.area DABS (ABS)
                                     26 ;--------------------------------------------------------
                                     27 ; global & static initialisations
                                     28 ;--------------------------------------------------------
                                     29 	.area HOME
                                     30 	.area GSINIT
                                     31 	.area GSFINAL
                                     32 	.area GSINIT
                                     33 ;--------------------------------------------------------
                                     34 ; Home
                                     35 ;--------------------------------------------------------
                                     36 	.area HOME
                                     37 	.area HOME
                                     38 ;--------------------------------------------------------
                                     39 ; code
                                     40 ;--------------------------------------------------------
                                     41 	.area CODE
                                     42 ;	/home/grytole/dev/git/stm8builder/stm8builder/stdperiph_driver/src/stm8s_tim1.tim1_ccxncmd.c: 56: void TIM1_CCxNCmd(TIM1_Channel_TypeDef TIM1_Channel, FunctionalState NewState)
                                     43 ;	-----------------------------------------
                                     44 ;	 function TIM1_CCxNCmd
                                     45 ;	-----------------------------------------
      000000                         46 _TIM1_CCxNCmd:
      000000 88               [ 1]   47 	push	a
                                     48 ;	/home/grytole/dev/git/stm8builder/stm8builder/stdperiph_driver/src/stm8s_tim1.tim1_ccxncmd.c: 59: assert_param(IS_TIM1_COMPLEMENTARY_CHANNEL_OK(TIM1_Channel));
      000001 7B 04            [ 1]   49 	ld	a, (0x04, sp)
      000003 A1 01            [ 1]   50 	cp	a, #0x01
      000005 26 06            [ 1]   51 	jrne	00172$
      000007 A6 01            [ 1]   52 	ld	a, #0x01
      000009 6B 01            [ 1]   53 	ld	(0x01, sp), a
      00000B 20 02            [ 2]   54 	jra	00173$
      00000D                         55 00172$:
      00000D 0F 01            [ 1]   56 	clr	(0x01, sp)
      00000F                         57 00173$:
      00000F 0D 04            [ 1]   58 	tnz	(0x04, sp)
      000011 27 1B            [ 1]   59 	jreq	00119$
      000013 0D 01            [ 1]   60 	tnz	(0x01, sp)
      000015 26 17            [ 1]   61 	jrne	00119$
      000017 7B 04            [ 1]   62 	ld	a, (0x04, sp)
      000019 A1 02            [ 1]   63 	cp	a, #0x02
      00001B 27 11            [ 1]   64 	jreq	00119$
      00001D 90 AEr00r93      [ 2]   65 	ldw	y, #___str_0+0
      000021 4B 3B            [ 1]   66 	push	#0x3b
      000023 5F               [ 1]   67 	clrw	x
      000024 89               [ 2]   68 	pushw	x
      000025 4B 00            [ 1]   69 	push	#0x00
      000027 90 89            [ 2]   70 	pushw	y
      000029 CDr00r00         [ 4]   71 	call	_assert_failed
      00002C 5B 06            [ 2]   72 	addw	sp, #6
      00002E                         73 00119$:
                                     74 ;	/home/grytole/dev/git/stm8builder/stm8builder/stdperiph_driver/src/stm8s_tim1.tim1_ccxncmd.c: 60: assert_param(IS_FUNCTIONALSTATE_OK(NewState));
      00002E 0D 05            [ 1]   75 	tnz	(0x05, sp)
      000030 27 17            [ 1]   76 	jreq	00127$
      000032 7B 05            [ 1]   77 	ld	a, (0x05, sp)
      000034 A1 01            [ 1]   78 	cp	a, #0x01
      000036 27 11            [ 1]   79 	jreq	00127$
      000038 90 AEr00r93      [ 2]   80 	ldw	y, #___str_0+0
      00003C 4B 3C            [ 1]   81 	push	#0x3c
      00003E 5F               [ 1]   82 	clrw	x
      00003F 89               [ 2]   83 	pushw	x
      000040 4B 00            [ 1]   84 	push	#0x00
      000042 90 89            [ 2]   85 	pushw	y
      000044 CDr00r00         [ 4]   86 	call	_assert_failed
      000047 5B 06            [ 2]   87 	addw	sp, #6
      000049                         88 00127$:
                                     89 ;	/home/grytole/dev/git/stm8builder/stm8builder/stdperiph_driver/src/stm8s_tim1.tim1_ccxncmd.c: 62: if (TIM1_Channel == TIM1_CHANNEL_1)
      000049 0D 04            [ 1]   90 	tnz	(0x04, sp)
      00004B 26 16            [ 1]   91 	jrne	00114$
                                     92 ;	/home/grytole/dev/git/stm8builder/stm8builder/stdperiph_driver/src/stm8s_tim1.tim1_ccxncmd.c: 65: if (NewState != DISABLE)
      00004D 0D 05            [ 1]   93 	tnz	(0x05, sp)
      00004F 27 09            [ 1]   94 	jreq	00102$
                                     95 ;	/home/grytole/dev/git/stm8builder/stm8builder/stdperiph_driver/src/stm8s_tim1.tim1_ccxncmd.c: 67: TIM1->CCER1 |= TIM1_CCER1_CC1NE;
      000051 AE 52 5C         [ 2]   96 	ldw	x, #0x525c
      000054 F6               [ 1]   97 	ld	a, (x)
      000055 AA 04            [ 1]   98 	or	a, #0x04
      000057 F7               [ 1]   99 	ld	(x), a
      000058 20 37            [ 2]  100 	jra	00116$
      00005A                        101 00102$:
                                    102 ;	/home/grytole/dev/git/stm8builder/stm8builder/stdperiph_driver/src/stm8s_tim1.tim1_ccxncmd.c: 71: TIM1->CCER1 &= (uint8_t)(~TIM1_CCER1_CC1NE);
      00005A AE 52 5C         [ 2]  103 	ldw	x, #0x525c
      00005D F6               [ 1]  104 	ld	a, (x)
      00005E A4 FB            [ 1]  105 	and	a, #0xfb
      000060 F7               [ 1]  106 	ld	(x), a
      000061 20 2E            [ 2]  107 	jra	00116$
      000063                        108 00114$:
                                    109 ;	/home/grytole/dev/git/stm8builder/stm8builder/stdperiph_driver/src/stm8s_tim1.tim1_ccxncmd.c: 74: else if (TIM1_Channel == TIM1_CHANNEL_2)
      000063 0D 01            [ 1]  110 	tnz	(0x01, sp)
      000065 27 16            [ 1]  111 	jreq	00111$
                                    112 ;	/home/grytole/dev/git/stm8builder/stm8builder/stdperiph_driver/src/stm8s_tim1.tim1_ccxncmd.c: 77: if (NewState != DISABLE)
      000067 0D 05            [ 1]  113 	tnz	(0x05, sp)
      000069 27 09            [ 1]  114 	jreq	00105$
                                    115 ;	/home/grytole/dev/git/stm8builder/stm8builder/stdperiph_driver/src/stm8s_tim1.tim1_ccxncmd.c: 79: TIM1->CCER1 |= TIM1_CCER1_CC2NE;
      00006B AE 52 5C         [ 2]  116 	ldw	x, #0x525c
      00006E F6               [ 1]  117 	ld	a, (x)
      00006F AA 40            [ 1]  118 	or	a, #0x40
      000071 F7               [ 1]  119 	ld	(x), a
      000072 20 1D            [ 2]  120 	jra	00116$
      000074                        121 00105$:
                                    122 ;	/home/grytole/dev/git/stm8builder/stm8builder/stdperiph_driver/src/stm8s_tim1.tim1_ccxncmd.c: 83: TIM1->CCER1 &= (uint8_t)(~TIM1_CCER1_CC2NE);
      000074 AE 52 5C         [ 2]  123 	ldw	x, #0x525c
      000077 F6               [ 1]  124 	ld	a, (x)
      000078 A4 BF            [ 1]  125 	and	a, #0xbf
      00007A F7               [ 1]  126 	ld	(x), a
      00007B 20 14            [ 2]  127 	jra	00116$
      00007D                        128 00111$:
                                    129 ;	/home/grytole/dev/git/stm8builder/stm8builder/stdperiph_driver/src/stm8s_tim1.tim1_ccxncmd.c: 89: if (NewState != DISABLE)
      00007D 0D 05            [ 1]  130 	tnz	(0x05, sp)
      00007F 27 09            [ 1]  131 	jreq	00108$
                                    132 ;	/home/grytole/dev/git/stm8builder/stm8builder/stdperiph_driver/src/stm8s_tim1.tim1_ccxncmd.c: 91: TIM1->CCER2 |= TIM1_CCER2_CC3NE;
      000081 AE 52 5D         [ 2]  133 	ldw	x, #0x525d
      000084 F6               [ 1]  134 	ld	a, (x)
      000085 AA 04            [ 1]  135 	or	a, #0x04
      000087 F7               [ 1]  136 	ld	(x), a
      000088 20 07            [ 2]  137 	jra	00116$
      00008A                        138 00108$:
                                    139 ;	/home/grytole/dev/git/stm8builder/stm8builder/stdperiph_driver/src/stm8s_tim1.tim1_ccxncmd.c: 95: TIM1->CCER2 &= (uint8_t)(~TIM1_CCER2_CC3NE);
      00008A AE 52 5D         [ 2]  140 	ldw	x, #0x525d
      00008D F6               [ 1]  141 	ld	a, (x)
      00008E A4 FB            [ 1]  142 	and	a, #0xfb
      000090 F7               [ 1]  143 	ld	(x), a
      000091                        144 00116$:
      000091 84               [ 1]  145 	pop	a
      000092 81               [ 4]  146 	ret
                                    147 	.area CODE
      000093                        148 ___str_0:
      000093 2F 68 6F 6D 65 2F 67   149 	.ascii "/home/grytole/dev/git/stm8builder/stm8builder/stdperiph_driv"
             72 79 74 6F 6C 65 2F
             64 65 76 2F 67 69 74
             2F 73 74 6D 38 62 75
             69 6C 64 65 72 2F 73
             74 6D 38 62 75 69 6C
             64 65 72 2F 73 74 64
             70 65 72 69 70 68 5F
             64 72 69 76
      0000CF 65 72 2F 73 72 63 2F   150 	.ascii "er/src/stm8s_tim1.tim1_ccxncmd.c"
             73 74 6D 38 73 5F 74
             69 6D 31 2E 74 69 6D
             31 5F 63 63 78 6E 63
             6D 64 2E 63
      0000EF 00                     151 	.db 0x00
                                    152 	.area INITIALIZER
                                    153 	.area CABS (ABS)
