                                      1 ;--------------------------------------------------------
                                      2 ; File Created by SDCC : free open source ANSI-C Compiler
                                      3 ; Version 3.5.0 #9253 (Mar 24 2016) (Linux)
                                      4 ; This file was generated Tue Dec 12 21:28:12 2017
                                      5 ;--------------------------------------------------------
                                      6 	.module stm8s_adc1_adc1_itconfig
                                      7 	.optsdcc -mstm8
                                      8 	
                                      9 ;--------------------------------------------------------
                                     10 ; Public variables in this module
                                     11 ;--------------------------------------------------------
                                     12 	.globl _assert_failed
                                     13 	.globl _ADC1_ITConfig
                                     14 ;--------------------------------------------------------
                                     15 ; ram data
                                     16 ;--------------------------------------------------------
                                     17 	.area DATA
                                     18 ;--------------------------------------------------------
                                     19 ; ram data
                                     20 ;--------------------------------------------------------
                                     21 	.area INITIALIZED
                                     22 ;--------------------------------------------------------
                                     23 ; absolute external ram data
                                     24 ;--------------------------------------------------------
                                     25 	.area DABS (ABS)
                                     26 ;--------------------------------------------------------
                                     27 ; global & static initialisations
                                     28 ;--------------------------------------------------------
                                     29 	.area HOME
                                     30 	.area GSINIT
                                     31 	.area GSFINAL
                                     32 	.area GSINIT
                                     33 ;--------------------------------------------------------
                                     34 ; Home
                                     35 ;--------------------------------------------------------
                                     36 	.area HOME
                                     37 	.area HOME
                                     38 ;--------------------------------------------------------
                                     39 ; code
                                     40 ;--------------------------------------------------------
                                     41 	.area CODE
                                     42 ;	/home/grytole/dev/git/stm8builder/stm8builder/stdperiph_driver/src/stm8s_adc1.adc1_itconfig.c: 56: void ADC1_ITConfig(ADC1_IT_TypeDef ADC1_IT, FunctionalState NewState)
                                     43 ;	-----------------------------------------
                                     44 ;	 function ADC1_ITConfig
                                     45 ;	-----------------------------------------
      000000                         46 _ADC1_ITConfig:
      000000 88               [ 1]   47 	push	a
                                     48 ;	/home/grytole/dev/git/stm8builder/stm8builder/stdperiph_driver/src/stm8s_adc1.adc1_itconfig.c: 59: assert_param(IS_ADC1_IT_OK(ADC1_IT));
      000001 1E 04            [ 2]   49 	ldw	x, (0x04, sp)
      000003 A3 00 20         [ 2]   50 	cpw	x, #0x0020
      000006 27 18            [ 1]   51 	jreq	00107$
      000008 1E 04            [ 2]   52 	ldw	x, (0x04, sp)
      00000A A3 00 10         [ 2]   53 	cpw	x, #0x0010
      00000D 27 11            [ 1]   54 	jreq	00107$
      00000F 90 AEr00r60      [ 2]   55 	ldw	y, #___str_0+0
      000013 4B 3B            [ 1]   56 	push	#0x3b
      000015 5F               [ 1]   57 	clrw	x
      000016 89               [ 2]   58 	pushw	x
      000017 4B 00            [ 1]   59 	push	#0x00
      000019 90 89            [ 2]   60 	pushw	y
      00001B CDr00r00         [ 4]   61 	call	_assert_failed
      00001E 5B 06            [ 2]   62 	addw	sp, #6
      000020                         63 00107$:
                                     64 ;	/home/grytole/dev/git/stm8builder/stm8builder/stdperiph_driver/src/stm8s_adc1.adc1_itconfig.c: 60: assert_param(IS_FUNCTIONALSTATE_OK(NewState));
      000020 0D 06            [ 1]   65 	tnz	(0x06, sp)
      000022 27 17            [ 1]   66 	jreq	00112$
      000024 7B 06            [ 1]   67 	ld	a, (0x06, sp)
      000026 A1 01            [ 1]   68 	cp	a, #0x01
      000028 27 11            [ 1]   69 	jreq	00112$
      00002A 90 AEr00r60      [ 2]   70 	ldw	y, #___str_0+0
      00002E 4B 3C            [ 1]   71 	push	#0x3c
      000030 5F               [ 1]   72 	clrw	x
      000031 89               [ 2]   73 	pushw	x
      000032 4B 00            [ 1]   74 	push	#0x00
      000034 90 89            [ 2]   75 	pushw	y
      000036 CDr00r00         [ 4]   76 	call	_assert_failed
      000039 5B 06            [ 2]   77 	addw	sp, #6
      00003B                         78 00112$:
                                     79 ;	/home/grytole/dev/git/stm8builder/stm8builder/stdperiph_driver/src/stm8s_adc1.adc1_itconfig.c: 62: if (NewState != DISABLE)
      00003B 0D 06            [ 1]   80 	tnz	(0x06, sp)
      00003D 27 10            [ 1]   81 	jreq	00102$
                                     82 ;	/home/grytole/dev/git/stm8builder/stm8builder/stdperiph_driver/src/stm8s_adc1.adc1_itconfig.c: 65: ADC1->CSR |= (uint8_t)ADC1_IT;
      00003F AE 54 00         [ 2]   83 	ldw	x, #0x5400
      000042 F6               [ 1]   84 	ld	a, (x)
      000043 6B 01            [ 1]   85 	ld	(0x01, sp), a
      000045 7B 05            [ 1]   86 	ld	a, (0x05, sp)
      000047 1A 01            [ 1]   87 	or	a, (0x01, sp)
      000049 AE 54 00         [ 2]   88 	ldw	x, #0x5400
      00004C F7               [ 1]   89 	ld	(x), a
      00004D 20 0F            [ 2]   90 	jra	00104$
      00004F                         91 00102$:
                                     92 ;	/home/grytole/dev/git/stm8builder/stm8builder/stdperiph_driver/src/stm8s_adc1.adc1_itconfig.c: 70: ADC1->CSR &= (uint8_t)((uint16_t)~(uint16_t)ADC1_IT);
      00004F AE 54 00         [ 2]   93 	ldw	x, #0x5400
      000052 F6               [ 1]   94 	ld	a, (x)
      000053 1E 04            [ 2]   95 	ldw	x, (0x04, sp)
      000055 53               [ 2]   96 	cplw	x
      000056 89               [ 2]   97 	pushw	x
      000057 14 02            [ 1]   98 	and	a, (2, sp)
      000059 85               [ 2]   99 	popw	x
      00005A AE 54 00         [ 2]  100 	ldw	x, #0x5400
      00005D F7               [ 1]  101 	ld	(x), a
      00005E                        102 00104$:
      00005E 84               [ 1]  103 	pop	a
      00005F 81               [ 4]  104 	ret
                                    105 	.area CODE
      000060                        106 ___str_0:
      000060 2F 68 6F 6D 65 2F 67   107 	.ascii "/home/grytole/dev/git/stm8builder/stm8builder/stdperiph_driv"
             72 79 74 6F 6C 65 2F
             64 65 76 2F 67 69 74
             2F 73 74 6D 38 62 75
             69 6C 64 65 72 2F 73
             74 6D 38 62 75 69 6C
             64 65 72 2F 73 74 64
             70 65 72 69 70 68 5F
             64 72 69 76
      00009C 65 72 2F 73 72 63 2F   108 	.ascii "er/src/stm8s_adc1.adc1_itconfig.c"
             73 74 6D 38 73 5F 61
             64 63 31 2E 61 64 63
             31 5F 69 74 63 6F 6E
             66 69 67 2E 63
      0000BD 00                     109 	.db 0x00
                                    110 	.area INITIALIZER
                                    111 	.area CABS (ABS)
