                                      1 ;--------------------------------------------------------
                                      2 ; File Created by SDCC : free open source ANSI-C Compiler
                                      3 ; Version 3.5.0 #9253 (Mar 24 2016) (Linux)
                                      4 ; This file was generated Tue Dec 12 21:28:02 2017
                                      5 ;--------------------------------------------------------
                                      6 	.module stm8s_i2c_i2c_clearflag
                                      7 	.optsdcc -mstm8
                                      8 	
                                      9 ;--------------------------------------------------------
                                     10 ; Public variables in this module
                                     11 ;--------------------------------------------------------
                                     12 	.globl _assert_failed
                                     13 	.globl _I2C_ClearFlag
                                     14 ;--------------------------------------------------------
                                     15 ; ram data
                                     16 ;--------------------------------------------------------
                                     17 	.area DATA
                                     18 ;--------------------------------------------------------
                                     19 ; ram data
                                     20 ;--------------------------------------------------------
                                     21 	.area INITIALIZED
                                     22 ;--------------------------------------------------------
                                     23 ; absolute external ram data
                                     24 ;--------------------------------------------------------
                                     25 	.area DABS (ABS)
                                     26 ;--------------------------------------------------------
                                     27 ; global & static initialisations
                                     28 ;--------------------------------------------------------
                                     29 	.area HOME
                                     30 	.area GSINIT
                                     31 	.area GSFINAL
                                     32 	.area GSINIT
                                     33 ;--------------------------------------------------------
                                     34 ; Home
                                     35 ;--------------------------------------------------------
                                     36 	.area HOME
                                     37 	.area HOME
                                     38 ;--------------------------------------------------------
                                     39 ; code
                                     40 ;--------------------------------------------------------
                                     41 	.area CODE
                                     42 ;	/home/grytole/dev/git/stm8builder/stm8builder/stdperiph_driver/src/stm8s_i2c.i2c_clearflag.c: 87: void I2C_ClearFlag(I2C_Flag_TypeDef I2C_FLAG)
                                     43 ;	-----------------------------------------
                                     44 ;	 function I2C_ClearFlag
                                     45 ;	-----------------------------------------
      000000                         46 _I2C_ClearFlag:
                                     47 ;	/home/grytole/dev/git/stm8builder/stm8builder/stdperiph_driver/src/stm8s_i2c.i2c_clearflag.c: 91: assert_param(IS_I2C_CLEAR_FLAG_OK(I2C_FLAG));
      000000 7B 03            [ 1]   48 	ld	a, (0x03, sp)
      000002 A5 FD            [ 1]   49 	bcp	a, #0xfd
      000004 26 04            [ 1]   50 	jrne	00103$
      000006 1E 03            [ 2]   51 	ldw	x, (0x03, sp)
      000008 26 11            [ 1]   52 	jrne	00104$
      00000A                         53 00103$:
      00000A 90 AEr00r27      [ 2]   54 	ldw	y, #___str_0+0
      00000E 4B 5B            [ 1]   55 	push	#0x5b
      000010 5F               [ 1]   56 	clrw	x
      000011 89               [ 2]   57 	pushw	x
      000012 4B 00            [ 1]   58 	push	#0x00
      000014 90 89            [ 2]   59 	pushw	y
      000016 CDr00r00         [ 4]   60 	call	_assert_failed
      000019 5B 06            [ 2]   61 	addw	sp, #6
      00001B                         62 00104$:
                                     63 ;	/home/grytole/dev/git/stm8builder/stm8builder/stdperiph_driver/src/stm8s_i2c.i2c_clearflag.c: 94: flagpos = (uint16_t)I2C_FLAG & FLAG_Mask;
      00001B 7B 04            [ 1]   64 	ld	a, (0x04, sp)
      00001D 97               [ 1]   65 	ld	xl, a
      00001E 4F               [ 1]   66 	clr	a
      00001F 95               [ 1]   67 	ld	xh, a
                                     68 ;	/home/grytole/dev/git/stm8builder/stm8builder/stdperiph_driver/src/stm8s_i2c.i2c_clearflag.c: 96: I2C->SR2 = (uint8_t)((uint16_t)(~flagpos));
      000020 53               [ 2]   69 	cplw	x
      000021 9F               [ 1]   70 	ld	a, xl
      000022 AE 52 18         [ 2]   71 	ldw	x, #0x5218
      000025 F7               [ 1]   72 	ld	(x), a
      000026 81               [ 4]   73 	ret
                                     74 	.area CODE
      000027                         75 ___str_0:
      000027 2F 68 6F 6D 65 2F 67    76 	.ascii "/home/grytole/dev/git/stm8builder/stm8builder/stdperiph_driv"
             72 79 74 6F 6C 65 2F
             64 65 76 2F 67 69 74
             2F 73 74 6D 38 62 75
             69 6C 64 65 72 2F 73
             74 6D 38 62 75 69 6C
             64 65 72 2F 73 74 64
             70 65 72 69 70 68 5F
             64 72 69 76
      000063 65 72 2F 73 72 63 2F    77 	.ascii "er/src/stm8s_i2c.i2c_clearflag.c"
             73 74 6D 38 73 5F 69
             32 63 2E 69 32 63 5F
             63 6C 65 61 72 66 6C
             61 67 2E 63
      000083 00                      78 	.db 0x00
                                     79 	.area INITIALIZER
                                     80 	.area CABS (ABS)
