                                      1 ;--------------------------------------------------------
                                      2 ; File Created by SDCC : free open source ANSI-C Compiler
                                      3 ; Version 3.5.0 #9253 (Mar 24 2016) (Linux)
                                      4 ; This file was generated Tue Dec 12 21:28:16 2017
                                      5 ;--------------------------------------------------------
                                      6 	.module stm8s_tim4_tim4_prescalerconfig
                                      7 	.optsdcc -mstm8
                                      8 	
                                      9 ;--------------------------------------------------------
                                     10 ; Public variables in this module
                                     11 ;--------------------------------------------------------
                                     12 	.globl _assert_failed
                                     13 	.globl _TIM4_PrescalerConfig
                                     14 ;--------------------------------------------------------
                                     15 ; ram data
                                     16 ;--------------------------------------------------------
                                     17 	.area DATA
                                     18 ;--------------------------------------------------------
                                     19 ; ram data
                                     20 ;--------------------------------------------------------
                                     21 	.area INITIALIZED
                                     22 ;--------------------------------------------------------
                                     23 ; absolute external ram data
                                     24 ;--------------------------------------------------------
                                     25 	.area DABS (ABS)
                                     26 ;--------------------------------------------------------
                                     27 ; global & static initialisations
                                     28 ;--------------------------------------------------------
                                     29 	.area HOME
                                     30 	.area GSINIT
                                     31 	.area GSFINAL
                                     32 	.area GSINIT
                                     33 ;--------------------------------------------------------
                                     34 ; Home
                                     35 ;--------------------------------------------------------
                                     36 	.area HOME
                                     37 	.area HOME
                                     38 ;--------------------------------------------------------
                                     39 ; code
                                     40 ;--------------------------------------------------------
                                     41 	.area CODE
                                     42 ;	/home/grytole/dev/git/stm8builder/stm8builder/stdperiph_driver/src/stm8s_tim4.tim4_prescalerconfig.c: 64: void TIM4_PrescalerConfig(TIM4_Prescaler_TypeDef Prescaler, TIM4_PSCReloadMode_TypeDef TIM4_PSCReloadMode)
                                     43 ;	-----------------------------------------
                                     44 ;	 function TIM4_PrescalerConfig
                                     45 ;	-----------------------------------------
      000000                         46 _TIM4_PrescalerConfig:
                                     47 ;	/home/grytole/dev/git/stm8builder/stm8builder/stdperiph_driver/src/stm8s_tim4.tim4_prescalerconfig.c: 67: assert_param(IS_TIM4_PRESCALER_RELOAD_OK(TIM4_PSCReloadMode));
      000000 0D 04            [ 1]   48 	tnz	(0x04, sp)
      000002 27 17            [ 1]   49 	jreq	00104$
      000004 7B 04            [ 1]   50 	ld	a, (0x04, sp)
      000006 A1 01            [ 1]   51 	cp	a, #0x01
      000008 27 11            [ 1]   52 	jreq	00104$
      00000A 90 AEr00r67      [ 2]   53 	ldw	y, #___str_0+0
      00000E 4B 43            [ 1]   54 	push	#0x43
      000010 5F               [ 1]   55 	clrw	x
      000011 89               [ 2]   56 	pushw	x
      000012 4B 00            [ 1]   57 	push	#0x00
      000014 90 89            [ 2]   58 	pushw	y
      000016 CDr00r00         [ 4]   59 	call	_assert_failed
      000019 5B 06            [ 2]   60 	addw	sp, #6
      00001B                         61 00104$:
                                     62 ;	/home/grytole/dev/git/stm8builder/stm8builder/stdperiph_driver/src/stm8s_tim4.tim4_prescalerconfig.c: 68: assert_param(IS_TIM4_PRESCALER_OK(Prescaler));
      00001B 0D 03            [ 1]   63 	tnz	(0x03, sp)
      00001D 27 3B            [ 1]   64 	jreq	00109$
      00001F 7B 03            [ 1]   65 	ld	a, (0x03, sp)
      000021 A1 01            [ 1]   66 	cp	a, #0x01
      000023 27 35            [ 1]   67 	jreq	00109$
      000025 7B 03            [ 1]   68 	ld	a, (0x03, sp)
      000027 A1 02            [ 1]   69 	cp	a, #0x02
      000029 27 2F            [ 1]   70 	jreq	00109$
      00002B 7B 03            [ 1]   71 	ld	a, (0x03, sp)
      00002D A1 03            [ 1]   72 	cp	a, #0x03
      00002F 27 29            [ 1]   73 	jreq	00109$
      000031 7B 03            [ 1]   74 	ld	a, (0x03, sp)
      000033 A1 04            [ 1]   75 	cp	a, #0x04
      000035 27 23            [ 1]   76 	jreq	00109$
      000037 7B 03            [ 1]   77 	ld	a, (0x03, sp)
      000039 A1 05            [ 1]   78 	cp	a, #0x05
      00003B 27 1D            [ 1]   79 	jreq	00109$
      00003D 7B 03            [ 1]   80 	ld	a, (0x03, sp)
      00003F A1 06            [ 1]   81 	cp	a, #0x06
      000041 27 17            [ 1]   82 	jreq	00109$
      000043 7B 03            [ 1]   83 	ld	a, (0x03, sp)
      000045 A1 07            [ 1]   84 	cp	a, #0x07
      000047 27 11            [ 1]   85 	jreq	00109$
      000049 90 AEr00r67      [ 2]   86 	ldw	y, #___str_0+0
      00004D 4B 44            [ 1]   87 	push	#0x44
      00004F 5F               [ 1]   88 	clrw	x
      000050 89               [ 2]   89 	pushw	x
      000051 4B 00            [ 1]   90 	push	#0x00
      000053 90 89            [ 2]   91 	pushw	y
      000055 CDr00r00         [ 4]   92 	call	_assert_failed
      000058 5B 06            [ 2]   93 	addw	sp, #6
      00005A                         94 00109$:
                                     95 ;	/home/grytole/dev/git/stm8builder/stm8builder/stdperiph_driver/src/stm8s_tim4.tim4_prescalerconfig.c: 71: TIM4->PSCR = (uint8_t)Prescaler;
      00005A AE 53 47         [ 2]   96 	ldw	x, #0x5347
      00005D 7B 03            [ 1]   97 	ld	a, (0x03, sp)
      00005F F7               [ 1]   98 	ld	(x), a
                                     99 ;	/home/grytole/dev/git/stm8builder/stm8builder/stdperiph_driver/src/stm8s_tim4.tim4_prescalerconfig.c: 74: TIM4->EGR = (uint8_t)TIM4_PSCReloadMode;
      000060 AE 53 45         [ 2]  100 	ldw	x, #0x5345
      000063 7B 04            [ 1]  101 	ld	a, (0x04, sp)
      000065 F7               [ 1]  102 	ld	(x), a
      000066 81               [ 4]  103 	ret
                                    104 	.area CODE
      000067                        105 ___str_0:
      000067 2F 68 6F 6D 65 2F 67   106 	.ascii "/home/grytole/dev/git/stm8builder/stm8builder/stdperiph_driv"
             72 79 74 6F 6C 65 2F
             64 65 76 2F 67 69 74
             2F 73 74 6D 38 62 75
             69 6C 64 65 72 2F 73
             74 6D 38 62 75 69 6C
             64 65 72 2F 73 74 64
             70 65 72 69 70 68 5F
             64 72 69 76
      0000A3 65 72 2F 73 72 63 2F   107 	.ascii "er/src/stm8s_tim4.tim4_prescalerconfig.c"
             73 74 6D 38 73 5F 74
             69 6D 34 2E 74 69 6D
             34 5F 70 72 65 73 63
             61 6C 65 72 63 6F 6E
             66 69 67 2E 63
      0000CB 00                     108 	.db 0x00
                                    109 	.area INITIALIZER
                                    110 	.area CABS (ABS)
