                                      1 ;--------------------------------------------------------
                                      2 ; File Created by SDCC : free open source ANSI-C Compiler
                                      3 ; Version 3.5.0 #9253 (Mar 24 2016) (Linux)
                                      4 ; This file was generated Tue Dec 12 21:28:12 2017
                                      5 ;--------------------------------------------------------
                                      6 	.module stm8s_adc1_adc1_externaltriggerconfig
                                      7 	.optsdcc -mstm8
                                      8 	
                                      9 ;--------------------------------------------------------
                                     10 ; Public variables in this module
                                     11 ;--------------------------------------------------------
                                     12 	.globl _assert_failed
                                     13 	.globl _ADC1_ExternalTriggerConfig
                                     14 ;--------------------------------------------------------
                                     15 ; ram data
                                     16 ;--------------------------------------------------------
                                     17 	.area DATA
                                     18 ;--------------------------------------------------------
                                     19 ; ram data
                                     20 ;--------------------------------------------------------
                                     21 	.area INITIALIZED
                                     22 ;--------------------------------------------------------
                                     23 ; absolute external ram data
                                     24 ;--------------------------------------------------------
                                     25 	.area DABS (ABS)
                                     26 ;--------------------------------------------------------
                                     27 ; global & static initialisations
                                     28 ;--------------------------------------------------------
                                     29 	.area HOME
                                     30 	.area GSINIT
                                     31 	.area GSFINAL
                                     32 	.area GSINIT
                                     33 ;--------------------------------------------------------
                                     34 ; Home
                                     35 ;--------------------------------------------------------
                                     36 	.area HOME
                                     37 	.area HOME
                                     38 ;--------------------------------------------------------
                                     39 ; code
                                     40 ;--------------------------------------------------------
                                     41 	.area CODE
                                     42 ;	/home/grytole/dev/git/stm8builder/stm8builder/stdperiph_driver/src/stm8s_adc1.adc1_externaltriggerconfig.c: 57: void ADC1_ExternalTriggerConfig(ADC1_ExtTrig_TypeDef ADC1_ExtTrigger, FunctionalState NewState)
                                     43 ;	-----------------------------------------
                                     44 ;	 function ADC1_ExternalTriggerConfig
                                     45 ;	-----------------------------------------
      000000                         46 _ADC1_ExternalTriggerConfig:
                                     47 ;	/home/grytole/dev/git/stm8builder/stm8builder/stdperiph_driver/src/stm8s_adc1.adc1_externaltriggerconfig.c: 60: assert_param(IS_ADC1_EXTTRIG_OK(ADC1_ExtTrigger));
      000000 0D 03            [ 1]   48 	tnz	(0x03, sp)
      000002 27 17            [ 1]   49 	jreq	00107$
      000004 7B 03            [ 1]   50 	ld	a, (0x03, sp)
      000006 A1 10            [ 1]   51 	cp	a, #0x10
      000008 27 11            [ 1]   52 	jreq	00107$
      00000A 90 AEr00r5C      [ 2]   53 	ldw	y, #___str_0+0
      00000E 4B 3C            [ 1]   54 	push	#0x3c
      000010 5F               [ 1]   55 	clrw	x
      000011 89               [ 2]   56 	pushw	x
      000012 4B 00            [ 1]   57 	push	#0x00
      000014 90 89            [ 2]   58 	pushw	y
      000016 CDr00r00         [ 4]   59 	call	_assert_failed
      000019 5B 06            [ 2]   60 	addw	sp, #6
      00001B                         61 00107$:
                                     62 ;	/home/grytole/dev/git/stm8builder/stm8builder/stdperiph_driver/src/stm8s_adc1.adc1_externaltriggerconfig.c: 61: assert_param(IS_FUNCTIONALSTATE_OK(NewState));
      00001B 0D 04            [ 1]   63 	tnz	(0x04, sp)
      00001D 27 17            [ 1]   64 	jreq	00112$
      00001F 7B 04            [ 1]   65 	ld	a, (0x04, sp)
      000021 A1 01            [ 1]   66 	cp	a, #0x01
      000023 27 11            [ 1]   67 	jreq	00112$
      000025 90 AEr00r5C      [ 2]   68 	ldw	y, #___str_0+0
      000029 4B 3D            [ 1]   69 	push	#0x3d
      00002B 5F               [ 1]   70 	clrw	x
      00002C 89               [ 2]   71 	pushw	x
      00002D 4B 00            [ 1]   72 	push	#0x00
      00002F 90 89            [ 2]   73 	pushw	y
      000031 CDr00r00         [ 4]   74 	call	_assert_failed
      000034 5B 06            [ 2]   75 	addw	sp, #6
      000036                         76 00112$:
                                     77 ;	/home/grytole/dev/git/stm8builder/stm8builder/stdperiph_driver/src/stm8s_adc1.adc1_externaltriggerconfig.c: 64: ADC1->CR2 &= (uint8_t)(~ADC1_CR2_EXTSEL);
      000036 AE 54 02         [ 2]   78 	ldw	x, #0x5402
      000039 F6               [ 1]   79 	ld	a, (x)
      00003A A4 CF            [ 1]   80 	and	a, #0xcf
      00003C F7               [ 1]   81 	ld	(x), a
                                     82 ;	/home/grytole/dev/git/stm8builder/stm8builder/stdperiph_driver/src/stm8s_adc1.adc1_externaltriggerconfig.c: 66: if (NewState != DISABLE)
      00003D 0D 04            [ 1]   83 	tnz	(0x04, sp)
      00003F 27 09            [ 1]   84 	jreq	00102$
                                     85 ;	/home/grytole/dev/git/stm8builder/stm8builder/stdperiph_driver/src/stm8s_adc1.adc1_externaltriggerconfig.c: 69: ADC1->CR2 |= (uint8_t)(ADC1_CR2_EXTTRIG);
      000041 AE 54 02         [ 2]   86 	ldw	x, #0x5402
      000044 F6               [ 1]   87 	ld	a, (x)
      000045 AA 40            [ 1]   88 	or	a, #0x40
      000047 F7               [ 1]   89 	ld	(x), a
      000048 20 07            [ 2]   90 	jra	00103$
      00004A                         91 00102$:
                                     92 ;	/home/grytole/dev/git/stm8builder/stm8builder/stdperiph_driver/src/stm8s_adc1.adc1_externaltriggerconfig.c: 74: ADC1->CR2 &= (uint8_t)(~ADC1_CR2_EXTTRIG);
      00004A AE 54 02         [ 2]   93 	ldw	x, #0x5402
      00004D F6               [ 1]   94 	ld	a, (x)
      00004E A4 BF            [ 1]   95 	and	a, #0xbf
      000050 F7               [ 1]   96 	ld	(x), a
      000051                         97 00103$:
                                     98 ;	/home/grytole/dev/git/stm8builder/stm8builder/stdperiph_driver/src/stm8s_adc1.adc1_externaltriggerconfig.c: 78: ADC1->CR2 |= (uint8_t)(ADC1_ExtTrigger);
      000051 AE 54 02         [ 2]   99 	ldw	x, #0x5402
      000054 F6               [ 1]  100 	ld	a, (x)
      000055 1A 03            [ 1]  101 	or	a, (0x03, sp)
      000057 AE 54 02         [ 2]  102 	ldw	x, #0x5402
      00005A F7               [ 1]  103 	ld	(x), a
      00005B 81               [ 4]  104 	ret
                                    105 	.area CODE
      00005C                        106 ___str_0:
      00005C 2F 68 6F 6D 65 2F 67   107 	.ascii "/home/grytole/dev/git/stm8builder/stm8builder/stdperiph_driv"
             72 79 74 6F 6C 65 2F
             64 65 76 2F 67 69 74
             2F 73 74 6D 38 62 75
             69 6C 64 65 72 2F 73
             74 6D 38 62 75 69 6C
             64 65 72 2F 73 74 64
             70 65 72 69 70 68 5F
             64 72 69 76
      000098 65 72 2F 73 72 63 2F   108 	.ascii "er/src/stm8s_adc1.adc1_externaltriggerconfig.c"
             73 74 6D 38 73 5F 61
             64 63 31 2E 61 64 63
             31 5F 65 78 74 65 72
             6E 61 6C 74 72 69 67
             67 65 72 63 6F 6E 66
             69 67 2E 63
      0000C6 00                     109 	.db 0x00
                                    110 	.area INITIALIZER
                                    111 	.area CABS (ABS)
