                                      1 ;--------------------------------------------------------
                                      2 ; File Created by SDCC : free open source ANSI-C Compiler
                                      3 ; Version 3.5.0 #9253 (Mar 24 2016) (Linux)
                                      4 ; This file was generated Tue Dec 12 21:28:19 2017
                                      5 ;--------------------------------------------------------
                                      6 	.module blink
                                      7 	.optsdcc -mstm8
                                      8 	
                                      9 ;--------------------------------------------------------
                                     10 ; Public variables in this module
                                     11 ;--------------------------------------------------------
                                     12 	.globl _main
                                     13 	.globl _delay
                                     14 	.globl _GPIO_WriteReverse
                                     15 	.globl _GPIO_Init
                                     16 	.globl _period
                                     17 ;--------------------------------------------------------
                                     18 ; ram data
                                     19 ;--------------------------------------------------------
                                     20 	.area DATA
                                     21 ;--------------------------------------------------------
                                     22 ; ram data
                                     23 ;--------------------------------------------------------
                                     24 	.area INITIALIZED
      000000                         25 _period::
      000000                         26 	.ds 2
                                     27 ;--------------------------------------------------------
                                     28 ; Stack segment in internal ram 
                                     29 ;--------------------------------------------------------
                                     30 	.area	SSEG
      000000                         31 __start__stack:
      000000                         32 	.ds	1
                                     33 
                                     34 ;--------------------------------------------------------
                                     35 ; absolute external ram data
                                     36 ;--------------------------------------------------------
                                     37 	.area DABS (ABS)
                                     38 ;--------------------------------------------------------
                                     39 ; interrupt vector 
                                     40 ;--------------------------------------------------------
                                     41 	.area HOME
      000000                         42 __interrupt_vect:
      000000 82v00u00u00             43 	int s_GSINIT ;reset
      000004 82 00 00 00             44 	int 0x0000 ;trap
      000008 82 00 00 00             45 	int 0x0000 ;int0
      00000C 82 00 00 00             46 	int 0x0000 ;int1
      000010 82 00 00 00             47 	int 0x0000 ;int2
      000014 82 00 00 00             48 	int 0x0000 ;int3
      000018 82 00 00 00             49 	int 0x0000 ;int4
      00001C 82 00 00 00             50 	int 0x0000 ;int5
      000020 82 00 00 00             51 	int 0x0000 ;int6
      000024 82 00 00 00             52 	int 0x0000 ;int7
      000028 82 00 00 00             53 	int 0x0000 ;int8
      00002C 82 00 00 00             54 	int 0x0000 ;int9
      000030 82 00 00 00             55 	int 0x0000 ;int10
      000034 82 00 00 00             56 	int 0x0000 ;int11
      000038 82 00 00 00             57 	int 0x0000 ;int12
      00003C 82 00 00 00             58 	int 0x0000 ;int13
      000040 82 00 00 00             59 	int 0x0000 ;int14
      000044 82 00 00 00             60 	int 0x0000 ;int15
      000048 82 00 00 00             61 	int 0x0000 ;int16
      00004C 82 00 00 00             62 	int 0x0000 ;int17
      000050 82 00 00 00             63 	int 0x0000 ;int18
      000054 82 00 00 00             64 	int 0x0000 ;int19
      000058 82 00 00 00             65 	int 0x0000 ;int20
      00005C 82 00 00 00             66 	int 0x0000 ;int21
      000060 82 00 00 00             67 	int 0x0000 ;int22
      000064 82 00 00 00             68 	int 0x0000 ;int23
      000068 82 00 00 00             69 	int 0x0000 ;int24
      00006C 82 00 00 00             70 	int 0x0000 ;int25
      000070 82 00 00 00             71 	int 0x0000 ;int26
      000074 82 00 00 00             72 	int 0x0000 ;int27
      000078 82 00 00 00             73 	int 0x0000 ;int28
      00007C 82 00 00 00             74 	int 0x0000 ;int29
                                     75 ;--------------------------------------------------------
                                     76 ; global & static initialisations
                                     77 ;--------------------------------------------------------
                                     78 	.area HOME
                                     79 	.area GSINIT
                                     80 	.area GSFINAL
                                     81 	.area GSINIT
      000000                         82 __sdcc_gs_init_startup:
      000000                         83 __sdcc_init_data:
                                     84 ; stm8_genXINIT() start
      000000 AEr00r00         [ 2]   85 	ldw x, #l_DATA
      000003 27 07            [ 1]   86 	jreq	00002$
      000005                         87 00001$:
      000005 72 4FuFFuFF      [ 1]   88 	clr (s_DATA - 1, x)
      000009 5A               [ 2]   89 	decw x
      00000A 26 F9            [ 1]   90 	jrne	00001$
      00000C                         91 00002$:
      00000C AEr00r00         [ 2]   92 	ldw	x, #l_INITIALIZER
      00000F 27 09            [ 1]   93 	jreq	00004$
      000011                         94 00003$:
      000011 D6uFFuFF         [ 1]   95 	ld	a, (s_INITIALIZER - 1, x)
      000014 D7uFFuFF         [ 1]   96 	ld	(s_INITIALIZED - 1, x), a
      000017 5A               [ 2]   97 	decw	x
      000018 26 F7            [ 1]   98 	jrne	00003$
      00001A                         99 00004$:
                                    100 ; stm8_genXINIT() end
                                    101 	.area GSFINAL
      000000 CCr00r80         [ 2]  102 	jp	__sdcc_program_startup
                                    103 ;--------------------------------------------------------
                                    104 ; Home
                                    105 ;--------------------------------------------------------
                                    106 	.area HOME
                                    107 	.area HOME
      000080                        108 __sdcc_program_startup:
      000080 CCr00r09         [ 2]  109 	jp	_main
                                    110 ;	return from main will return to caller
                                    111 ;--------------------------------------------------------
                                    112 ; code
                                    113 ;--------------------------------------------------------
                                    114 	.area CODE
                                    115 ;	blink.c: 9: void delay(uint16_t ticks) {
                                    116 ;	-----------------------------------------
                                    117 ;	 function delay
                                    118 ;	-----------------------------------------
      000000                        119 _delay:
                                    120 ;	blink.c: 10: while (ticks != 0) {
      000000 1E 03            [ 2]  121 	ldw	x, (0x03, sp)
      000002                        122 00101$:
      000002 5D               [ 2]  123 	tnzw	x
      000003 27 03            [ 1]  124 	jreq	00104$
                                    125 ;	blink.c: 11: ticks--;
      000005 5A               [ 2]  126 	decw	x
      000006 20 FA            [ 2]  127 	jra	00101$
      000008                        128 00104$:
      000008 81               [ 4]  129 	ret
                                    130 ;	blink.c: 15: void main(void) {
                                    131 ;	-----------------------------------------
                                    132 ;	 function main
                                    133 ;	-----------------------------------------
      000009                        134 _main:
                                    135 ;	blink.c: 17: GPIO_Init(GPIOB, GPIO_PIN_5, GPIO_MODE_OUT_PP_LOW_FAST);
      000009 4B E0            [ 1]  136 	push	#0xe0
      00000B 4B 20            [ 1]  137 	push	#0x20
      00000D 4B 05            [ 1]  138 	push	#0x05
      00000F 4B 50            [ 1]  139 	push	#0x50
      000011 CDr00r00         [ 4]  140 	call	_GPIO_Init
      000014 5B 04            [ 2]  141 	addw	sp, #4
                                    142 ;	blink.c: 19: while (1) {
      000016                        143 00102$:
                                    144 ;	blink.c: 20: GPIO_WriteReverse(GPIOB, GPIO_PIN_5);
      000016 4B 20            [ 1]  145 	push	#0x20
      000018 4B 05            [ 1]  146 	push	#0x05
      00001A 4B 50            [ 1]  147 	push	#0x50
      00001C CDr00r00         [ 4]  148 	call	_GPIO_WriteReverse
      00001F 5B 03            [ 2]  149 	addw	sp, #3
                                    150 ;	blink.c: 21: delay(period);
      000021 CEu00u00         [ 2]  151 	ldw	x, _period+0
      000024 89               [ 2]  152 	pushw	x
      000025 CDr00r00         [ 4]  153 	call	_delay
      000028 85               [ 2]  154 	popw	x
      000029 20 EB            [ 2]  155 	jra	00102$
      00002B 81               [ 4]  156 	ret
                                    157 	.area CODE
                                    158 	.area INITIALIZER
      000000                        159 __xinit__period:
      000000 FF FF                  160 	.dw #0xFFFF
                                    161 	.area CABS (ABS)
